2025-12-07 10:53:15.640 [background-preinit] INFO  o.h.validator.internal.util.Version - HV000001: Hibernate Validator 6.2.5.Final
2025-12-07 10:53:15.679 [restartedMain] INFO  c.v.m.MiniProjectJavaApplication - Starting MiniProjectJavaApplication using Java 1.8.0_462 on Admin-PC with PID 1444 (F:\BE-QLBH\target\classes started by Admin in F:\BE-QLBH)
2025-12-07 10:53:15.687 [restartedMain] INFO  c.v.m.MiniProjectJavaApplication - No active profile set, falling back to 1 default profile: "default"
2025-12-07 10:53:15.778 [restartedMain] INFO  o.s.b.d.e.DevToolsPropertyDefaultsPostProcessor - Devtools property defaults active! Set 'spring.devtools.add-properties' to 'false' to disable
2025-12-07 10:53:15.778 [restartedMain] INFO  o.s.b.d.e.DevToolsPropertyDefaultsPostProcessor - For additional web related logging consider setting the 'logging.level.web' property to 'DEBUG'
2025-12-07 10:53:18.418 [restartedMain] INFO  o.s.d.r.c.RepositoryConfigurationDelegate - Bootstrapping Spring Data JPA repositories in DEFAULT mode.
2025-12-07 10:53:18.565 [restartedMain] INFO  o.s.d.r.c.RepositoryConfigurationDelegate - Finished Spring Data repository scanning in 131 ms. Found 17 JPA repository interfaces.
2025-12-07 10:53:20.550 [restartedMain] INFO  o.s.b.w.e.tomcat.TomcatWebServer - Tomcat initialized with port(s): 8080 (http)
2025-12-07 10:53:20.563 [restartedMain] INFO  o.a.coyote.http11.Http11NioProtocol - Initializing ProtocolHandler ["http-nio-8080"]
2025-12-07 10:53:20.563 [restartedMain] INFO  o.a.catalina.core.StandardService - Starting service [Tomcat]
2025-12-07 10:53:20.563 [restartedMain] INFO  o.a.catalina.core.StandardEngine - Starting Servlet engine: [Apache Tomcat/9.0.71]
2025-12-07 10:53:20.744 [restartedMain] INFO  o.a.c.c.C.[Tomcat].[localhost].[/] - Initializing Spring embedded WebApplicationContext
2025-12-07 10:53:20.745 [restartedMain] INFO  o.s.b.w.s.c.ServletWebServerApplicationContext - Root WebApplicationContext: initialization completed in 4953 ms
2025-12-07 10:53:21.029 [restartedMain] INFO  com.zaxxer.hikari.HikariDataSource - HikariPool-1 - Starting...
2025-12-07 10:53:21.318 [restartedMain] INFO  com.zaxxer.hikari.HikariDataSource - HikariPool-1 - Start completed.
2025-12-07 10:53:21.351 [restartedMain] INFO  o.s.b.a.h.H2ConsoleAutoConfiguration - H2 console available at '/h2-console'. Database available at 'jdbc:mysql://localhost:3306/datn?useUnicode=yes&characterEncoding=UTF-8&allowPublicKeyRetrieval=true&useSSL=false'
2025-12-07 10:53:21.765 [restartedMain] INFO  o.h.jpa.internal.util.LogHelper - HHH000204: Processing PersistenceUnitInfo [name: default]
2025-12-07 10:53:21.867 [restartedMain] INFO  org.hibernate.Version - HHH000412: Hibernate ORM core version 5.6.15.Final
2025-12-07 10:53:22.209 [restartedMain] INFO  o.h.annotations.common.Version - HCANN000001: Hibernate Commons Annotations {5.1.2.Final}
2025-12-07 10:53:22.508 [restartedMain] INFO  org.hibernate.dialect.Dialect - HHH000400: Using dialect: org.hibernate.dialect.MySQL8Dialect
2025-12-07 10:53:24.269 [restartedMain] INFO  o.h.e.t.j.p.i.JtaPlatformInitiator - HHH000490: Using JtaPlatform implementation: [org.hibernate.engine.transaction.jta.platform.internal.NoJtaPlatform]
2025-12-07 10:53:24.285 [restartedMain] INFO  o.s.o.j.LocalContainerEntityManagerFactoryBean - Initialized JPA EntityManagerFactory for persistence unit 'default'
2025-12-07 10:53:24.786 [restartedMain] WARN  o.s.b.a.o.j.JpaBaseConfiguration$JpaWebConfiguration - spring.jpa.open-in-view is enabled by default. Therefore, database queries may be performed during view rendering. Explicitly configure spring.jpa.open-in-view to disable this warning
2025-12-07 10:53:26.295 [restartedMain] WARN  o.s.b.a.s.s.UserDetailsServiceAutoConfiguration - 

Using generated security password: 9734f984-2f64-47bd-8653-a6f9966318e5

This generated password is for development use only. Your security configuration must be updated before running your application in production.

2025-12-07 10:53:26.486 [restartedMain] INFO  o.s.s.web.DefaultSecurityFilterChain - Will secure any request with [org.springframework.security.web.session.DisableEncodeUrlFilter@9d11c2d, org.springframework.security.web.context.request.async.WebAsyncManagerIntegrationFilter@79f2e77c, org.springframework.security.web.context.SecurityContextPersistenceFilter@692ffa04, org.springframework.security.web.header.HeaderWriterFilter@1001db55, org.springframework.security.web.authentication.logout.LogoutFilter@4a196f80, org.springframework.security.web.savedrequest.RequestCacheAwareFilter@c029069, org.springframework.security.web.servletapi.SecurityContextHolderAwareRequestFilter@54e3004a, org.springframework.security.web.authentication.AnonymousAuthenticationFilter@e4bafea, org.springframework.security.web.session.SessionManagementFilter@53362df4, org.springframework.security.web.access.ExceptionTranslationFilter@17d1271f, org.springframework.security.web.access.intercept.FilterSecurityInterceptor@4febb057]
2025-12-07 10:53:30.591 [restartedMain] INFO  o.s.b.d.a.OptionalLiveReloadServer - LiveReload server is running on port 35729
2025-12-07 10:53:30.595 [restartedMain] INFO  o.s.b.a.e.web.EndpointLinksResolver - Exposing 1 endpoint(s) beneath base path '/actuator'
2025-12-07 10:53:30.649 [restartedMain] INFO  o.a.coyote.http11.Http11NioProtocol - Starting ProtocolHandler ["http-nio-8080"]
2025-12-07 10:53:30.664 [restartedMain] INFO  o.s.b.w.e.tomcat.TomcatWebServer - Tomcat started on port(s): 8080 (http) with context path ''
2025-12-07 10:53:30.688 [restartedMain] INFO  c.v.m.MiniProjectJavaApplication - Started MiniProjectJavaApplication in 15.853 seconds (JVM running for 29.066)
2025-12-07 10:53:30.776 [http-nio-8080-exec-1] INFO  o.a.c.c.C.[Tomcat].[localhost].[/] - Initializing Spring DispatcherServlet 'dispatcherServlet'
2025-12-07 10:53:30.776 [http-nio-8080-exec-1] INFO  o.s.web.servlet.DispatcherServlet - Initializing Servlet 'dispatcherServlet'
2025-12-07 10:53:30.776 [http-nio-8080-exec-1] INFO  o.s.web.servlet.DispatcherServlet - Completed initialization in 0 ms
2025-12-07 10:54:59.033 [http-nio-8080-exec-8] INFO  c.v.m.r.AccountController - Người dùng [demo_admin] đã đăng nhập thành công lúc 2025-12-07T10:54:59.033
2025-12-07 10:57:39.434 [http-nio-8080-exec-9] INFO  c.v.m.r.AccountController - Người dùng [demo_admin] đã đăng nhập thành công lúc 2025-12-07T10:57:39.434
2025-12-07 11:25:26.710 [SpringApplicationShutdownHook] INFO  o.s.o.j.LocalContainerEntityManagerFactoryBean - Closing JPA EntityManagerFactory for persistence unit 'default'
2025-12-07 11:25:27.020 [SpringApplicationShutdownHook] INFO  com.zaxxer.hikari.HikariDataSource - HikariPool-1 - Shutdown initiated...
2025-12-07 11:25:27.037 [SpringApplicationShutdownHook] INFO  com.zaxxer.hikari.HikariDataSource - HikariPool-1 - Shutdown completed.
2025-12-07 11:25:36.925 [background-preinit] INFO  o.h.validator.internal.util.Version - HV000001: Hibernate Validator 6.2.5.Final
2025-12-07 11:25:36.953 [restartedMain] INFO  c.v.m.MiniProjectJavaApplication - Starting MiniProjectJavaApplication using Java 1.8.0_462 on Admin-PC with PID 15796 (F:\BE-QLBH\target\classes started by Admin in F:\BE-QLBH)
2025-12-07 11:25:36.955 [restartedMain] INFO  c.v.m.MiniProjectJavaApplication - No active profile set, falling back to 1 default profile: "default"
2025-12-07 11:25:37.096 [restartedMain] INFO  o.s.b.d.e.DevToolsPropertyDefaultsPostProcessor - Devtools property defaults active! Set 'spring.devtools.add-properties' to 'false' to disable
2025-12-07 11:25:37.096 [restartedMain] INFO  o.s.b.d.e.DevToolsPropertyDefaultsPostProcessor - For additional web related logging consider setting the 'logging.level.web' property to 'DEBUG'
2025-12-07 11:25:38.204 [restartedMain] INFO  o.s.d.r.c.RepositoryConfigurationDelegate - Bootstrapping Spring Data JPA repositories in DEFAULT mode.
2025-12-07 11:25:38.338 [restartedMain] INFO  o.s.d.r.c.RepositoryConfigurationDelegate - Finished Spring Data repository scanning in 122 ms. Found 17 JPA repository interfaces.
2025-12-07 11:25:40.169 [restartedMain] INFO  o.s.b.w.e.tomcat.TomcatWebServer - Tomcat initialized with port(s): 8080 (http)
2025-12-07 11:25:40.194 [restartedMain] INFO  o.a.coyote.http11.Http11NioProtocol - Initializing ProtocolHandler ["http-nio-8080"]
2025-12-07 11:25:40.194 [restartedMain] INFO  o.a.catalina.core.StandardService - Starting service [Tomcat]
2025-12-07 11:25:40.194 [restartedMain] INFO  o.a.catalina.core.StandardEngine - Starting Servlet engine: [Apache Tomcat/9.0.71]
2025-12-07 11:25:40.337 [restartedMain] INFO  o.a.c.c.C.[Tomcat].[localhost].[/] - Initializing Spring embedded WebApplicationContext
2025-12-07 11:25:40.337 [restartedMain] INFO  o.s.b.w.s.c.ServletWebServerApplicationContext - Root WebApplicationContext: initialization completed in 3241 ms
2025-12-07 11:25:40.612 [restartedMain] INFO  com.zaxxer.hikari.HikariDataSource - HikariPool-1 - Starting...
2025-12-07 11:25:40.866 [restartedMain] INFO  com.zaxxer.hikari.HikariDataSource - HikariPool-1 - Start completed.
2025-12-07 11:25:40.880 [restartedMain] INFO  o.s.b.a.h.H2ConsoleAutoConfiguration - H2 console available at '/h2-console'. Database available at 'jdbc:mysql://localhost:3306/datn?useUnicode=yes&characterEncoding=UTF-8&allowPublicKeyRetrieval=true&useSSL=false'
2025-12-07 11:25:41.178 [restartedMain] INFO  o.h.jpa.internal.util.LogHelper - HHH000204: Processing PersistenceUnitInfo [name: default]
2025-12-07 11:25:41.295 [restartedMain] INFO  org.hibernate.Version - HHH000412: Hibernate ORM core version 5.6.15.Final
2025-12-07 11:25:41.691 [restartedMain] INFO  o.h.annotations.common.Version - HCANN000001: Hibernate Commons Annotations {5.1.2.Final}
2025-12-07 11:25:42.000 [restartedMain] INFO  org.hibernate.dialect.Dialect - HHH000400: Using dialect: org.hibernate.dialect.MySQL8Dialect
2025-12-07 11:25:43.482 [restartedMain] INFO  o.h.e.t.j.p.i.JtaPlatformInitiator - HHH000490: Using JtaPlatform implementation: [org.hibernate.engine.transaction.jta.platform.internal.NoJtaPlatform]
2025-12-07 11:25:43.496 [restartedMain] INFO  o.s.o.j.LocalContainerEntityManagerFactoryBean - Initialized JPA EntityManagerFactory for persistence unit 'default'
2025-12-07 11:25:43.881 [restartedMain] WARN  o.s.b.a.o.j.JpaBaseConfiguration$JpaWebConfiguration - spring.jpa.open-in-view is enabled by default. Therefore, database queries may be performed during view rendering. Explicitly configure spring.jpa.open-in-view to disable this warning
2025-12-07 11:25:45.231 [restartedMain] WARN  o.s.b.a.s.s.UserDetailsServiceAutoConfiguration - 

Using generated security password: c310b7cd-deea-4121-bccb-ecef63c7edb5

This generated password is for development use only. Your security configuration must be updated before running your application in production.

2025-12-07 11:25:45.400 [restartedMain] INFO  o.s.s.web.DefaultSecurityFilterChain - Will secure any request with [org.springframework.security.web.session.DisableEncodeUrlFilter@3f4fef2c, org.springframework.security.web.context.request.async.WebAsyncManagerIntegrationFilter@1932f78c, org.springframework.security.web.context.SecurityContextPersistenceFilter@7cd6776, org.springframework.security.web.header.HeaderWriterFilter@351d4aca, org.springframework.security.web.authentication.logout.LogoutFilter@45b29523, org.springframework.security.web.savedrequest.RequestCacheAwareFilter@34bc306f, org.springframework.security.web.servletapi.SecurityContextHolderAwareRequestFilter@36353031, org.springframework.security.web.authentication.AnonymousAuthenticationFilter@33dfb1e6, org.springframework.security.web.session.SessionManagementFilter@41be6e0f, org.springframework.security.web.access.ExceptionTranslationFilter@2e727919, org.springframework.security.web.access.intercept.FilterSecurityInterceptor@65ab6942]
2025-12-07 11:25:46.636 [restartedMain] INFO  o.s.b.d.a.OptionalLiveReloadServer - LiveReload server is running on port 35729
2025-12-07 11:25:46.646 [restartedMain] INFO  o.s.b.a.e.web.EndpointLinksResolver - Exposing 1 endpoint(s) beneath base path '/actuator'
2025-12-07 11:25:46.684 [restartedMain] INFO  o.a.coyote.http11.Http11NioProtocol - Starting ProtocolHandler ["http-nio-8080"]
2025-12-07 11:25:46.692 [restartedMain] INFO  o.s.b.w.e.tomcat.TomcatWebServer - Tomcat started on port(s): 8080 (http) with context path ''
2025-12-07 11:25:46.716 [restartedMain] INFO  c.v.m.MiniProjectJavaApplication - Started MiniProjectJavaApplication in 10.558 seconds (JVM running for 11.822)
2025-12-07 11:25:54.538 [http-nio-8080-exec-2] INFO  o.a.c.c.C.[Tomcat].[localhost].[/] - Initializing Spring DispatcherServlet 'dispatcherServlet'
2025-12-07 11:25:54.539 [http-nio-8080-exec-2] INFO  o.s.web.servlet.DispatcherServlet - Initializing Servlet 'dispatcherServlet'
2025-12-07 11:25:54.541 [http-nio-8080-exec-2] INFO  o.s.web.servlet.DispatcherServlet - Completed initialization in 2 ms
2025-12-07 12:09:42.586 [http-nio-8080-exec-9] INFO  c.v.m.r.AccountController - Người dùng [demo_admin] đã đăng nhập thành công lúc 2025-12-07T12:09:42.586
2025-12-07 12:11:52.848 [http-nio-8080-exec-1] INFO  c.v.m.r.AccountController - Người dùng [demo_user1] đã đăng nhập thành công lúc 2025-12-07T12:11:52.848
2025-12-07 12:39:15.779 [http-nio-8080-exec-8] INFO  c.v.m.r.AccountController - Người dùng [demo_admin] đã đăng nhập thành công lúc 2025-12-07T12:39:15.779
2025-12-07 12:55:43.166 [http-nio-8080-exec-6] INFO  c.v.m.restcontroller.OrderController - Người dùng 'unknown' đã mua 1 Đơn Vị Sản Phẩm 'iPhone 15 Pro Max 256GB' Vào Gio Hang.
2025-12-07 12:55:43.166 [http-nio-8080-exec-6] INFO  c.v.m.restcontroller.OrderController - Người dùng 'unknown' đã mua 1 Đơn Vị Sản Phẩm 'iPhone 15 Pro Max 256GB' Vào Gio Hang.
2025-12-07 12:55:44.113 [http-nio-8080-exec-2] INFO  c.v.m.restcontroller.OrderController - Người dùng 'unknown' đã mua 1 Đơn Vị Sản Phẩm 'iPhone 14 Plus 128GB' Vào Gio Hang.
2025-12-07 12:55:44.113 [http-nio-8080-exec-2] INFO  c.v.m.restcontroller.OrderController - Người dùng 'unknown' đã mua 1 Đơn Vị Sản Phẩm 'iPhone 14 Plus 128GB' Vào Gio Hang.
2025-12-07 12:55:44.878 [http-nio-8080-exec-9] INFO  c.v.m.restcontroller.OrderController - Người dùng 'unknown' đã mua 1 Đơn Vị Sản Phẩm 'Samsung Galaxy S24 Ultra 512GB' Vào Gio Hang.
2025-12-07 12:55:44.878 [http-nio-8080-exec-9] INFO  c.v.m.restcontroller.OrderController - Người dùng 'unknown' đã mua 1 Đơn Vị Sản Phẩm 'Samsung Galaxy S24 Ultra 512GB' Vào Gio Hang.
2025-12-07 12:55:48.103 [http-nio-8080-exec-10] INFO  c.v.m.restcontroller.OrderController - Người dùng 'unknown' đã mua 1 Đơn Vị Sản Phẩm 'Samsung Galaxy A54 5G' Vào Gio Hang.
2025-12-07 12:55:48.104 [http-nio-8080-exec-10] INFO  c.v.m.restcontroller.OrderController - Người dùng 'unknown' đã mua 1 Đơn Vị Sản Phẩm 'Samsung Galaxy A54 5G' Vào Gio Hang.
2025-12-07 12:58:07.599 [SpringApplicationShutdownHook] INFO  o.s.o.j.LocalContainerEntityManagerFactoryBean - Closing JPA EntityManagerFactory for persistence unit 'default'
2025-12-07 12:58:07.611 [SpringApplicationShutdownHook] INFO  com.zaxxer.hikari.HikariDataSource - HikariPool-1 - Shutdown initiated...
2025-12-07 12:58:07.614 [SpringApplicationShutdownHook] INFO  com.zaxxer.hikari.HikariDataSource - HikariPool-1 - Shutdown completed.
2025-12-07 19:50:29.008 [background-preinit] INFO  o.h.validator.internal.util.Version - HV000001: Hibernate Validator 6.2.5.Final
2025-12-07 19:50:29.032 [restartedMain] INFO  c.v.m.MiniProjectJavaApplication - Starting MiniProjectJavaApplication using Java 1.8.0_462 on Admin-PC with PID 8864 (F:\BE-QLBH\target\classes started by Admin in F:\BE-QLBH)
2025-12-07 19:50:29.051 [restartedMain] INFO  c.v.m.MiniProjectJavaApplication - No active profile set, falling back to 1 default profile: "default"
2025-12-07 19:50:29.139 [restartedMain] INFO  o.s.b.d.e.DevToolsPropertyDefaultsPostProcessor - Devtools property defaults active! Set 'spring.devtools.add-properties' to 'false' to disable
2025-12-07 19:50:29.139 [restartedMain] INFO  o.s.b.d.e.DevToolsPropertyDefaultsPostProcessor - For additional web related logging consider setting the 'logging.level.web' property to 'DEBUG'
2025-12-07 19:50:30.544 [restartedMain] INFO  o.s.d.r.c.RepositoryConfigurationDelegate - Bootstrapping Spring Data JPA repositories in DEFAULT mode.
2025-12-07 19:50:30.685 [restartedMain] INFO  o.s.d.r.c.RepositoryConfigurationDelegate - Finished Spring Data repository scanning in 129 ms. Found 17 JPA repository interfaces.
2025-12-07 19:50:32.863 [restartedMain] INFO  o.s.b.w.e.tomcat.TomcatWebServer - Tomcat initialized with port(s): 8080 (http)
2025-12-07 19:50:32.877 [restartedMain] INFO  o.a.coyote.http11.Http11NioProtocol - Initializing ProtocolHandler ["http-nio-8080"]
2025-12-07 19:50:32.877 [restartedMain] INFO  o.a.catalina.core.StandardService - Starting service [Tomcat]
2025-12-07 19:50:32.877 [restartedMain] INFO  o.a.catalina.core.StandardEngine - Starting Servlet engine: [Apache Tomcat/9.0.71]
2025-12-07 19:50:33.000 [restartedMain] INFO  o.a.c.c.C.[Tomcat].[localhost].[/] - Initializing Spring embedded WebApplicationContext
2025-12-07 19:50:33.000 [restartedMain] INFO  o.s.b.w.s.c.ServletWebServerApplicationContext - Root WebApplicationContext: initialization completed in 3825 ms
2025-12-07 19:50:33.271 [restartedMain] INFO  com.zaxxer.hikari.HikariDataSource - HikariPool-1 - Starting...
2025-12-07 19:50:33.633 [restartedMain] INFO  com.zaxxer.hikari.HikariDataSource - HikariPool-1 - Start completed.
2025-12-07 19:50:33.650 [restartedMain] INFO  o.s.b.a.h.H2ConsoleAutoConfiguration - H2 console available at '/h2-console'. Database available at 'jdbc:mysql://localhost:3306/datn?useUnicode=yes&characterEncoding=UTF-8&allowPublicKeyRetrieval=true&useSSL=false'
2025-12-07 19:50:33.819 [restartedMain] WARN  o.a.c.c.C.[Tomcat].[localhost].[/] - Cannot deserialize session attribute [cart] for session [EB4DD140EA06AE752FD965C037A55A62]
2025-12-07 19:50:33.971 [restartedMain] INFO  o.h.jpa.internal.util.LogHelper - HHH000204: Processing PersistenceUnitInfo [name: default]
2025-12-07 19:50:34.094 [restartedMain] INFO  org.hibernate.Version - HHH000412: Hibernate ORM core version 5.6.15.Final
2025-12-07 19:50:34.383 [restartedMain] INFO  o.h.annotations.common.Version - HCANN000001: Hibernate Commons Annotations {5.1.2.Final}
2025-12-07 19:50:34.599 [restartedMain] INFO  org.hibernate.dialect.Dialect - HHH000400: Using dialect: org.hibernate.dialect.MySQL8Dialect
2025-12-07 19:50:36.320 [restartedMain] INFO  o.h.e.t.j.p.i.JtaPlatformInitiator - HHH000490: Using JtaPlatform implementation: [org.hibernate.engine.transaction.jta.platform.internal.NoJtaPlatform]
2025-12-07 19:50:36.337 [restartedMain] INFO  o.s.o.j.LocalContainerEntityManagerFactoryBean - Initialized JPA EntityManagerFactory for persistence unit 'default'
2025-12-07 19:50:36.809 [restartedMain] WARN  o.s.b.a.o.j.JpaBaseConfiguration$JpaWebConfiguration - spring.jpa.open-in-view is enabled by default. Therefore, database queries may be performed during view rendering. Explicitly configure spring.jpa.open-in-view to disable this warning
2025-12-07 19:50:38.439 [restartedMain] WARN  o.s.b.a.s.s.UserDetailsServiceAutoConfiguration - 

Using generated security password: cb688e37-cb5d-4a90-b287-7d3663b3b4b8

This generated password is for development use only. Your security configuration must be updated before running your application in production.

2025-12-07 19:50:38.700 [restartedMain] INFO  o.s.s.web.DefaultSecurityFilterChain - Will secure any request with [org.springframework.security.web.session.DisableEncodeUrlFilter@4a558b74, org.springframework.security.web.context.request.async.WebAsyncManagerIntegrationFilter@5e5953e3, org.springframework.security.web.context.SecurityContextPersistenceFilter@11a9c25c, org.springframework.security.web.header.HeaderWriterFilter@1c595f7f, org.springframework.security.web.authentication.logout.LogoutFilter@6d045259, org.springframework.security.web.savedrequest.RequestCacheAwareFilter@35ee4049, org.springframework.security.web.servletapi.SecurityContextHolderAwareRequestFilter@58a230f9, org.springframework.security.web.authentication.AnonymousAuthenticationFilter@43e16bbc, org.springframework.security.web.session.SessionManagementFilter@37bcc0d7, org.springframework.security.web.access.ExceptionTranslationFilter@3da66ab4, org.springframework.security.web.access.intercept.FilterSecurityInterceptor@2625f8dd]
2025-12-07 19:50:40.737 [restartedMain] INFO  o.s.b.d.a.OptionalLiveReloadServer - LiveReload server is running on port 35729
2025-12-07 19:50:40.745 [restartedMain] INFO  o.s.b.a.e.web.EndpointLinksResolver - Exposing 1 endpoint(s) beneath base path '/actuator'
2025-12-07 19:50:40.787 [restartedMain] INFO  o.a.coyote.http11.Http11NioProtocol - Starting ProtocolHandler ["http-nio-8080"]
2025-12-07 19:50:40.803 [restartedMain] INFO  o.s.b.w.e.tomcat.TomcatWebServer - Tomcat started on port(s): 8080 (http) with context path ''
2025-12-07 19:50:40.819 [restartedMain] INFO  c.v.m.MiniProjectJavaApplication - Started MiniProjectJavaApplication in 12.742 seconds (JVM running for 14.119)
2025-12-07 19:50:43.358 [http-nio-8080-exec-2] INFO  o.a.c.c.C.[Tomcat].[localhost].[/] - Initializing Spring DispatcherServlet 'dispatcherServlet'
2025-12-07 19:50:43.358 [http-nio-8080-exec-2] INFO  o.s.web.servlet.DispatcherServlet - Initializing Servlet 'dispatcherServlet'
2025-12-07 19:50:43.366 [http-nio-8080-exec-2] INFO  o.s.web.servlet.DispatcherServlet - Completed initialization in 8 ms
2025-12-07 19:52:29.312 [http-nio-8080-exec-4] INFO  c.v.m.r.AccountController - Người dùng [demo_admin] đã đăng nhập thành công lúc 2025-12-07T19:52:29.312
2025-12-07 19:53:05.400 [http-nio-8080-exec-7] WARN  o.h.e.jdbc.spi.SqlExceptionHelper - SQL Error: 1451, SQLState: 23000
2025-12-07 19:53:05.400 [http-nio-8080-exec-7] ERROR o.h.e.jdbc.spi.SqlExceptionHelper - Cannot delete or update a parent row: a foreign key constraint fails (`datn`.`inventory`, CONSTRAINT `FKp7gj4l80fx8v0uap3b2crjwp5` FOREIGN KEY (`product_id`) REFERENCES `product` (`product_id`))
2025-12-07 19:53:05.401 [http-nio-8080-exec-7] INFO  o.h.e.j.b.internal.AbstractBatchImpl - HHH000010: On release of batch it still contained JDBC statements
2025-12-07 20:20:23.026 [SpringApplicationShutdownHook] INFO  o.s.o.j.LocalContainerEntityManagerFactoryBean - Closing JPA EntityManagerFactory for persistence unit 'default'
2025-12-07 20:20:23.044 [SpringApplicationShutdownHook] INFO  com.zaxxer.hikari.HikariDataSource - HikariPool-1 - Shutdown initiated...
2025-12-07 20:20:23.048 [SpringApplicationShutdownHook] INFO  com.zaxxer.hikari.HikariDataSource - HikariPool-1 - Shutdown completed.
2025-12-07 20:20:32.712 [background-preinit] INFO  o.h.validator.internal.util.Version - HV000001: Hibernate Validator 6.2.5.Final
2025-12-07 20:20:32.785 [restartedMain] INFO  c.v.m.MiniProjectJavaApplication - Starting MiniProjectJavaApplication using Java 1.8.0_462 on Admin-PC with PID 21496 (F:\BE-QLBH\target\classes started by Admin in F:\BE-QLBH)
2025-12-07 20:20:32.788 [restartedMain] INFO  c.v.m.MiniProjectJavaApplication - No active profile set, falling back to 1 default profile: "default"
2025-12-07 20:20:33.031 [restartedMain] INFO  o.s.b.d.e.DevToolsPropertyDefaultsPostProcessor - Devtools property defaults active! Set 'spring.devtools.add-properties' to 'false' to disable
2025-12-07 20:20:33.032 [restartedMain] INFO  o.s.b.d.e.DevToolsPropertyDefaultsPostProcessor - For additional web related logging consider setting the 'logging.level.web' property to 'DEBUG'
2025-12-07 20:20:34.672 [restartedMain] INFO  o.s.d.r.c.RepositoryConfigurationDelegate - Bootstrapping Spring Data JPA repositories in DEFAULT mode.
2025-12-07 20:20:34.817 [restartedMain] INFO  o.s.d.r.c.RepositoryConfigurationDelegate - Finished Spring Data repository scanning in 123 ms. Found 17 JPA repository interfaces.
2025-12-07 20:20:37.203 [restartedMain] INFO  o.s.b.w.e.tomcat.TomcatWebServer - Tomcat initialized with port(s): 8080 (http)
2025-12-07 20:20:37.218 [restartedMain] INFO  o.a.coyote.http11.Http11NioProtocol - Initializing ProtocolHandler ["http-nio-8080"]
2025-12-07 20:20:37.219 [restartedMain] INFO  o.a.catalina.core.StandardService - Starting service [Tomcat]
2025-12-07 20:20:37.219 [restartedMain] INFO  o.a.catalina.core.StandardEngine - Starting Servlet engine: [Apache Tomcat/9.0.71]
2025-12-07 20:20:37.357 [restartedMain] INFO  o.a.c.c.C.[Tomcat].[localhost].[/] - Initializing Spring embedded WebApplicationContext
2025-12-07 20:20:37.360 [restartedMain] INFO  o.s.b.w.s.c.ServletWebServerApplicationContext - Root WebApplicationContext: initialization completed in 4327 ms
2025-12-07 20:20:37.651 [restartedMain] INFO  com.zaxxer.hikari.HikariDataSource - HikariPool-1 - Starting...
2025-12-07 20:20:38.011 [restartedMain] INFO  com.zaxxer.hikari.HikariDataSource - HikariPool-1 - Start completed.
2025-12-07 20:20:38.027 [restartedMain] INFO  o.s.b.a.h.H2ConsoleAutoConfiguration - H2 console available at '/h2-console'. Database available at 'jdbc:mysql://localhost:3306/datn?useUnicode=yes&characterEncoding=UTF-8&allowPublicKeyRetrieval=true&useSSL=false'
2025-12-07 20:20:38.422 [restartedMain] INFO  o.h.jpa.internal.util.LogHelper - HHH000204: Processing PersistenceUnitInfo [name: default]
2025-12-07 20:20:38.510 [restartedMain] INFO  org.hibernate.Version - HHH000412: Hibernate ORM core version 5.6.15.Final
2025-12-07 20:20:38.840 [restartedMain] INFO  o.h.annotations.common.Version - HCANN000001: Hibernate Commons Annotations {5.1.2.Final}
2025-12-07 20:20:39.092 [restartedMain] INFO  org.hibernate.dialect.Dialect - HHH000400: Using dialect: org.hibernate.dialect.MySQL8Dialect
2025-12-07 20:20:40.635 [restartedMain] INFO  o.h.e.t.j.p.i.JtaPlatformInitiator - HHH000490: Using JtaPlatform implementation: [org.hibernate.engine.transaction.jta.platform.internal.NoJtaPlatform]
2025-12-07 20:20:40.649 [restartedMain] INFO  o.s.o.j.LocalContainerEntityManagerFactoryBean - Initialized JPA EntityManagerFactory for persistence unit 'default'
2025-12-07 20:20:41.002 [restartedMain] WARN  o.s.b.a.o.j.JpaBaseConfiguration$JpaWebConfiguration - spring.jpa.open-in-view is enabled by default. Therefore, database queries may be performed during view rendering. Explicitly configure spring.jpa.open-in-view to disable this warning
2025-12-07 20:20:42.632 [restartedMain] WARN  o.s.b.a.s.s.UserDetailsServiceAutoConfiguration - 

Using generated security password: 5f332cc5-3dcf-4641-b558-37bdf7f74735

This generated password is for development use only. Your security configuration must be updated before running your application in production.

2025-12-07 20:20:42.808 [restartedMain] INFO  o.s.s.web.DefaultSecurityFilterChain - Will secure any request with [org.springframework.security.web.session.DisableEncodeUrlFilter@430fc13a, org.springframework.security.web.context.request.async.WebAsyncManagerIntegrationFilter@3133051e, org.springframework.security.web.context.SecurityContextPersistenceFilter@4cbbdb4d, org.springframework.security.web.header.HeaderWriterFilter@a10b521, org.springframework.security.web.authentication.logout.LogoutFilter@2b0b78e7, org.springframework.security.web.savedrequest.RequestCacheAwareFilter@2312f730, org.springframework.security.web.servletapi.SecurityContextHolderAwareRequestFilter@45861fe5, org.springframework.security.web.authentication.AnonymousAuthenticationFilter@39b92195, org.springframework.security.web.session.SessionManagementFilter@63d020b9, org.springframework.security.web.access.ExceptionTranslationFilter@65317157, org.springframework.security.web.access.intercept.FilterSecurityInterceptor@3e0747f9]
2025-12-07 20:20:44.348 [restartedMain] INFO  o.s.b.d.a.OptionalLiveReloadServer - LiveReload server is running on port 35729
2025-12-07 20:20:44.359 [restartedMain] INFO  o.s.b.a.e.web.EndpointLinksResolver - Exposing 1 endpoint(s) beneath base path '/actuator'
2025-12-07 20:20:44.470 [restartedMain] INFO  o.a.coyote.http11.Http11NioProtocol - Starting ProtocolHandler ["http-nio-8080"]
2025-12-07 20:20:44.521 [restartedMain] INFO  o.s.b.w.e.tomcat.TomcatWebServer - Tomcat started on port(s): 8080 (http) with context path ''
2025-12-07 20:20:44.560 [restartedMain] INFO  c.v.m.MiniProjectJavaApplication - Started MiniProjectJavaApplication in 12.804 seconds (JVM running for 13.796)
2025-12-07 20:21:19.423 [http-nio-8080-exec-2] INFO  o.a.c.c.C.[Tomcat].[localhost].[/] - Initializing Spring DispatcherServlet 'dispatcherServlet'
2025-12-07 20:21:19.423 [http-nio-8080-exec-2] INFO  o.s.web.servlet.DispatcherServlet - Initializing Servlet 'dispatcherServlet'
2025-12-07 20:21:19.423 [http-nio-8080-exec-2] INFO  o.s.web.servlet.DispatcherServlet - Completed initialization in 0 ms
2025-12-07 20:22:18.533 [http-nio-8080-exec-7] WARN  o.s.w.s.m.s.DefaultHandlerExceptionResolver - Resolved [org.springframework.http.converter.HttpMessageNotReadableException: JSON parse error: Unexpected character ('}' (code 125)): expected a value; nested exception is com.fasterxml.jackson.core.JsonParseException: Unexpected character ('}' (code 125)): expected a value<EOL> at [Source: (org.springframework.util.StreamUtils$NonClosingInputStream); line: 7, column: 2]]
2025-12-07 20:24:43.826 [http-nio-8080-exec-10] INFO  c.v.m.r.AccountController - Người dùng [demo_admin] đã đăng nhập thành công lúc 2025-12-07T20:24:43.826
2025-12-07 20:25:26.691 [SpringApplicationShutdownHook] INFO  o.s.o.j.LocalContainerEntityManagerFactoryBean - Closing JPA EntityManagerFactory for persistence unit 'default'
2025-12-07 20:25:26.699 [SpringApplicationShutdownHook] INFO  com.zaxxer.hikari.HikariDataSource - HikariPool-1 - Shutdown initiated...
2025-12-07 20:25:26.707 [SpringApplicationShutdownHook] INFO  com.zaxxer.hikari.HikariDataSource - HikariPool-1 - Shutdown completed.
2025-12-07 20:25:38.328 [background-preinit] INFO  o.h.validator.internal.util.Version - HV000001: Hibernate Validator 6.2.5.Final
2025-12-07 20:25:38.364 [restartedMain] INFO  c.v.m.MiniProjectJavaApplication - Starting MiniProjectJavaApplication using Java 1.8.0_462 on Admin-PC with PID 7356 (F:\BE-QLBH\target\classes started by Admin in F:\BE-QLBH)
2025-12-07 20:25:38.365 [restartedMain] INFO  c.v.m.MiniProjectJavaApplication - No active profile set, falling back to 1 default profile: "default"
2025-12-07 20:25:38.472 [restartedMain] INFO  o.s.b.d.e.DevToolsPropertyDefaultsPostProcessor - Devtools property defaults active! Set 'spring.devtools.add-properties' to 'false' to disable
2025-12-07 20:25:38.472 [restartedMain] INFO  o.s.b.d.e.DevToolsPropertyDefaultsPostProcessor - For additional web related logging consider setting the 'logging.level.web' property to 'DEBUG'
2025-12-07 20:25:39.813 [restartedMain] INFO  o.s.d.r.c.RepositoryConfigurationDelegate - Bootstrapping Spring Data JPA repositories in DEFAULT mode.
2025-12-07 20:25:39.925 [restartedMain] INFO  o.s.d.r.c.RepositoryConfigurationDelegate - Finished Spring Data repository scanning in 102 ms. Found 17 JPA repository interfaces.
2025-12-07 20:25:41.903 [restartedMain] INFO  o.s.b.w.e.tomcat.TomcatWebServer - Tomcat initialized with port(s): 8080 (http)
2025-12-07 20:25:41.918 [restartedMain] INFO  o.a.coyote.http11.Http11NioProtocol - Initializing ProtocolHandler ["http-nio-8080"]
2025-12-07 20:25:41.918 [restartedMain] INFO  o.a.catalina.core.StandardService - Starting service [Tomcat]
2025-12-07 20:25:41.919 [restartedMain] INFO  o.a.catalina.core.StandardEngine - Starting Servlet engine: [Apache Tomcat/9.0.71]
2025-12-07 20:25:42.041 [restartedMain] INFO  o.a.c.c.C.[Tomcat].[localhost].[/] - Initializing Spring embedded WebApplicationContext
2025-12-07 20:25:42.045 [restartedMain] INFO  o.s.b.w.s.c.ServletWebServerApplicationContext - Root WebApplicationContext: initialization completed in 3572 ms
2025-12-07 20:25:42.276 [restartedMain] INFO  com.zaxxer.hikari.HikariDataSource - HikariPool-1 - Starting...
2025-12-07 20:25:42.556 [restartedMain] INFO  com.zaxxer.hikari.HikariDataSource - HikariPool-1 - Start completed.
2025-12-07 20:25:42.569 [restartedMain] INFO  o.s.b.a.h.H2ConsoleAutoConfiguration - H2 console available at '/h2-console'. Database available at 'jdbc:mysql://localhost:3306/datn?useUnicode=yes&characterEncoding=UTF-8&allowPublicKeyRetrieval=true&useSSL=false'
2025-12-07 20:25:42.906 [restartedMain] INFO  o.h.jpa.internal.util.LogHelper - HHH000204: Processing PersistenceUnitInfo [name: default]
2025-12-07 20:25:43.013 [restartedMain] INFO  org.hibernate.Version - HHH000412: Hibernate ORM core version 5.6.15.Final
2025-12-07 20:25:43.318 [restartedMain] INFO  o.h.annotations.common.Version - HCANN000001: Hibernate Commons Annotations {5.1.2.Final}
2025-12-07 20:25:43.596 [restartedMain] INFO  org.hibernate.dialect.Dialect - HHH000400: Using dialect: org.hibernate.dialect.MySQL8Dialect
2025-12-07 20:25:45.085 [restartedMain] INFO  o.h.e.t.j.p.i.JtaPlatformInitiator - HHH000490: Using JtaPlatform implementation: [org.hibernate.engine.transaction.jta.platform.internal.NoJtaPlatform]
2025-12-07 20:25:45.098 [restartedMain] INFO  o.s.o.j.LocalContainerEntityManagerFactoryBean - Initialized JPA EntityManagerFactory for persistence unit 'default'
2025-12-07 20:25:45.478 [restartedMain] WARN  o.s.b.a.o.j.JpaBaseConfiguration$JpaWebConfiguration - spring.jpa.open-in-view is enabled by default. Therefore, database queries may be performed during view rendering. Explicitly configure spring.jpa.open-in-view to disable this warning
2025-12-07 20:25:48.521 [restartedMain] WARN  o.s.b.a.s.s.UserDetailsServiceAutoConfiguration - 

Using generated security password: cccde1f2-30f0-416d-91f6-121a81098b5a

This generated password is for development use only. Your security configuration must be updated before running your application in production.

2025-12-07 20:25:49.398 [restartedMain] INFO  o.s.s.web.DefaultSecurityFilterChain - Will secure any request with [org.springframework.security.web.session.DisableEncodeUrlFilter@373354e5, org.springframework.security.web.context.request.async.WebAsyncManagerIntegrationFilter@43830cfa, org.springframework.security.web.context.SecurityContextPersistenceFilter@3bb16aee, org.springframework.security.web.header.HeaderWriterFilter@676163b1, org.springframework.security.web.authentication.logout.LogoutFilter@2391025d, org.springframework.security.web.savedrequest.RequestCacheAwareFilter@59453a29, org.springframework.security.web.servletapi.SecurityContextHolderAwareRequestFilter@5947d023, org.springframework.security.web.authentication.AnonymousAuthenticationFilter@4bce5822, org.springframework.security.web.session.SessionManagementFilter@58a2ef46, org.springframework.security.web.access.ExceptionTranslationFilter@59a4160c, org.springframework.security.web.access.intercept.FilterSecurityInterceptor@5633bb31]
2025-12-07 20:25:50.867 [restartedMain] INFO  o.s.b.d.a.OptionalLiveReloadServer - LiveReload server is running on port 35729
2025-12-07 20:25:50.874 [restartedMain] INFO  o.s.b.a.e.web.EndpointLinksResolver - Exposing 1 endpoint(s) beneath base path '/actuator'
2025-12-07 20:25:50.908 [restartedMain] INFO  o.a.coyote.http11.Http11NioProtocol - Starting ProtocolHandler ["http-nio-8080"]
2025-12-07 20:25:50.920 [restartedMain] INFO  o.s.b.w.e.tomcat.TomcatWebServer - Tomcat started on port(s): 8080 (http) with context path ''
2025-12-07 20:25:50.941 [restartedMain] INFO  c.v.m.MiniProjectJavaApplication - Started MiniProjectJavaApplication in 13.371 seconds (JVM running for 14.314)
2025-12-07 20:26:03.317 [http-nio-8080-exec-1] INFO  o.a.c.c.C.[Tomcat].[localhost].[/] - Initializing Spring DispatcherServlet 'dispatcherServlet'
2025-12-07 20:26:03.317 [http-nio-8080-exec-1] INFO  o.s.web.servlet.DispatcherServlet - Initializing Servlet 'dispatcherServlet'
2025-12-07 20:26:03.319 [http-nio-8080-exec-1] INFO  o.s.web.servlet.DispatcherServlet - Completed initialization in 2 ms
2025-12-07 20:26:03.380 [http-nio-8080-exec-1] WARN  o.s.web.servlet.PageNotFound - No mapping for GET /api/productversion/Listgetall
2025-12-07 20:26:14.285 [http-nio-8080-exec-4] WARN  o.s.web.servlet.PageNotFound - No mapping for GET /api/product-version/Listgetall
2025-12-07 20:26:29.173 [http-nio-8080-exec-7] WARN  o.s.web.servlet.PageNotFound - No mapping for GET /api/v1/product-version/Listgetall
2025-12-07 20:27:29.511 [http-nio-8080-exec-7] WARN  o.s.w.s.m.s.DefaultHandlerExceptionResolver - Resolved [org.springframework.http.converter.HttpMessageNotReadableException: JSON parse error: Unexpected character ('}' (code 125)): expected a value; nested exception is com.fasterxml.jackson.core.JsonParseException: Unexpected character ('}' (code 125)): expected a value<EOL> at [Source: (org.springframework.util.StreamUtils$NonClosingInputStream); line: 7, column: 6]]
2025-12-07 20:29:56.315 [SpringApplicationShutdownHook] INFO  o.s.o.j.LocalContainerEntityManagerFactoryBean - Closing JPA EntityManagerFactory for persistence unit 'default'
2025-12-07 20:29:56.325 [SpringApplicationShutdownHook] INFO  com.zaxxer.hikari.HikariDataSource - HikariPool-1 - Shutdown initiated...
2025-12-07 20:29:56.331 [SpringApplicationShutdownHook] INFO  com.zaxxer.hikari.HikariDataSource - HikariPool-1 - Shutdown completed.
2025-12-07 20:30:05.194 [background-preinit] INFO  o.h.validator.internal.util.Version - HV000001: Hibernate Validator 6.2.5.Final
2025-12-07 20:30:05.234 [restartedMain] INFO  c.v.m.MiniProjectJavaApplication - Starting MiniProjectJavaApplication using Java 1.8.0_462 on Admin-PC with PID 6600 (F:\BE-QLBH\target\classes started by Admin in F:\BE-QLBH)
2025-12-07 20:30:05.238 [restartedMain] INFO  c.v.m.MiniProjectJavaApplication - No active profile set, falling back to 1 default profile: "default"
2025-12-07 20:30:05.315 [restartedMain] INFO  o.s.b.d.e.DevToolsPropertyDefaultsPostProcessor - Devtools property defaults active! Set 'spring.devtools.add-properties' to 'false' to disable
2025-12-07 20:30:05.315 [restartedMain] INFO  o.s.b.d.e.DevToolsPropertyDefaultsPostProcessor - For additional web related logging consider setting the 'logging.level.web' property to 'DEBUG'
2025-12-07 20:30:06.316 [restartedMain] INFO  o.s.d.r.c.RepositoryConfigurationDelegate - Bootstrapping Spring Data JPA repositories in DEFAULT mode.
2025-12-07 20:30:06.454 [restartedMain] INFO  o.s.d.r.c.RepositoryConfigurationDelegate - Finished Spring Data repository scanning in 125 ms. Found 17 JPA repository interfaces.
2025-12-07 20:30:09.562 [restartedMain] INFO  o.s.b.w.e.tomcat.TomcatWebServer - Tomcat initialized with port(s): 8080 (http)
2025-12-07 20:30:09.580 [restartedMain] INFO  o.a.coyote.http11.Http11NioProtocol - Initializing ProtocolHandler ["http-nio-8080"]
2025-12-07 20:30:09.581 [restartedMain] INFO  o.a.catalina.core.StandardService - Starting service [Tomcat]
2025-12-07 20:30:09.581 [restartedMain] INFO  o.a.catalina.core.StandardEngine - Starting Servlet engine: [Apache Tomcat/9.0.71]
2025-12-07 20:30:09.700 [restartedMain] INFO  o.a.c.c.C.[Tomcat].[localhost].[/] - Initializing Spring embedded WebApplicationContext
2025-12-07 20:30:09.701 [restartedMain] INFO  o.s.b.w.s.c.ServletWebServerApplicationContext - Root WebApplicationContext: initialization completed in 4386 ms
2025-12-07 20:30:09.870 [restartedMain] INFO  com.zaxxer.hikari.HikariDataSource - HikariPool-1 - Starting...
2025-12-07 20:30:10.123 [restartedMain] INFO  com.zaxxer.hikari.HikariDataSource - HikariPool-1 - Start completed.
2025-12-07 20:30:10.134 [restartedMain] INFO  o.s.b.a.h.H2ConsoleAutoConfiguration - H2 console available at '/h2-console'. Database available at 'jdbc:mysql://localhost:3306/datn?useUnicode=yes&characterEncoding=UTF-8&allowPublicKeyRetrieval=true&useSSL=false'
2025-12-07 20:30:10.393 [restartedMain] INFO  o.h.jpa.internal.util.LogHelper - HHH000204: Processing PersistenceUnitInfo [name: default]
2025-12-07 20:30:10.488 [restartedMain] INFO  org.hibernate.Version - HHH000412: Hibernate ORM core version 5.6.15.Final
2025-12-07 20:30:10.757 [restartedMain] INFO  o.h.annotations.common.Version - HCANN000001: Hibernate Commons Annotations {5.1.2.Final}
2025-12-07 20:30:10.918 [restartedMain] INFO  org.hibernate.dialect.Dialect - HHH000400: Using dialect: org.hibernate.dialect.MySQL8Dialect
2025-12-07 20:30:12.418 [restartedMain] INFO  o.h.e.t.j.p.i.JtaPlatformInitiator - HHH000490: Using JtaPlatform implementation: [org.hibernate.engine.transaction.jta.platform.internal.NoJtaPlatform]
2025-12-07 20:30:12.428 [restartedMain] INFO  o.s.o.j.LocalContainerEntityManagerFactoryBean - Initialized JPA EntityManagerFactory for persistence unit 'default'
2025-12-07 20:30:12.744 [restartedMain] WARN  o.s.b.a.o.j.JpaBaseConfiguration$JpaWebConfiguration - spring.jpa.open-in-view is enabled by default. Therefore, database queries may be performed during view rendering. Explicitly configure spring.jpa.open-in-view to disable this warning
2025-12-07 20:30:14.352 [restartedMain] WARN  o.s.b.a.s.s.UserDetailsServiceAutoConfiguration - 

Using generated security password: 0a849259-d545-4e3d-9fb2-e877254e098b

This generated password is for development use only. Your security configuration must be updated before running your application in production.

2025-12-07 20:30:14.594 [restartedMain] INFO  o.s.s.web.DefaultSecurityFilterChain - Will secure any request with [org.springframework.security.web.session.DisableEncodeUrlFilter@5c9901cd, org.springframework.security.web.context.request.async.WebAsyncManagerIntegrationFilter@5ace68f0, org.springframework.security.web.context.SecurityContextPersistenceFilter@5896d9fd, org.springframework.security.web.header.HeaderWriterFilter@20c3ed94, org.springframework.security.web.authentication.logout.LogoutFilter@d99fa8f, org.springframework.security.web.savedrequest.RequestCacheAwareFilter@6c47267f, org.springframework.security.web.servletapi.SecurityContextHolderAwareRequestFilter@6c281b15, org.springframework.security.web.authentication.AnonymousAuthenticationFilter@1214f1ab, org.springframework.security.web.session.SessionManagementFilter@57f0b17f, org.springframework.security.web.access.ExceptionTranslationFilter@134c6afc, org.springframework.security.web.access.intercept.FilterSecurityInterceptor@379a8ba1]
2025-12-07 20:30:15.998 [restartedMain] INFO  o.s.b.d.a.OptionalLiveReloadServer - LiveReload server is running on port 35729
2025-12-07 20:30:16.011 [restartedMain] INFO  o.s.b.a.e.web.EndpointLinksResolver - Exposing 1 endpoint(s) beneath base path '/actuator'
2025-12-07 20:30:16.046 [restartedMain] INFO  o.a.coyote.http11.Http11NioProtocol - Starting ProtocolHandler ["http-nio-8080"]
2025-12-07 20:30:16.065 [restartedMain] INFO  o.s.b.w.e.tomcat.TomcatWebServer - Tomcat started on port(s): 8080 (http) with context path ''
2025-12-07 20:30:16.084 [restartedMain] INFO  c.v.m.MiniProjectJavaApplication - Started MiniProjectJavaApplication in 11.582 seconds (JVM running for 12.681)
2025-12-07 20:30:16.379 [http-nio-8080-exec-1] INFO  o.a.c.c.C.[Tomcat].[localhost].[/] - Initializing Spring DispatcherServlet 'dispatcherServlet'
2025-12-07 20:30:16.379 [http-nio-8080-exec-1] INFO  o.s.web.servlet.DispatcherServlet - Initializing Servlet 'dispatcherServlet'
2025-12-07 20:30:16.382 [http-nio-8080-exec-1] INFO  o.s.web.servlet.DispatcherServlet - Completed initialization in 2 ms
2025-12-07 21:12:35.810 [http-nio-8080-exec-3] INFO  c.v.m.r.AccountController - Người dùng [demo_admin] đã đăng nhập thành công lúc 2025-12-07T21:12:35.808
2025-12-07 21:50:23.419 [SpringApplicationShutdownHook] INFO  o.s.o.j.LocalContainerEntityManagerFactoryBean - Closing JPA EntityManagerFactory for persistence unit 'default'
2025-12-07 21:50:23.429 [SpringApplicationShutdownHook] INFO  com.zaxxer.hikari.HikariDataSource - HikariPool-1 - Shutdown initiated...
2025-12-07 21:50:23.436 [SpringApplicationShutdownHook] INFO  com.zaxxer.hikari.HikariDataSource - HikariPool-1 - Shutdown completed.
