2025-12-03 08:53:41.928 [background-preinit] INFO  o.h.validator.internal.util.Version - HV000001: Hibernate Validator 6.2.5.Final
2025-12-03 08:53:41.993 [restartedMain] INFO  c.v.m.MiniProjectJavaApplication - Starting MiniProjectJavaApplication using Java 1.8.0_462 on Admin-PC with PID 3540 (F:\BE-QLBH\target\classes started by Admin in F:\BE-QLBH)
2025-12-03 08:53:42.005 [restartedMain] INFO  c.v.m.MiniProjectJavaApplication - No active profile set, falling back to 1 default profile: "default"
2025-12-03 08:53:42.159 [restartedMain] INFO  o.s.b.d.e.DevToolsPropertyDefaultsPostProcessor - Devtools property defaults active! Set 'spring.devtools.add-properties' to 'false' to disable
2025-12-03 08:53:42.160 [restartedMain] INFO  o.s.b.d.e.DevToolsPropertyDefaultsPostProcessor - For additional web related logging consider setting the 'logging.level.web' property to 'DEBUG'
2025-12-03 08:53:44.416 [restartedMain] INFO  o.s.d.r.c.RepositoryConfigurationDelegate - Bootstrapping Spring Data JPA repositories in DEFAULT mode.
2025-12-03 08:53:44.648 [restartedMain] INFO  o.s.d.r.c.RepositoryConfigurationDelegate - Finished Spring Data repository scanning in 208 ms. Found 17 JPA repository interfaces.
2025-12-03 08:53:48.229 [restartedMain] INFO  o.s.b.w.e.tomcat.TomcatWebServer - Tomcat initialized with port(s): 8080 (http)
2025-12-03 08:53:48.262 [restartedMain] INFO  o.a.coyote.http11.Http11NioProtocol - Initializing ProtocolHandler ["http-nio-8080"]
2025-12-03 08:53:48.265 [restartedMain] INFO  o.a.catalina.core.StandardService - Starting service [Tomcat]
2025-12-03 08:53:48.268 [restartedMain] INFO  o.a.catalina.core.StandardEngine - Starting Servlet engine: [Apache Tomcat/9.0.71]
2025-12-03 08:53:48.491 [restartedMain] INFO  o.a.c.c.C.[Tomcat].[localhost].[/] - Initializing Spring embedded WebApplicationContext
2025-12-03 08:53:48.491 [restartedMain] INFO  o.s.b.w.s.c.ServletWebServerApplicationContext - Root WebApplicationContext: initialization completed in 6329 ms
2025-12-03 08:53:48.848 [restartedMain] INFO  com.zaxxer.hikari.HikariDataSource - HikariPool-1 - Starting...
2025-12-03 08:53:49.247 [restartedMain] INFO  com.zaxxer.hikari.HikariDataSource - HikariPool-1 - Start completed.
2025-12-03 08:53:49.263 [restartedMain] INFO  o.s.b.a.h.H2ConsoleAutoConfiguration - H2 console available at '/h2-console'. Database available at 'jdbc:mysql://localhost:3306/datn?useUnicode=yes&characterEncoding=UTF-8&allowPublicKeyRetrieval=true&useSSL=false'
2025-12-03 08:53:49.690 [restartedMain] INFO  o.h.jpa.internal.util.LogHelper - HHH000204: Processing PersistenceUnitInfo [name: default]
2025-12-03 08:53:49.820 [restartedMain] INFO  org.hibernate.Version - HHH000412: Hibernate ORM core version 5.6.15.Final
2025-12-03 08:53:50.134 [restartedMain] INFO  o.h.annotations.common.Version - HCANN000001: Hibernate Commons Annotations {5.1.2.Final}
2025-12-03 08:53:50.316 [restartedMain] INFO  org.hibernate.dialect.Dialect - HHH000400: Using dialect: org.hibernate.dialect.MySQL8Dialect
2025-12-03 08:53:52.180 [restartedMain] INFO  o.h.e.t.j.p.i.JtaPlatformInitiator - HHH000490: Using JtaPlatform implementation: [org.hibernate.engine.transaction.jta.platform.internal.NoJtaPlatform]
2025-12-03 08:53:52.197 [restartedMain] INFO  o.s.o.j.LocalContainerEntityManagerFactoryBean - Initialized JPA EntityManagerFactory for persistence unit 'default'
2025-12-03 08:53:52.613 [restartedMain] WARN  o.s.b.a.o.j.JpaBaseConfiguration$JpaWebConfiguration - spring.jpa.open-in-view is enabled by default. Therefore, database queries may be performed during view rendering. Explicitly configure spring.jpa.open-in-view to disable this warning
2025-12-03 08:53:54.654 [restartedMain] WARN  o.s.b.a.s.s.UserDetailsServiceAutoConfiguration - 

Using generated security password: cc75779b-b041-46fb-9af5-5920981b825d

This generated password is for development use only. Your security configuration must be updated before running your application in production.

2025-12-03 08:53:54.984 [restartedMain] INFO  o.s.s.web.DefaultSecurityFilterChain - Will secure any request with [org.springframework.security.web.session.DisableEncodeUrlFilter@1046133f, org.springframework.security.web.context.request.async.WebAsyncManagerIntegrationFilter@41532300, org.springframework.security.web.context.SecurityContextPersistenceFilter@487e3394, org.springframework.security.web.header.HeaderWriterFilter@6d9adb7, org.springframework.security.web.authentication.logout.LogoutFilter@300f0816, org.springframework.security.web.savedrequest.RequestCacheAwareFilter@a9e31fa, org.springframework.security.web.servletapi.SecurityContextHolderAwareRequestFilter@61a7043c, org.springframework.security.web.authentication.AnonymousAuthenticationFilter@6e45f426, org.springframework.security.web.session.SessionManagementFilter@21b31ddd, org.springframework.security.web.access.ExceptionTranslationFilter@6aaa506b, org.springframework.security.web.access.intercept.FilterSecurityInterceptor@2f43bd00]
2025-12-03 08:54:01.869 [restartedMain] INFO  o.s.b.d.a.OptionalLiveReloadServer - LiveReload server is running on port 35729
2025-12-03 08:54:01.908 [restartedMain] INFO  o.s.b.a.e.web.EndpointLinksResolver - Exposing 1 endpoint(s) beneath base path '/actuator'
2025-12-03 08:54:02.040 [restartedMain] INFO  o.a.coyote.http11.Http11NioProtocol - Starting ProtocolHandler ["http-nio-8080"]
2025-12-03 08:54:02.075 [restartedMain] INFO  o.s.b.w.e.tomcat.TomcatWebServer - Tomcat started on port(s): 8080 (http) with context path ''
2025-12-03 08:54:02.121 [restartedMain] INFO  c.v.m.MiniProjectJavaApplication - Started MiniProjectJavaApplication in 21.304 seconds (JVM running for 23.062)
2025-12-03 08:58:57.232 [http-nio-8080-exec-3] INFO  o.a.c.c.C.[Tomcat].[localhost].[/] - Initializing Spring DispatcherServlet 'dispatcherServlet'
2025-12-03 08:58:57.233 [http-nio-8080-exec-3] INFO  o.s.web.servlet.DispatcherServlet - Initializing Servlet 'dispatcherServlet'
2025-12-03 08:58:57.254 [http-nio-8080-exec-3] INFO  o.s.web.servlet.DispatcherServlet - Completed initialization in 20 ms
2025-12-03 09:00:38.246 [http-nio-8080-exec-3] WARN  o.s.w.s.m.s.DefaultHandlerExceptionResolver - Resolved [org.springframework.web.HttpRequestMethodNotSupportedException: Request method 'GET' not supported]
2025-12-03 09:07:05.802 [http-nio-8080-exec-5] WARN  o.s.w.s.m.s.DefaultHandlerExceptionResolver - Resolved [org.springframework.web.HttpRequestMethodNotSupportedException: Request method 'POST' not supported]
2025-12-03 09:08:28.721 [http-nio-8080-exec-6] WARN  o.s.w.s.m.s.DefaultHandlerExceptionResolver - Resolved [org.springframework.http.converter.HttpMessageNotReadableException: JSON parse error: Unexpected character (',' (code 44)): expected a value; nested exception is com.fasterxml.jackson.core.JsonParseException: Unexpected character (',' (code 44)): expected a value<EOL> at [Source: (org.springframework.util.StreamUtils$NonClosingInputStream); line: 2, column: 17]]
2025-12-03 09:18:01.645 [SpringApplicationShutdownHook] INFO  o.s.o.j.LocalContainerEntityManagerFactoryBean - Closing JPA EntityManagerFactory for persistence unit 'default'
2025-12-03 09:18:01.660 [SpringApplicationShutdownHook] INFO  com.zaxxer.hikari.HikariDataSource - HikariPool-1 - Shutdown initiated...
2025-12-03 09:18:01.683 [SpringApplicationShutdownHook] INFO  com.zaxxer.hikari.HikariDataSource - HikariPool-1 - Shutdown completed.
2025-12-03 09:22:08.132 [background-preinit] INFO  o.h.validator.internal.util.Version - HV000001: Hibernate Validator 6.2.5.Final
2025-12-03 09:22:08.181 [restartedMain] INFO  c.v.m.MiniProjectJavaApplication - Starting MiniProjectJavaApplication using Java 1.8.0_462 on Admin-PC with PID 13632 (F:\BE-QLBH\target\classes started by Admin in F:\BE-QLBH)
2025-12-03 09:22:08.182 [restartedMain] INFO  c.v.m.MiniProjectJavaApplication - No active profile set, falling back to 1 default profile: "default"
2025-12-03 09:22:08.269 [restartedMain] INFO  o.s.b.d.e.DevToolsPropertyDefaultsPostProcessor - Devtools property defaults active! Set 'spring.devtools.add-properties' to 'false' to disable
2025-12-03 09:22:08.270 [restartedMain] INFO  o.s.b.d.e.DevToolsPropertyDefaultsPostProcessor - For additional web related logging consider setting the 'logging.level.web' property to 'DEBUG'
2025-12-03 09:22:10.060 [restartedMain] INFO  o.s.d.r.c.RepositoryConfigurationDelegate - Bootstrapping Spring Data JPA repositories in DEFAULT mode.
2025-12-03 09:22:10.252 [restartedMain] INFO  o.s.d.r.c.RepositoryConfigurationDelegate - Finished Spring Data repository scanning in 167 ms. Found 17 JPA repository interfaces.
2025-12-03 09:22:12.842 [restartedMain] INFO  o.s.b.w.e.tomcat.TomcatWebServer - Tomcat initialized with port(s): 8080 (http)
2025-12-03 09:22:12.863 [restartedMain] INFO  o.a.coyote.http11.Http11NioProtocol - Initializing ProtocolHandler ["http-nio-8080"]
2025-12-03 09:22:12.863 [restartedMain] INFO  o.a.catalina.core.StandardService - Starting service [Tomcat]
2025-12-03 09:22:12.864 [restartedMain] INFO  o.a.catalina.core.StandardEngine - Starting Servlet engine: [Apache Tomcat/9.0.71]
2025-12-03 09:22:12.993 [restartedMain] INFO  o.a.c.c.C.[Tomcat].[localhost].[/] - Initializing Spring embedded WebApplicationContext
2025-12-03 09:22:12.993 [restartedMain] INFO  o.s.b.w.s.c.ServletWebServerApplicationContext - Root WebApplicationContext: initialization completed in 4722 ms
2025-12-03 09:22:13.326 [restartedMain] INFO  com.zaxxer.hikari.HikariDataSource - HikariPool-1 - Starting...
2025-12-03 09:22:13.696 [restartedMain] INFO  com.zaxxer.hikari.HikariDataSource - HikariPool-1 - Start completed.
2025-12-03 09:22:13.720 [restartedMain] INFO  o.s.b.a.h.H2ConsoleAutoConfiguration - H2 console available at '/h2-console'. Database available at 'jdbc:mysql://localhost:3306/datn?useUnicode=yes&characterEncoding=UTF-8&allowPublicKeyRetrieval=true&useSSL=false'
2025-12-03 09:22:14.071 [restartedMain] INFO  o.h.jpa.internal.util.LogHelper - HHH000204: Processing PersistenceUnitInfo [name: default]
2025-12-03 09:22:14.259 [restartedMain] INFO  org.hibernate.Version - HHH000412: Hibernate ORM core version 5.6.15.Final
2025-12-03 09:22:14.872 [restartedMain] INFO  o.h.annotations.common.Version - HCANN000001: Hibernate Commons Annotations {5.1.2.Final}
2025-12-03 09:22:15.556 [restartedMain] INFO  org.hibernate.dialect.Dialect - HHH000400: Using dialect: org.hibernate.dialect.MySQL8Dialect
2025-12-03 09:22:17.557 [restartedMain] INFO  o.h.e.t.j.p.i.JtaPlatformInitiator - HHH000490: Using JtaPlatform implementation: [org.hibernate.engine.transaction.jta.platform.internal.NoJtaPlatform]
2025-12-03 09:22:17.572 [restartedMain] INFO  o.s.o.j.LocalContainerEntityManagerFactoryBean - Initialized JPA EntityManagerFactory for persistence unit 'default'
2025-12-03 09:22:18.007 [restartedMain] WARN  o.s.b.a.o.j.JpaBaseConfiguration$JpaWebConfiguration - spring.jpa.open-in-view is enabled by default. Therefore, database queries may be performed during view rendering. Explicitly configure spring.jpa.open-in-view to disable this warning
2025-12-03 09:22:20.713 [restartedMain] WARN  o.s.b.a.s.s.UserDetailsServiceAutoConfiguration - 

Using generated security password: 35f461c2-e687-4922-9b16-cd7fd5609e39

This generated password is for development use only. Your security configuration must be updated before running your application in production.

2025-12-03 09:22:20.937 [restartedMain] INFO  o.s.s.web.DefaultSecurityFilterChain - Will secure any request with [org.springframework.security.web.session.DisableEncodeUrlFilter@5cbc81e3, org.springframework.security.web.context.request.async.WebAsyncManagerIntegrationFilter@70b5ea8d, org.springframework.security.web.context.SecurityContextPersistenceFilter@a076c8d, org.springframework.security.web.header.HeaderWriterFilter@1a74c5cf, org.springframework.security.web.authentication.logout.LogoutFilter@57e28030, org.springframework.security.web.savedrequest.RequestCacheAwareFilter@3d78d806, org.springframework.security.web.servletapi.SecurityContextHolderAwareRequestFilter@13d560d7, org.springframework.security.web.authentication.AnonymousAuthenticationFilter@5550e48d, org.springframework.security.web.session.SessionManagementFilter@17450ed, org.springframework.security.web.access.ExceptionTranslationFilter@4276b8dd, org.springframework.security.web.access.intercept.FilterSecurityInterceptor@3e928bc]
2025-12-03 09:22:22.555 [restartedMain] INFO  o.s.b.d.a.OptionalLiveReloadServer - LiveReload server is running on port 35729
2025-12-03 09:22:22.567 [restartedMain] INFO  o.s.b.a.e.web.EndpointLinksResolver - Exposing 1 endpoint(s) beneath base path '/actuator'
2025-12-03 09:22:22.635 [restartedMain] INFO  o.a.coyote.http11.Http11NioProtocol - Starting ProtocolHandler ["http-nio-8080"]
2025-12-03 09:22:22.654 [restartedMain] INFO  o.s.b.w.e.tomcat.TomcatWebServer - Tomcat started on port(s): 8080 (http) with context path ''
2025-12-03 09:22:22.680 [restartedMain] INFO  c.v.m.MiniProjectJavaApplication - Started MiniProjectJavaApplication in 15.338 seconds (JVM running for 16.908)
2025-12-03 09:26:35.520 [http-nio-8080-exec-2] INFO  o.a.c.c.C.[Tomcat].[localhost].[/] - Initializing Spring DispatcherServlet 'dispatcherServlet'
2025-12-03 09:26:35.873 [http-nio-8080-exec-2] INFO  o.s.web.servlet.DispatcherServlet - Initializing Servlet 'dispatcherServlet'
2025-12-03 09:26:35.898 [http-nio-8080-exec-2] INFO  o.s.web.servlet.DispatcherServlet - Completed initialization in 24 ms
2025-12-03 09:27:33.958 [http-nio-8080-exec-4] INFO  c.v.m.restcontroller.OrderController - Người dùng 'demo_user1' đã mua 1 Đơn Vị Sản Phẩm 'Samsung Galaxy A54 5G' Vào Gio Hang.
2025-12-03 09:27:33.959 [http-nio-8080-exec-4] INFO  c.v.m.restcontroller.OrderController - Người dùng 'demo_user1' đã mua 1 Đơn Vị Sản Phẩm 'Samsung Galaxy A54 5G' Vào Gio Hang.
2025-12-03 09:27:44.538 [http-nio-8080-exec-9] INFO  c.v.m.restcontroller.OrderController - Người dùng 'demo_user1' đã mua 1 Đơn Vị Sản Phẩm 'Samsung Galaxy A54 5G' Vào Gio Hang.
2025-12-03 09:27:44.538 [http-nio-8080-exec-9] INFO  c.v.m.restcontroller.OrderController - Người dùng 'demo_user1' đã mua 1 Đơn Vị Sản Phẩm 'Samsung Galaxy A54 5G' Vào Gio Hang.
2025-12-03 09:27:51.398 [http-nio-8080-exec-8] WARN  o.s.web.servlet.PageNotFound - No mapping for GET /favicon.ico
2025-12-03 09:27:53.917 [http-nio-8080-exec-1] INFO  c.v.m.restcontroller.OrderController - Người dùng 'demo_user1' đã mua 1 Đơn Vị Sản Phẩm 'Samsung Galaxy A54 5G' Vào Gio Hang.
2025-12-03 09:27:53.917 [http-nio-8080-exec-1] INFO  c.v.m.restcontroller.OrderController - Người dùng 'demo_user1' đã mua 1 Đơn Vị Sản Phẩm 'Samsung Galaxy A54 5G' Vào Gio Hang.
2025-12-03 09:28:09.068 [http-nio-8080-exec-2] INFO  c.v.m.restcontroller.OrderController - ========== BẮT ĐẦU TẠO ĐƠN HÀNG MỚI ==========
2025-12-03 09:28:09.070 [http-nio-8080-exec-2] INFO  c.v.m.restcontroller.OrderController - Thời gian: 2025-12-03T09:28:09.068
2025-12-03 09:28:09.072 [http-nio-8080-exec-2] INFO  c.v.m.restcontroller.OrderController - Found account from header: 7
2025-12-03 09:28:09.072 [http-nio-8080-exec-2] INFO  c.v.m.restcontroller.OrderController - Người dùng: demo_user1 (ID: 7)
2025-12-03 09:28:09.072 [http-nio-8080-exec-2] INFO  c.v.m.restcontroller.OrderController - Thông tin đơn hàng:
2025-12-03 09:28:09.072 [http-nio-8080-exec-2] INFO  c.v.m.restcontroller.OrderController - -Người nhận: Nguyeenx Trung Lam
2025-12-03 09:28:09.072 [http-nio-8080-exec-2] INFO  c.v.m.restcontroller.OrderController - -Phương thức thanh toán: COD
2025-12-03 09:28:09.282 [http-nio-8080-exec-2] INFO  c.v.m.restcontroller.OrderController - Lưu đơn hàng thành công (ID: 66, OrderNumber 2)
2025-12-03 09:28:13.209 [http-nio-8080-exec-2] INFO  c.v.m.restcontroller.OrderController - 📩 Đã gửi email xác nhận đơn hàng đến lamnguyen4792@gmail.com
2025-12-03 09:28:13.222 [http-nio-8080-exec-2] INFO  c.v.m.restcontroller.OrderController - Tạo {} chi tiết đơn hàng
2025-12-03 09:28:13.223 [http-nio-8080-exec-2] INFO  c.v.m.restcontroller.OrderController - TẠO ĐƠN HÀNG THÀNH CÔNG
2025-12-03 09:28:13.223 [http-nio-8080-exec-2] INFO  c.v.m.restcontroller.OrderController - Created Order ID 66 with txnRef 1764728889072
2025-12-03 09:28:13.223 [http-nio-8080-exec-2] INFO  c.v.m.restcontroller.OrderController -    - Người tạo: demo_user1 (ID: 7)
2025-12-03 09:28:13.223 [http-nio-8080-exec-2] INFO  c.v.m.restcontroller.OrderController - ========== KẾT THÚC TẠO ĐƠN HÀNG ==========

2025-12-03 09:28:20.970 [http-nio-8080-exec-7] INFO  c.v.m.restcontroller.OrderController - 📧 Đã gửi email hủy đơn hàng đến lamnguyen4792@gmail.com
2025-12-03 09:28:26.946 [http-nio-8080-exec-8] INFO  c.v.m.restcontroller.OrderController - 📧 Đã gửi email hủy đơn hàng đến lamnguyen4792@gmail.com
2025-12-03 09:29:19.160 [SpringApplicationShutdownHook] INFO  o.s.o.j.LocalContainerEntityManagerFactoryBean - Closing JPA EntityManagerFactory for persistence unit 'default'
2025-12-03 09:29:19.170 [SpringApplicationShutdownHook] INFO  com.zaxxer.hikari.HikariDataSource - HikariPool-1 - Shutdown initiated...
2025-12-03 09:29:19.187 [SpringApplicationShutdownHook] INFO  com.zaxxer.hikari.HikariDataSource - HikariPool-1 - Shutdown completed.
2025-12-03 09:29:32.162 [background-preinit] INFO  o.h.validator.internal.util.Version - HV000001: Hibernate Validator 6.2.5.Final
2025-12-03 09:29:32.190 [restartedMain] INFO  c.v.m.MiniProjectJavaApplication - Starting MiniProjectJavaApplication using Java 1.8.0_462 on Admin-PC with PID 16348 (F:\BE-QLBH\target\classes started by Admin in F:\BE-QLBH)
2025-12-03 09:29:32.191 [restartedMain] INFO  c.v.m.MiniProjectJavaApplication - No active profile set, falling back to 1 default profile: "default"
2025-12-03 09:29:32.312 [restartedMain] INFO  o.s.b.d.e.DevToolsPropertyDefaultsPostProcessor - Devtools property defaults active! Set 'spring.devtools.add-properties' to 'false' to disable
2025-12-03 09:29:32.312 [restartedMain] INFO  o.s.b.d.e.DevToolsPropertyDefaultsPostProcessor - For additional web related logging consider setting the 'logging.level.web' property to 'DEBUG'
2025-12-03 09:29:34.439 [restartedMain] INFO  o.s.d.r.c.RepositoryConfigurationDelegate - Bootstrapping Spring Data JPA repositories in DEFAULT mode.
2025-12-03 09:29:34.596 [restartedMain] INFO  o.s.d.r.c.RepositoryConfigurationDelegate - Finished Spring Data repository scanning in 141 ms. Found 17 JPA repository interfaces.
2025-12-03 09:29:36.967 [restartedMain] INFO  o.s.b.w.e.tomcat.TomcatWebServer - Tomcat initialized with port(s): 8080 (http)
2025-12-03 09:29:36.982 [restartedMain] INFO  o.a.coyote.http11.Http11NioProtocol - Initializing ProtocolHandler ["http-nio-8080"]
2025-12-03 09:29:36.983 [restartedMain] INFO  o.a.catalina.core.StandardService - Starting service [Tomcat]
2025-12-03 09:29:36.984 [restartedMain] INFO  o.a.catalina.core.StandardEngine - Starting Servlet engine: [Apache Tomcat/9.0.71]
2025-12-03 09:29:37.142 [restartedMain] INFO  o.a.c.c.C.[Tomcat].[localhost].[/] - Initializing Spring embedded WebApplicationContext
2025-12-03 09:29:37.142 [restartedMain] INFO  o.s.b.w.s.c.ServletWebServerApplicationContext - Root WebApplicationContext: initialization completed in 4829 ms
2025-12-03 09:29:37.398 [restartedMain] INFO  com.zaxxer.hikari.HikariDataSource - HikariPool-1 - Starting...
2025-12-03 09:29:37.738 [restartedMain] INFO  com.zaxxer.hikari.HikariDataSource - HikariPool-1 - Start completed.
2025-12-03 09:29:37.755 [restartedMain] INFO  o.s.b.a.h.H2ConsoleAutoConfiguration - H2 console available at '/h2-console'. Database available at 'jdbc:mysql://localhost:3306/datn?useUnicode=yes&characterEncoding=UTF-8&allowPublicKeyRetrieval=true&useSSL=false'
2025-12-03 09:29:38.330 [restartedMain] INFO  o.h.jpa.internal.util.LogHelper - HHH000204: Processing PersistenceUnitInfo [name: default]
2025-12-03 09:29:38.474 [restartedMain] INFO  org.hibernate.Version - HHH000412: Hibernate ORM core version 5.6.15.Final
2025-12-03 09:29:38.765 [restartedMain] INFO  o.h.annotations.common.Version - HCANN000001: Hibernate Commons Annotations {5.1.2.Final}
2025-12-03 09:29:39.027 [restartedMain] INFO  org.hibernate.dialect.Dialect - HHH000400: Using dialect: org.hibernate.dialect.MySQL8Dialect
2025-12-03 09:29:40.887 [restartedMain] INFO  o.h.e.t.j.p.i.JtaPlatformInitiator - HHH000490: Using JtaPlatform implementation: [org.hibernate.engine.transaction.jta.platform.internal.NoJtaPlatform]
2025-12-03 09:29:40.907 [restartedMain] INFO  o.s.o.j.LocalContainerEntityManagerFactoryBean - Initialized JPA EntityManagerFactory for persistence unit 'default'
2025-12-03 09:29:41.445 [restartedMain] WARN  o.s.b.a.o.j.JpaBaseConfiguration$JpaWebConfiguration - spring.jpa.open-in-view is enabled by default. Therefore, database queries may be performed during view rendering. Explicitly configure spring.jpa.open-in-view to disable this warning
2025-12-03 09:29:43.320 [restartedMain] WARN  o.s.b.a.s.s.UserDetailsServiceAutoConfiguration - 

Using generated security password: 2f15e238-f139-4011-ab79-d5382dccada2

This generated password is for development use only. Your security configuration must be updated before running your application in production.

2025-12-03 09:29:43.598 [restartedMain] INFO  o.s.s.web.DefaultSecurityFilterChain - Will secure any request with [org.springframework.security.web.session.DisableEncodeUrlFilter@7bc7c357, org.springframework.security.web.context.request.async.WebAsyncManagerIntegrationFilter@1736ad96, org.springframework.security.web.context.SecurityContextPersistenceFilter@6aaa506b, org.springframework.security.web.header.HeaderWriterFilter@6f709aa7, org.springframework.security.web.authentication.logout.LogoutFilter@13c0c45, org.springframework.security.web.savedrequest.RequestCacheAwareFilter@6d9adb7, org.springframework.security.web.servletapi.SecurityContextHolderAwareRequestFilter@2623a0f4, org.springframework.security.web.authentication.AnonymousAuthenticationFilter@5a44df56, org.springframework.security.web.session.SessionManagementFilter@150620e7, org.springframework.security.web.access.ExceptionTranslationFilter@19e74c7e, org.springframework.security.web.access.intercept.FilterSecurityInterceptor@101a3ca5]
2025-12-03 09:29:45.316 [restartedMain] INFO  o.s.b.d.a.OptionalLiveReloadServer - LiveReload server is running on port 35729
2025-12-03 09:29:45.326 [restartedMain] INFO  o.s.b.a.e.web.EndpointLinksResolver - Exposing 1 endpoint(s) beneath base path '/actuator'
2025-12-03 09:29:45.368 [restartedMain] INFO  o.a.coyote.http11.Http11NioProtocol - Starting ProtocolHandler ["http-nio-8080"]
2025-12-03 09:29:45.434 [restartedMain] INFO  o.s.b.w.e.tomcat.TomcatWebServer - Tomcat started on port(s): 8080 (http) with context path ''
2025-12-03 09:29:45.464 [restartedMain] INFO  c.v.m.MiniProjectJavaApplication - Started MiniProjectJavaApplication in 14.3 seconds (JVM running for 15.577)
2025-12-03 09:29:45.713 [http-nio-8080-exec-3] INFO  o.a.c.c.C.[Tomcat].[localhost].[/] - Initializing Spring DispatcherServlet 'dispatcherServlet'
2025-12-03 09:29:45.714 [http-nio-8080-exec-3] INFO  o.s.web.servlet.DispatcherServlet - Initializing Servlet 'dispatcherServlet'
2025-12-03 09:29:45.715 [http-nio-8080-exec-3] INFO  o.s.web.servlet.DispatcherServlet - Completed initialization in 1 ms
2025-12-03 09:30:30.528 [http-nio-8080-exec-8] INFO  c.v.m.restcontroller.OrderController - Người dùng 'demo_user1' đã mua 1 Đơn Vị Sản Phẩm 'Samsung Galaxy A54 5G' Vào Gio Hang.
2025-12-03 09:30:30.528 [http-nio-8080-exec-8] INFO  c.v.m.restcontroller.OrderController - Người dùng 'demo_user1' đã mua 1 Đơn Vị Sản Phẩm 'Samsung Galaxy A54 5G' Vào Gio Hang.
2025-12-03 09:30:50.900 [http-nio-8080-exec-3] INFO  c.v.m.restcontroller.OrderController - ========== BẮT ĐẦU TẠO ĐƠN HÀNG MỚI ==========
2025-12-03 09:30:50.900 [http-nio-8080-exec-3] INFO  c.v.m.restcontroller.OrderController - Thời gian: 2025-12-03T09:30:50.900
2025-12-03 09:30:50.904 [http-nio-8080-exec-3] INFO  c.v.m.restcontroller.OrderController - Found account from header: 7
2025-12-03 09:30:50.904 [http-nio-8080-exec-3] INFO  c.v.m.restcontroller.OrderController - Người dùng: demo_user1 (ID: 7)
2025-12-03 09:30:50.904 [http-nio-8080-exec-3] INFO  c.v.m.restcontroller.OrderController - Thông tin đơn hàng:
2025-12-03 09:30:50.904 [http-nio-8080-exec-3] INFO  c.v.m.restcontroller.OrderController - -Người nhận: Nguyeenx Trung Lam
2025-12-03 09:30:50.904 [http-nio-8080-exec-3] INFO  c.v.m.restcontroller.OrderController - -Phương thức thanh toán: COD
2025-12-03 09:30:50.983 [http-nio-8080-exec-3] INFO  c.v.m.restcontroller.OrderController - Lưu đơn hàng thành công (ID: 67, OrderNumber 5)
2025-12-03 09:30:50.985 [http-nio-8080-exec-3] INFO  c.v.m.restcontroller.OrderController - 📩 Đã gửi email xác nhận đơn hàng đến lamnguyen4792@gmail.com
2025-12-03 09:30:51.003 [http-nio-8080-exec-3] INFO  c.v.m.restcontroller.OrderController - Tạo {} chi tiết đơn hàng
2025-12-03 09:30:51.003 [http-nio-8080-exec-3] INFO  c.v.m.restcontroller.OrderController - TẠO ĐƠN HÀNG THÀNH CÔNG
2025-12-03 09:30:51.003 [http-nio-8080-exec-3] INFO  c.v.m.restcontroller.OrderController - Created Order ID 67 with txnRef 1764729050904
2025-12-03 09:30:51.003 [http-nio-8080-exec-3] INFO  c.v.m.restcontroller.OrderController -    - Người tạo: demo_user1 (ID: 7)
2025-12-03 09:30:51.004 [http-nio-8080-exec-3] INFO  c.v.m.restcontroller.OrderController - ========== KẾT THÚC TẠO ĐƠN HÀNG ==========

2025-12-03 09:30:56.713 [http-nio-8080-exec-1] INFO  c.v.m.restcontroller.OrderController - 📧 Đã gửi email hủy đơn hàng đến lamnguyen4792@gmail.com
2025-12-03 09:35:17.584 [SpringApplicationShutdownHook] INFO  o.s.o.j.LocalContainerEntityManagerFactoryBean - Closing JPA EntityManagerFactory for persistence unit 'default'
2025-12-03 09:35:17.592 [SpringApplicationShutdownHook] INFO  com.zaxxer.hikari.HikariDataSource - HikariPool-1 - Shutdown initiated...
2025-12-03 09:35:17.605 [SpringApplicationShutdownHook] INFO  com.zaxxer.hikari.HikariDataSource - HikariPool-1 - Shutdown completed.
2025-12-03 09:35:25.584 [background-preinit] INFO  o.h.validator.internal.util.Version - HV000001: Hibernate Validator 6.2.5.Final
2025-12-03 09:35:25.641 [restartedMain] INFO  c.v.m.MiniProjectJavaApplication - Starting MiniProjectJavaApplication using Java 1.8.0_462 on Admin-PC with PID 18776 (F:\BE-QLBH\target\classes started by Admin in F:\BE-QLBH)
2025-12-03 09:35:25.642 [restartedMain] INFO  c.v.m.MiniProjectJavaApplication - No active profile set, falling back to 1 default profile: "default"
2025-12-03 09:35:25.715 [restartedMain] INFO  o.s.b.d.e.DevToolsPropertyDefaultsPostProcessor - Devtools property defaults active! Set 'spring.devtools.add-properties' to 'false' to disable
2025-12-03 09:35:25.715 [restartedMain] INFO  o.s.b.d.e.DevToolsPropertyDefaultsPostProcessor - For additional web related logging consider setting the 'logging.level.web' property to 'DEBUG'
2025-12-03 09:35:27.598 [restartedMain] INFO  o.s.d.r.c.RepositoryConfigurationDelegate - Bootstrapping Spring Data JPA repositories in DEFAULT mode.
2025-12-03 09:35:27.761 [restartedMain] INFO  o.s.d.r.c.RepositoryConfigurationDelegate - Finished Spring Data repository scanning in 154 ms. Found 17 JPA repository interfaces.
2025-12-03 09:35:29.932 [restartedMain] INFO  o.s.b.w.e.tomcat.TomcatWebServer - Tomcat initialized with port(s): 8080 (http)
2025-12-03 09:35:29.947 [restartedMain] INFO  o.a.coyote.http11.Http11NioProtocol - Initializing ProtocolHandler ["http-nio-8080"]
2025-12-03 09:35:29.948 [restartedMain] INFO  o.a.catalina.core.StandardService - Starting service [Tomcat]
2025-12-03 09:35:29.948 [restartedMain] INFO  o.a.catalina.core.StandardEngine - Starting Servlet engine: [Apache Tomcat/9.0.71]
2025-12-03 09:35:30.092 [restartedMain] INFO  o.a.c.c.C.[Tomcat].[localhost].[/] - Initializing Spring embedded WebApplicationContext
2025-12-03 09:35:30.093 [restartedMain] INFO  o.s.b.w.s.c.ServletWebServerApplicationContext - Root WebApplicationContext: initialization completed in 4378 ms
2025-12-03 09:35:30.350 [restartedMain] INFO  com.zaxxer.hikari.HikariDataSource - HikariPool-1 - Starting...
2025-12-03 09:35:30.626 [restartedMain] INFO  com.zaxxer.hikari.HikariDataSource - HikariPool-1 - Start completed.
2025-12-03 09:35:30.656 [restartedMain] INFO  o.s.b.a.h.H2ConsoleAutoConfiguration - H2 console available at '/h2-console'. Database available at 'jdbc:mysql://localhost:3306/datn?useUnicode=yes&characterEncoding=UTF-8&allowPublicKeyRetrieval=true&useSSL=false'
2025-12-03 09:35:31.098 [restartedMain] INFO  o.h.jpa.internal.util.LogHelper - HHH000204: Processing PersistenceUnitInfo [name: default]
2025-12-03 09:35:31.222 [restartedMain] INFO  org.hibernate.Version - HHH000412: Hibernate ORM core version 5.6.15.Final
2025-12-03 09:35:31.546 [restartedMain] INFO  o.h.annotations.common.Version - HCANN000001: Hibernate Commons Annotations {5.1.2.Final}
2025-12-03 09:35:31.745 [restartedMain] INFO  org.hibernate.dialect.Dialect - HHH000400: Using dialect: org.hibernate.dialect.MySQL8Dialect
2025-12-03 09:35:33.706 [restartedMain] INFO  o.h.e.t.j.p.i.JtaPlatformInitiator - HHH000490: Using JtaPlatform implementation: [org.hibernate.engine.transaction.jta.platform.internal.NoJtaPlatform]
2025-12-03 09:35:33.731 [restartedMain] INFO  o.s.o.j.LocalContainerEntityManagerFactoryBean - Initialized JPA EntityManagerFactory for persistence unit 'default'
2025-12-03 09:35:34.131 [restartedMain] WARN  o.s.b.a.o.j.JpaBaseConfiguration$JpaWebConfiguration - spring.jpa.open-in-view is enabled by default. Therefore, database queries may be performed during view rendering. Explicitly configure spring.jpa.open-in-view to disable this warning
2025-12-03 09:35:35.717 [restartedMain] WARN  o.s.b.a.s.s.UserDetailsServiceAutoConfiguration - 

Using generated security password: cef160c0-95a6-48dc-b86e-065407ae194c

This generated password is for development use only. Your security configuration must be updated before running your application in production.

2025-12-03 09:35:35.895 [restartedMain] INFO  o.s.s.web.DefaultSecurityFilterChain - Will secure any request with [org.springframework.security.web.session.DisableEncodeUrlFilter@53a4f5b5, org.springframework.security.web.context.request.async.WebAsyncManagerIntegrationFilter@5241c850, org.springframework.security.web.context.SecurityContextPersistenceFilter@26148160, org.springframework.security.web.header.HeaderWriterFilter@469dbafa, org.springframework.security.web.authentication.logout.LogoutFilter@4cd77b23, org.springframework.security.web.savedrequest.RequestCacheAwareFilter@1f60333f, org.springframework.security.web.servletapi.SecurityContextHolderAwareRequestFilter@96aea78, org.springframework.security.web.authentication.AnonymousAuthenticationFilter@78928d04, org.springframework.security.web.session.SessionManagementFilter@3fa7889f, org.springframework.security.web.access.ExceptionTranslationFilter@9a1ceb8, org.springframework.security.web.access.intercept.FilterSecurityInterceptor@540e4a76]
2025-12-03 09:35:37.038 [restartedMain] INFO  o.s.b.d.a.OptionalLiveReloadServer - LiveReload server is running on port 35729
2025-12-03 09:35:37.044 [restartedMain] INFO  o.s.b.a.e.web.EndpointLinksResolver - Exposing 1 endpoint(s) beneath base path '/actuator'
2025-12-03 09:35:37.071 [restartedMain] INFO  o.a.coyote.http11.Http11NioProtocol - Starting ProtocolHandler ["http-nio-8080"]
2025-12-03 09:35:37.084 [restartedMain] INFO  o.s.b.w.e.tomcat.TomcatWebServer - Tomcat started on port(s): 8080 (http) with context path ''
2025-12-03 09:35:37.104 [restartedMain] INFO  c.v.m.MiniProjectJavaApplication - Started MiniProjectJavaApplication in 12.228 seconds (JVM running for 13.31)
2025-12-03 09:35:37.198 [http-nio-8080-exec-1] INFO  o.a.c.c.C.[Tomcat].[localhost].[/] - Initializing Spring DispatcherServlet 'dispatcherServlet'
2025-12-03 09:35:37.199 [http-nio-8080-exec-1] INFO  o.s.web.servlet.DispatcherServlet - Initializing Servlet 'dispatcherServlet'
2025-12-03 09:35:37.201 [http-nio-8080-exec-1] INFO  o.s.web.servlet.DispatcherServlet - Completed initialization in 2 ms
2025-12-03 09:36:09.470 [http-nio-8080-exec-5] INFO  c.v.m.restcontroller.OrderController - Người dùng 'demo_user1' đã mua 1 Đơn Vị Sản Phẩm 'Samsung Galaxy A54 5G' Vào Gio Hang.
2025-12-03 09:36:09.470 [http-nio-8080-exec-5] INFO  c.v.m.restcontroller.OrderController - Người dùng 'demo_user1' đã mua 1 Đơn Vị Sản Phẩm 'Samsung Galaxy A54 5G' Vào Gio Hang.
2025-12-03 09:36:13.299 [http-nio-8080-exec-9] INFO  c.v.m.restcontroller.OrderController - ========== BẮT ĐẦU TẠO ĐƠN HÀNG MỚI ==========
2025-12-03 09:36:13.299 [http-nio-8080-exec-9] INFO  c.v.m.restcontroller.OrderController - Thời gian: 2025-12-03T09:36:13.299
2025-12-03 09:36:13.303 [http-nio-8080-exec-9] INFO  c.v.m.restcontroller.OrderController - Found account from header: 7
2025-12-03 09:36:13.303 [http-nio-8080-exec-9] INFO  c.v.m.restcontroller.OrderController - Người dùng: demo_user1 (ID: 7)
2025-12-03 09:36:13.303 [http-nio-8080-exec-9] INFO  c.v.m.restcontroller.OrderController - Thông tin đơn hàng:
2025-12-03 09:36:13.303 [http-nio-8080-exec-9] INFO  c.v.m.restcontroller.OrderController - -Người nhận: Nguyeenx Trung Lam
2025-12-03 09:36:13.303 [http-nio-8080-exec-9] INFO  c.v.m.restcontroller.OrderController - -Phương thức thanh toán: COD
2025-12-03 09:36:13.363 [http-nio-8080-exec-9] INFO  c.v.m.restcontroller.OrderController - Lưu đơn hàng thành công (ID: 68, OrderNumber 7)
2025-12-03 09:36:13.365 [http-nio-8080-exec-9] INFO  c.v.m.restcontroller.OrderController - 📩 Đã gửi email xác nhận đơn hàng đến lamnguyen4791@gmail.com
2025-12-03 09:36:13.378 [http-nio-8080-exec-9] INFO  c.v.m.restcontroller.OrderController - Tạo {} chi tiết đơn hàng
2025-12-03 09:36:13.380 [http-nio-8080-exec-9] INFO  c.v.m.restcontroller.OrderController - TẠO ĐƠN HÀNG THÀNH CÔNG
2025-12-03 09:36:13.380 [http-nio-8080-exec-9] INFO  c.v.m.restcontroller.OrderController - Created Order ID 68 with txnRef 1764729373303
2025-12-03 09:36:13.380 [http-nio-8080-exec-9] INFO  c.v.m.restcontroller.OrderController -    - Người tạo: demo_user1 (ID: 7)
2025-12-03 09:36:13.380 [http-nio-8080-exec-9] INFO  c.v.m.restcontroller.OrderController - ========== KẾT THÚC TẠO ĐƠN HÀNG ==========

2025-12-03 09:36:30.969 [http-nio-8080-exec-8] INFO  c.v.m.restcontroller.OrderController - 📧 Đã gửi email hủy đơn hàng đến lamnguyen4791@gmail.com
2025-12-03 09:38:41.418 [SpringApplicationShutdownHook] INFO  o.s.o.j.LocalContainerEntityManagerFactoryBean - Closing JPA EntityManagerFactory for persistence unit 'default'
2025-12-03 09:38:41.422 [SpringApplicationShutdownHook] INFO  com.zaxxer.hikari.HikariDataSource - HikariPool-1 - Shutdown initiated...
2025-12-03 09:38:41.431 [SpringApplicationShutdownHook] INFO  com.zaxxer.hikari.HikariDataSource - HikariPool-1 - Shutdown completed.
2025-12-03 09:38:49.318 [background-preinit] INFO  o.h.validator.internal.util.Version - HV000001: Hibernate Validator 6.2.5.Final
2025-12-03 09:38:49.332 [restartedMain] INFO  c.v.m.MiniProjectJavaApplication - Starting MiniProjectJavaApplication using Java 1.8.0_462 on Admin-PC with PID 17188 (F:\BE-QLBH\target\classes started by Admin in F:\BE-QLBH)
2025-12-03 09:38:49.333 [restartedMain] INFO  c.v.m.MiniProjectJavaApplication - No active profile set, falling back to 1 default profile: "default"
2025-12-03 09:38:49.434 [restartedMain] INFO  o.s.b.d.e.DevToolsPropertyDefaultsPostProcessor - Devtools property defaults active! Set 'spring.devtools.add-properties' to 'false' to disable
2025-12-03 09:38:49.434 [restartedMain] INFO  o.s.b.d.e.DevToolsPropertyDefaultsPostProcessor - For additional web related logging consider setting the 'logging.level.web' property to 'DEBUG'
2025-12-03 09:38:50.510 [restartedMain] INFO  o.s.d.r.c.RepositoryConfigurationDelegate - Bootstrapping Spring Data JPA repositories in DEFAULT mode.
2025-12-03 09:38:50.637 [restartedMain] INFO  o.s.d.r.c.RepositoryConfigurationDelegate - Finished Spring Data repository scanning in 117 ms. Found 17 JPA repository interfaces.
2025-12-03 09:38:52.725 [restartedMain] INFO  o.s.b.w.e.tomcat.TomcatWebServer - Tomcat initialized with port(s): 8080 (http)
2025-12-03 09:38:52.738 [restartedMain] INFO  o.a.coyote.http11.Http11NioProtocol - Initializing ProtocolHandler ["http-nio-8080"]
2025-12-03 09:38:52.738 [restartedMain] INFO  o.a.catalina.core.StandardService - Starting service [Tomcat]
2025-12-03 09:38:52.739 [restartedMain] INFO  o.a.catalina.core.StandardEngine - Starting Servlet engine: [Apache Tomcat/9.0.71]
2025-12-03 09:38:52.891 [restartedMain] INFO  o.a.c.c.C.[Tomcat].[localhost].[/] - Initializing Spring embedded WebApplicationContext
2025-12-03 09:38:52.892 [restartedMain] INFO  o.s.b.w.s.c.ServletWebServerApplicationContext - Root WebApplicationContext: initialization completed in 3457 ms
2025-12-03 09:38:53.128 [restartedMain] INFO  com.zaxxer.hikari.HikariDataSource - HikariPool-1 - Starting...
2025-12-03 09:38:53.528 [restartedMain] INFO  com.zaxxer.hikari.HikariDataSource - HikariPool-1 - Start completed.
2025-12-03 09:38:53.547 [restartedMain] INFO  o.s.b.a.h.H2ConsoleAutoConfiguration - H2 console available at '/h2-console'. Database available at 'jdbc:mysql://localhost:3306/datn?useUnicode=yes&characterEncoding=UTF-8&allowPublicKeyRetrieval=true&useSSL=false'
2025-12-03 09:38:53.878 [restartedMain] INFO  o.h.jpa.internal.util.LogHelper - HHH000204: Processing PersistenceUnitInfo [name: default]
2025-12-03 09:38:53.974 [restartedMain] INFO  org.hibernate.Version - HHH000412: Hibernate ORM core version 5.6.15.Final
2025-12-03 09:38:54.251 [restartedMain] INFO  o.h.annotations.common.Version - HCANN000001: Hibernate Commons Annotations {5.1.2.Final}
2025-12-03 09:38:54.518 [restartedMain] INFO  org.hibernate.dialect.Dialect - HHH000400: Using dialect: org.hibernate.dialect.MySQL8Dialect
2025-12-03 09:38:55.971 [restartedMain] INFO  o.h.e.t.j.p.i.JtaPlatformInitiator - HHH000490: Using JtaPlatform implementation: [org.hibernate.engine.transaction.jta.platform.internal.NoJtaPlatform]
2025-12-03 09:38:55.982 [restartedMain] INFO  o.s.o.j.LocalContainerEntityManagerFactoryBean - Initialized JPA EntityManagerFactory for persistence unit 'default'
2025-12-03 09:38:56.337 [restartedMain] WARN  o.s.b.a.o.j.JpaBaseConfiguration$JpaWebConfiguration - spring.jpa.open-in-view is enabled by default. Therefore, database queries may be performed during view rendering. Explicitly configure spring.jpa.open-in-view to disable this warning
2025-12-03 09:38:58.124 [restartedMain] WARN  o.s.b.a.s.s.UserDetailsServiceAutoConfiguration - 

Using generated security password: 0809bafd-9316-4b6c-888c-4fe0c9ae800f

This generated password is for development use only. Your security configuration must be updated before running your application in production.

2025-12-03 09:38:58.474 [restartedMain] INFO  o.s.s.web.DefaultSecurityFilterChain - Will secure any request with [org.springframework.security.web.session.DisableEncodeUrlFilter@7123fb01, org.springframework.security.web.context.request.async.WebAsyncManagerIntegrationFilter@6f66efce, org.springframework.security.web.context.SecurityContextPersistenceFilter@55295beb, org.springframework.security.web.header.HeaderWriterFilter@67a86b02, org.springframework.security.web.authentication.logout.LogoutFilter@16f8e37f, org.springframework.security.web.savedrequest.RequestCacheAwareFilter@13a72a03, org.springframework.security.web.servletapi.SecurityContextHolderAwareRequestFilter@1ad0b535, org.springframework.security.web.authentication.AnonymousAuthenticationFilter@4128ece7, org.springframework.security.web.session.SessionManagementFilter@782f6f95, org.springframework.security.web.access.ExceptionTranslationFilter@1a8df869, org.springframework.security.web.access.intercept.FilterSecurityInterceptor@3e4edf4c]
2025-12-03 09:39:00.180 [restartedMain] INFO  o.s.b.d.a.OptionalLiveReloadServer - LiveReload server is running on port 35729
2025-12-03 09:39:00.187 [restartedMain] INFO  o.s.b.a.e.web.EndpointLinksResolver - Exposing 1 endpoint(s) beneath base path '/actuator'
2025-12-03 09:39:00.223 [restartedMain] INFO  o.a.coyote.http11.Http11NioProtocol - Starting ProtocolHandler ["http-nio-8080"]
2025-12-03 09:39:00.275 [restartedMain] INFO  o.s.b.w.e.tomcat.TomcatWebServer - Tomcat started on port(s): 8080 (http) with context path ''
2025-12-03 09:39:00.298 [restartedMain] INFO  c.v.m.MiniProjectJavaApplication - Started MiniProjectJavaApplication in 11.641 seconds (JVM running for 12.647)
2025-12-03 09:39:17.474 [http-nio-8080-exec-1] INFO  o.a.c.c.C.[Tomcat].[localhost].[/] - Initializing Spring DispatcherServlet 'dispatcherServlet'
2025-12-03 09:39:17.474 [http-nio-8080-exec-1] INFO  o.s.web.servlet.DispatcherServlet - Initializing Servlet 'dispatcherServlet'
2025-12-03 09:39:17.477 [http-nio-8080-exec-1] INFO  o.s.web.servlet.DispatcherServlet - Completed initialization in 3 ms
2025-12-03 09:39:24.834 [SpringApplicationShutdownHook] INFO  o.s.o.j.LocalContainerEntityManagerFactoryBean - Closing JPA EntityManagerFactory for persistence unit 'default'
2025-12-03 09:39:24.839 [SpringApplicationShutdownHook] INFO  com.zaxxer.hikari.HikariDataSource - HikariPool-1 - Shutdown initiated...
2025-12-03 09:39:24.850 [SpringApplicationShutdownHook] INFO  com.zaxxer.hikari.HikariDataSource - HikariPool-1 - Shutdown completed.
2025-12-03 09:39:37.681 [background-preinit] INFO  o.h.validator.internal.util.Version - HV000001: Hibernate Validator 6.2.5.Final
2025-12-03 09:39:37.837 [restartedMain] INFO  c.v.m.MiniProjectJavaApplication - Starting MiniProjectJavaApplication using Java 1.8.0_462 on Admin-PC with PID 12804 (F:\BE-QLBH\target\classes started by Admin in F:\BE-QLBH)
2025-12-03 09:39:37.838 [restartedMain] INFO  c.v.m.MiniProjectJavaApplication - No active profile set, falling back to 1 default profile: "default"
2025-12-03 09:39:38.029 [restartedMain] INFO  o.s.b.d.e.DevToolsPropertyDefaultsPostProcessor - Devtools property defaults active! Set 'spring.devtools.add-properties' to 'false' to disable
2025-12-03 09:39:38.029 [restartedMain] INFO  o.s.b.d.e.DevToolsPropertyDefaultsPostProcessor - For additional web related logging consider setting the 'logging.level.web' property to 'DEBUG'
2025-12-03 09:39:41.033 [restartedMain] INFO  o.s.d.r.c.RepositoryConfigurationDelegate - Bootstrapping Spring Data JPA repositories in DEFAULT mode.
2025-12-03 09:39:41.240 [restartedMain] INFO  o.s.d.r.c.RepositoryConfigurationDelegate - Finished Spring Data repository scanning in 186 ms. Found 17 JPA repository interfaces.
2025-12-03 09:39:44.540 [restartedMain] INFO  o.s.b.w.e.tomcat.TomcatWebServer - Tomcat initialized with port(s): 8080 (http)
2025-12-03 09:39:44.562 [restartedMain] INFO  o.a.coyote.http11.Http11NioProtocol - Initializing ProtocolHandler ["http-nio-8080"]
2025-12-03 09:39:44.563 [restartedMain] INFO  o.a.catalina.core.StandardService - Starting service [Tomcat]
2025-12-03 09:39:44.563 [restartedMain] INFO  o.a.catalina.core.StandardEngine - Starting Servlet engine: [Apache Tomcat/9.0.71]
2025-12-03 09:39:44.730 [restartedMain] INFO  o.a.c.c.C.[Tomcat].[localhost].[/] - Initializing Spring embedded WebApplicationContext
2025-12-03 09:39:44.730 [restartedMain] INFO  o.s.b.w.s.c.ServletWebServerApplicationContext - Root WebApplicationContext: initialization completed in 6700 ms
2025-12-03 09:39:45.006 [restartedMain] INFO  com.zaxxer.hikari.HikariDataSource - HikariPool-1 - Starting...
2025-12-03 09:39:45.327 [restartedMain] INFO  com.zaxxer.hikari.HikariDataSource - HikariPool-1 - Start completed.
2025-12-03 09:39:45.339 [restartedMain] INFO  o.s.b.a.h.H2ConsoleAutoConfiguration - H2 console available at '/h2-console'. Database available at 'jdbc:mysql://localhost:3306/datn?useUnicode=yes&characterEncoding=UTF-8&allowPublicKeyRetrieval=true&useSSL=false'
2025-12-03 09:39:45.891 [restartedMain] INFO  o.h.jpa.internal.util.LogHelper - HHH000204: Processing PersistenceUnitInfo [name: default]
2025-12-03 09:39:46.026 [restartedMain] INFO  org.hibernate.Version - HHH000412: Hibernate ORM core version 5.6.15.Final
2025-12-03 09:39:46.379 [restartedMain] INFO  o.h.annotations.common.Version - HCANN000001: Hibernate Commons Annotations {5.1.2.Final}
2025-12-03 09:39:46.596 [restartedMain] INFO  org.hibernate.dialect.Dialect - HHH000400: Using dialect: org.hibernate.dialect.MySQL8Dialect
2025-12-03 09:39:48.465 [restartedMain] INFO  o.h.e.t.j.p.i.JtaPlatformInitiator - HHH000490: Using JtaPlatform implementation: [org.hibernate.engine.transaction.jta.platform.internal.NoJtaPlatform]
2025-12-03 09:39:48.483 [restartedMain] INFO  o.s.o.j.LocalContainerEntityManagerFactoryBean - Initialized JPA EntityManagerFactory for persistence unit 'default'
2025-12-03 09:39:48.906 [restartedMain] WARN  o.s.b.a.o.j.JpaBaseConfiguration$JpaWebConfiguration - spring.jpa.open-in-view is enabled by default. Therefore, database queries may be performed during view rendering. Explicitly configure spring.jpa.open-in-view to disable this warning
2025-12-03 09:39:50.689 [restartedMain] WARN  o.s.b.a.s.s.UserDetailsServiceAutoConfiguration - 

Using generated security password: d2175bee-a17b-4954-b47d-2dedf8bcebde

This generated password is for development use only. Your security configuration must be updated before running your application in production.

2025-12-03 09:39:50.957 [restartedMain] INFO  o.s.s.web.DefaultSecurityFilterChain - Will secure any request with [org.springframework.security.web.session.DisableEncodeUrlFilter@10e7a084, org.springframework.security.web.context.request.async.WebAsyncManagerIntegrationFilter@6212613f, org.springframework.security.web.context.SecurityContextPersistenceFilter@26742709, org.springframework.security.web.header.HeaderWriterFilter@67c11cf6, org.springframework.security.web.authentication.logout.LogoutFilter@2eb3ad1c, org.springframework.security.web.savedrequest.RequestCacheAwareFilter@2e727919, org.springframework.security.web.servletapi.SecurityContextHolderAwareRequestFilter@678698ec, org.springframework.security.web.authentication.AnonymousAuthenticationFilter@457ff017, org.springframework.security.web.session.SessionManagementFilter@7e0e1765, org.springframework.security.web.access.ExceptionTranslationFilter@64cda358, org.springframework.security.web.access.intercept.FilterSecurityInterceptor@1b749daa]
2025-12-03 09:39:52.315 [restartedMain] INFO  o.s.b.d.a.OptionalLiveReloadServer - LiveReload server is running on port 35729
2025-12-03 09:39:52.321 [restartedMain] INFO  o.s.b.a.e.web.EndpointLinksResolver - Exposing 1 endpoint(s) beneath base path '/actuator'
2025-12-03 09:39:52.360 [restartedMain] INFO  o.a.coyote.http11.Http11NioProtocol - Starting ProtocolHandler ["http-nio-8080"]
2025-12-03 09:39:52.373 [restartedMain] INFO  o.s.b.w.e.tomcat.TomcatWebServer - Tomcat started on port(s): 8080 (http) with context path ''
2025-12-03 09:39:52.396 [restartedMain] INFO  c.v.m.MiniProjectJavaApplication - Started MiniProjectJavaApplication in 16.278 seconds (JVM running for 18.613)
2025-12-03 09:40:17.483 [http-nio-8080-exec-1] INFO  o.a.c.c.C.[Tomcat].[localhost].[/] - Initializing Spring DispatcherServlet 'dispatcherServlet'
2025-12-03 09:40:17.484 [http-nio-8080-exec-1] INFO  o.s.web.servlet.DispatcherServlet - Initializing Servlet 'dispatcherServlet'
2025-12-03 09:40:17.485 [http-nio-8080-exec-1] INFO  o.s.web.servlet.DispatcherServlet - Completed initialization in 1 ms
2025-12-03 09:42:13.358 [http-nio-8080-exec-1] INFO  c.v.m.restcontroller.OrderController - Người dùng 'demo_user1' đã mua 1 Đơn Vị Sản Phẩm 'Samsung Galaxy A54 5G' Vào Gio Hang.
2025-12-03 09:42:13.358 [http-nio-8080-exec-1] INFO  c.v.m.restcontroller.OrderController - Người dùng 'demo_user1' đã mua 1 Đơn Vị Sản Phẩm 'Samsung Galaxy A54 5G' Vào Gio Hang.
2025-12-03 09:42:17.490 [http-nio-8080-exec-8] INFO  c.v.m.restcontroller.OrderController - ========== BẮT ĐẦU TẠO ĐƠN HÀNG MỚI ==========
2025-12-03 09:42:17.490 [http-nio-8080-exec-8] INFO  c.v.m.restcontroller.OrderController - Thời gian: 2025-12-03T09:42:17.490
2025-12-03 09:42:17.494 [http-nio-8080-exec-8] INFO  c.v.m.restcontroller.OrderController - Found account from header: 7
2025-12-03 09:42:17.494 [http-nio-8080-exec-8] INFO  c.v.m.restcontroller.OrderController - Người dùng: demo_user1 (ID: 7)
2025-12-03 09:42:17.494 [http-nio-8080-exec-8] INFO  c.v.m.restcontroller.OrderController - Thông tin đơn hàng:
2025-12-03 09:42:17.494 [http-nio-8080-exec-8] INFO  c.v.m.restcontroller.OrderController - -Người nhận: Nguyeenx Trung Lam
2025-12-03 09:42:17.494 [http-nio-8080-exec-8] INFO  c.v.m.restcontroller.OrderController - -Phương thức thanh toán: COD
2025-12-03 09:42:17.628 [http-nio-8080-exec-8] INFO  c.v.m.restcontroller.OrderController - Lưu đơn hàng thành công (ID: 69, OrderNumber 9)
2025-12-03 09:42:17.630 [http-nio-8080-exec-8] INFO  c.v.m.restcontroller.OrderController - 📩 Đã gửi email xác nhận đơn hàng đến lamnguyen4791@gmail.com
2025-12-03 09:42:17.646 [http-nio-8080-exec-8] INFO  c.v.m.restcontroller.OrderController - Tạo {} chi tiết đơn hàng
2025-12-03 09:42:17.647 [http-nio-8080-exec-8] INFO  c.v.m.restcontroller.OrderController - TẠO ĐƠN HÀNG THÀNH CÔNG
2025-12-03 09:42:17.647 [http-nio-8080-exec-8] INFO  c.v.m.restcontroller.OrderController - Created Order ID 69 with txnRef 1764729737494
2025-12-03 09:42:17.647 [http-nio-8080-exec-8] INFO  c.v.m.restcontroller.OrderController -    - Người tạo: demo_user1 (ID: 7)
2025-12-03 09:42:17.647 [http-nio-8080-exec-8] INFO  c.v.m.restcontroller.OrderController - ========== KẾT THÚC TẠO ĐƠN HÀNG ==========

2025-12-03 09:42:27.448 [http-nio-8080-exec-4] INFO  c.v.m.restcontroller.OrderController - 📧 Đã gửi email hủy đơn hàng đến lamnguyen4791@gmail.com
2025-12-03 09:52:56.657 [SpringApplicationShutdownHook] INFO  o.s.o.j.LocalContainerEntityManagerFactoryBean - Closing JPA EntityManagerFactory for persistence unit 'default'
2025-12-03 09:52:56.675 [SpringApplicationShutdownHook] INFO  com.zaxxer.hikari.HikariDataSource - HikariPool-1 - Shutdown initiated...
2025-12-03 09:52:56.696 [SpringApplicationShutdownHook] INFO  com.zaxxer.hikari.HikariDataSource - HikariPool-1 - Shutdown completed.
2025-12-03 11:17:10.758 [background-preinit] INFO  o.h.validator.internal.util.Version - HV000001: Hibernate Validator 6.2.5.Final
2025-12-03 11:17:10.781 [restartedMain] INFO  c.v.m.MiniProjectJavaApplication - Starting MiniProjectJavaApplication using Java 1.8.0_462 on Admin-PC with PID 13240 (F:\BE-QLBH\target\classes started by Admin in F:\BE-QLBH)
2025-12-03 11:17:10.856 [restartedMain] INFO  c.v.m.MiniProjectJavaApplication - No active profile set, falling back to 1 default profile: "default"
2025-12-03 11:17:10.947 [restartedMain] INFO  o.s.b.d.e.DevToolsPropertyDefaultsPostProcessor - Devtools property defaults active! Set 'spring.devtools.add-properties' to 'false' to disable
2025-12-03 11:17:10.947 [restartedMain] INFO  o.s.b.d.e.DevToolsPropertyDefaultsPostProcessor - For additional web related logging consider setting the 'logging.level.web' property to 'DEBUG'
2025-12-03 11:17:14.722 [restartedMain] INFO  o.s.d.r.c.RepositoryConfigurationDelegate - Bootstrapping Spring Data JPA repositories in DEFAULT mode.
2025-12-03 11:17:14.898 [restartedMain] INFO  o.s.d.r.c.RepositoryConfigurationDelegate - Finished Spring Data repository scanning in 161 ms. Found 17 JPA repository interfaces.
2025-12-03 11:17:18.249 [restartedMain] INFO  o.s.b.w.e.tomcat.TomcatWebServer - Tomcat initialized with port(s): 8080 (http)
2025-12-03 11:17:18.267 [restartedMain] INFO  o.a.coyote.http11.Http11NioProtocol - Initializing ProtocolHandler ["http-nio-8080"]
2025-12-03 11:17:18.267 [restartedMain] INFO  o.a.catalina.core.StandardService - Starting service [Tomcat]
2025-12-03 11:17:18.269 [restartedMain] INFO  o.a.catalina.core.StandardEngine - Starting Servlet engine: [Apache Tomcat/9.0.71]
2025-12-03 11:17:18.419 [restartedMain] INFO  o.a.c.c.C.[Tomcat].[localhost].[/] - Initializing Spring embedded WebApplicationContext
2025-12-03 11:17:18.419 [restartedMain] INFO  o.s.b.w.s.c.ServletWebServerApplicationContext - Root WebApplicationContext: initialization completed in 7471 ms
2025-12-03 11:17:18.705 [restartedMain] INFO  com.zaxxer.hikari.HikariDataSource - HikariPool-1 - Starting...
2025-12-03 11:17:19.004 [restartedMain] INFO  com.zaxxer.hikari.HikariDataSource - HikariPool-1 - Start completed.
2025-12-03 11:17:19.014 [restartedMain] INFO  o.s.b.a.h.H2ConsoleAutoConfiguration - H2 console available at '/h2-console'. Database available at 'jdbc:mysql://localhost:3306/datn?useUnicode=yes&characterEncoding=UTF-8&allowPublicKeyRetrieval=true&useSSL=false'
2025-12-03 11:17:19.344 [restartedMain] INFO  o.h.jpa.internal.util.LogHelper - HHH000204: Processing PersistenceUnitInfo [name: default]
2025-12-03 11:17:19.447 [restartedMain] INFO  org.hibernate.Version - HHH000412: Hibernate ORM core version 5.6.15.Final
2025-12-03 11:17:19.794 [restartedMain] INFO  o.h.annotations.common.Version - HCANN000001: Hibernate Commons Annotations {5.1.2.Final}
2025-12-03 11:17:20.023 [restartedMain] INFO  org.hibernate.dialect.Dialect - HHH000400: Using dialect: org.hibernate.dialect.MySQL8Dialect
2025-12-03 11:17:21.554 [restartedMain] INFO  o.h.e.t.j.p.i.JtaPlatformInitiator - HHH000490: Using JtaPlatform implementation: [org.hibernate.engine.transaction.jta.platform.internal.NoJtaPlatform]
2025-12-03 11:17:21.569 [restartedMain] INFO  o.s.o.j.LocalContainerEntityManagerFactoryBean - Initialized JPA EntityManagerFactory for persistence unit 'default'
2025-12-03 11:17:22.087 [restartedMain] WARN  o.s.b.a.o.j.JpaBaseConfiguration$JpaWebConfiguration - spring.jpa.open-in-view is enabled by default. Therefore, database queries may be performed during view rendering. Explicitly configure spring.jpa.open-in-view to disable this warning
2025-12-03 11:17:24.347 [restartedMain] WARN  o.s.b.a.s.s.UserDetailsServiceAutoConfiguration - 

Using generated security password: 809e9967-433d-427d-bf8d-2e553b3330af

This generated password is for development use only. Your security configuration must be updated before running your application in production.

2025-12-03 11:17:24.617 [restartedMain] INFO  o.s.s.web.DefaultSecurityFilterChain - Will secure any request with [org.springframework.security.web.session.DisableEncodeUrlFilter@d2371ec, org.springframework.security.web.context.request.async.WebAsyncManagerIntegrationFilter@5a4ee72e, org.springframework.security.web.context.SecurityContextPersistenceFilter@1607893f, org.springframework.security.web.header.HeaderWriterFilter@14ed3e58, org.springframework.security.web.authentication.logout.LogoutFilter@38971067, org.springframework.security.web.savedrequest.RequestCacheAwareFilter@6cb8a5b6, org.springframework.security.web.servletapi.SecurityContextHolderAwareRequestFilter@4aecac60, org.springframework.security.web.authentication.AnonymousAuthenticationFilter@5ef24b11, org.springframework.security.web.session.SessionManagementFilter@5e557536, org.springframework.security.web.access.ExceptionTranslationFilter@6c66db4b, org.springframework.security.web.access.intercept.FilterSecurityInterceptor@1815cd63]
2025-12-03 11:17:26.782 [restartedMain] INFO  o.s.b.d.a.OptionalLiveReloadServer - LiveReload server is running on port 35729
2025-12-03 11:17:26.785 [restartedMain] INFO  o.s.b.a.e.web.EndpointLinksResolver - Exposing 1 endpoint(s) beneath base path '/actuator'
2025-12-03 11:17:26.811 [restartedMain] INFO  o.a.coyote.http11.Http11NioProtocol - Starting ProtocolHandler ["http-nio-8080"]
2025-12-03 11:17:26.837 [restartedMain] INFO  o.s.b.w.e.tomcat.TomcatWebServer - Tomcat started on port(s): 8080 (http) with context path ''
2025-12-03 11:17:26.865 [restartedMain] INFO  c.v.m.MiniProjectJavaApplication - Started MiniProjectJavaApplication in 16.935 seconds (JVM running for 33.596)
2025-12-03 11:18:00.369 [http-nio-8080-exec-2] INFO  o.a.c.c.C.[Tomcat].[localhost].[/] - Initializing Spring DispatcherServlet 'dispatcherServlet'
2025-12-03 11:18:00.369 [http-nio-8080-exec-2] INFO  o.s.web.servlet.DispatcherServlet - Initializing Servlet 'dispatcherServlet'
2025-12-03 11:18:00.378 [http-nio-8080-exec-2] INFO  o.s.web.servlet.DispatcherServlet - Completed initialization in 9 ms
2025-12-03 11:22:12.861 [http-nio-8080-exec-10] ERROR o.a.c.c.C.[.[.[.[dispatcherServlet] - Servlet.service() for servlet [dispatcherServlet] in context with path [] threw exception [Request processing failed; nested exception is java.lang.RuntimeException: Không tìm thấy đơn hàng với ID: 1] with root cause
java.lang.RuntimeException: Không tìm thấy đơn hàng với ID: 1
	at com.vnpt.mini_project_java.service.order.OrderServiceImpl.lambda$getOrderaddressById$2(OrderServiceImpl.java:122)
	at java.util.Optional.orElseThrow(Optional.java:290)
	at com.vnpt.mini_project_java.service.order.OrderServiceImpl.getOrderaddressById(OrderServiceImpl.java:122)
	at com.vnpt.mini_project_java.service.order.OrderServiceImpl$$FastClassBySpringCGLIB$$e3e0a3e3.invoke(<generated>)
	at org.springframework.cglib.proxy.MethodProxy.invoke(MethodProxy.java:218)
	at org.springframework.aop.framework.CglibAopProxy$CglibMethodInvocation.invokeJoinpoint(CglibAopProxy.java:793)
	at org.springframework.aop.framework.ReflectiveMethodInvocation.proceed(ReflectiveMethodInvocation.java:163)
	at org.springframework.aop.framework.CglibAopProxy$CglibMethodInvocation.proceed(CglibAopProxy.java:763)
	at org.springframework.transaction.interceptor.TransactionInterceptor$1.proceedWithInvocation(TransactionInterceptor.java:123)
	at org.springframework.transaction.interceptor.TransactionAspectSupport.invokeWithinTransaction(TransactionAspectSupport.java:388)
	at org.springframework.transaction.interceptor.TransactionInterceptor.invoke(TransactionInterceptor.java:119)
	at org.springframework.aop.framework.ReflectiveMethodInvocation.proceed(ReflectiveMethodInvocation.java:186)
	at org.springframework.aop.framework.CglibAopProxy$CglibMethodInvocation.proceed(CglibAopProxy.java:763)
	at org.springframework.aop.framework.CglibAopProxy$DynamicAdvisedInterceptor.intercept(CglibAopProxy.java:708)
	at com.vnpt.mini_project_java.service.order.OrderServiceImpl$$EnhancerBySpringCGLIB$$280460a7.getOrderaddressById(<generated>)
	at com.vnpt.mini_project_java.restcontroller.OrderController.getOrderDetail(OrderController.java:531)
	at sun.reflect.NativeMethodAccessorImpl.invoke0(Native Method)
	at sun.reflect.NativeMethodAccessorImpl.invoke(NativeMethodAccessorImpl.java:62)
	at sun.reflect.DelegatingMethodAccessorImpl.invoke(DelegatingMethodAccessorImpl.java:43)
	at java.lang.reflect.Method.invoke(Method.java:498)
	at org.springframework.web.method.support.InvocableHandlerMethod.doInvoke(InvocableHandlerMethod.java:205)
	at org.springframework.web.method.support.InvocableHandlerMethod.invokeForRequest(InvocableHandlerMethod.java:150)
	at org.springframework.web.servlet.mvc.method.annotation.ServletInvocableHandlerMethod.invokeAndHandle(ServletInvocableHandlerMethod.java:117)
	at org.springframework.web.servlet.mvc.method.annotation.RequestMappingHandlerAdapter.invokeHandlerMethod(RequestMappingHandlerAdapter.java:895)
	at org.springframework.web.servlet.mvc.method.annotation.RequestMappingHandlerAdapter.handleInternal(RequestMappingHandlerAdapter.java:808)
	at org.springframework.web.servlet.mvc.method.AbstractHandlerMethodAdapter.handle(AbstractHandlerMethodAdapter.java:87)
	at org.springframework.web.servlet.DispatcherServlet.doDispatch(DispatcherServlet.java:1071)
	at org.springframework.web.servlet.DispatcherServlet.doService(DispatcherServlet.java:964)
	at org.springframework.web.servlet.FrameworkServlet.processRequest(FrameworkServlet.java:1006)
	at org.springframework.web.servlet.FrameworkServlet.doGet(FrameworkServlet.java:898)
	at javax.servlet.http.HttpServlet.service(HttpServlet.java:670)
	at org.springframework.web.servlet.FrameworkServlet.service(FrameworkServlet.java:883)
	at javax.servlet.http.HttpServlet.service(HttpServlet.java:779)
	at org.apache.catalina.core.ApplicationFilterChain.internalDoFilter(ApplicationFilterChain.java:227)
	at org.apache.catalina.core.ApplicationFilterChain.doFilter(ApplicationFilterChain.java:162)
	at org.apache.tomcat.websocket.server.WsFilter.doFilter(WsFilter.java:53)
	at org.apache.catalina.core.ApplicationFilterChain.internalDoFilter(ApplicationFilterChain.java:189)
	at org.apache.catalina.core.ApplicationFilterChain.doFilter(ApplicationFilterChain.java:162)
	at org.springframework.web.filter.CorsFilter.doFilterInternal(CorsFilter.java:91)
	at org.springframework.web.filter.OncePerRequestFilter.doFilter(OncePerRequestFilter.java:117)
	at org.apache.catalina.core.ApplicationFilterChain.internalDoFilter(ApplicationFilterChain.java:189)
	at org.apache.catalina.core.ApplicationFilterChain.doFilter(ApplicationFilterChain.java:162)
	at org.springframework.security.web.FilterChainProxy$VirtualFilterChain.doFilter(FilterChainProxy.java:337)
	at org.springframework.security.web.access.intercept.FilterSecurityInterceptor.invoke(FilterSecurityInterceptor.java:115)
	at org.springframework.security.web.access.intercept.FilterSecurityInterceptor.doFilter(FilterSecurityInterceptor.java:81)
	at org.springframework.security.web.FilterChainProxy$VirtualFilterChain.doFilter(FilterChainProxy.java:346)
	at org.springframework.security.web.access.ExceptionTranslationFilter.doFilter(ExceptionTranslationFilter.java:122)
	at org.springframework.security.web.access.ExceptionTranslationFilter.doFilter(ExceptionTranslationFilter.java:116)
	at org.springframework.security.web.FilterChainProxy$VirtualFilterChain.doFilter(FilterChainProxy.java:346)
	at org.springframework.security.web.session.SessionManagementFilter.doFilter(SessionManagementFilter.java:126)
	at org.springframework.security.web.session.SessionManagementFilter.doFilter(SessionManagementFilter.java:81)
	at org.springframework.security.web.FilterChainProxy$VirtualFilterChain.doFilter(FilterChainProxy.java:346)
	at org.springframework.security.web.authentication.AnonymousAuthenticationFilter.doFilter(AnonymousAuthenticationFilter.java:109)
	at org.springframework.security.web.FilterChainProxy$VirtualFilterChain.doFilter(FilterChainProxy.java:346)
	at org.springframework.security.web.servletapi.SecurityContextHolderAwareRequestFilter.doFilter(SecurityContextHolderAwareRequestFilter.java:149)
	at org.springframework.security.web.FilterChainProxy$VirtualFilterChain.doFilter(FilterChainProxy.java:346)
	at org.springframework.security.web.savedrequest.RequestCacheAwareFilter.doFilter(RequestCacheAwareFilter.java:63)
	at org.springframework.security.web.FilterChainProxy$VirtualFilterChain.doFilter(FilterChainProxy.java:346)
	at org.springframework.security.web.authentication.logout.LogoutFilter.doFilter(LogoutFilter.java:103)
	at org.springframework.security.web.authentication.logout.LogoutFilter.doFilter(LogoutFilter.java:89)
	at org.springframework.security.web.FilterChainProxy$VirtualFilterChain.doFilter(FilterChainProxy.java:346)
	at org.springframework.security.web.header.HeaderWriterFilter.doHeadersAfter(HeaderWriterFilter.java:90)
	at org.springframework.security.web.header.HeaderWriterFilter.doFilterInternal(HeaderWriterFilter.java:75)
	at org.springframework.web.filter.OncePerRequestFilter.doFilter(OncePerRequestFilter.java:117)
	at org.springframework.security.web.FilterChainProxy$VirtualFilterChain.doFilter(FilterChainProxy.java:346)
	at org.springframework.security.web.context.SecurityContextPersistenceFilter.doFilter(SecurityContextPersistenceFilter.java:112)
	at org.springframework.security.web.context.SecurityContextPersistenceFilter.doFilter(SecurityContextPersistenceFilter.java:82)
	at org.springframework.security.web.FilterChainProxy$VirtualFilterChain.doFilter(FilterChainProxy.java:346)
	at org.springframework.security.web.context.request.async.WebAsyncManagerIntegrationFilter.doFilterInternal(WebAsyncManagerIntegrationFilter.java:55)
	at org.springframework.web.filter.OncePerRequestFilter.doFilter(OncePerRequestFilter.java:117)
	at org.springframework.security.web.FilterChainProxy$VirtualFilterChain.doFilter(FilterChainProxy.java:346)
	at org.springframework.security.web.session.DisableEncodeUrlFilter.doFilterInternal(DisableEncodeUrlFilter.java:42)
	at org.springframework.web.filter.OncePerRequestFilter.doFilter(OncePerRequestFilter.java:117)
	at org.springframework.security.web.FilterChainProxy$VirtualFilterChain.doFilter(FilterChainProxy.java:346)
	at org.springframework.security.web.FilterChainProxy.doFilterInternal(FilterChainProxy.java:221)
	at org.springframework.security.web.FilterChainProxy.doFilter(FilterChainProxy.java:186)
	at org.springframework.web.filter.DelegatingFilterProxy.invokeDelegate(DelegatingFilterProxy.java:354)
	at org.springframework.web.filter.DelegatingFilterProxy.doFilter(DelegatingFilterProxy.java:267)
	at org.apache.catalina.core.ApplicationFilterChain.internalDoFilter(ApplicationFilterChain.java:189)
	at org.apache.catalina.core.ApplicationFilterChain.doFilter(ApplicationFilterChain.java:162)
	at org.springframework.boot.actuate.metrics.web.servlet.WebMvcMetricsFilter.doFilterInternal(WebMvcMetricsFilter.java:96)
	at org.springframework.web.filter.OncePerRequestFilter.doFilter(OncePerRequestFilter.java:117)
	at org.apache.catalina.core.ApplicationFilterChain.internalDoFilter(ApplicationFilterChain.java:189)
	at org.apache.catalina.core.ApplicationFilterChain.doFilter(ApplicationFilterChain.java:162)
	at org.springframework.web.filter.CharacterEncodingFilter.doFilterInternal(CharacterEncodingFilter.java:201)
	at org.springframework.web.filter.OncePerRequestFilter.doFilter(OncePerRequestFilter.java:117)
	at org.apache.catalina.core.ApplicationFilterChain.internalDoFilter(ApplicationFilterChain.java:189)
	at org.apache.catalina.core.ApplicationFilterChain.doFilter(ApplicationFilterChain.java:162)
	at org.apache.catalina.core.StandardWrapperValve.invoke(StandardWrapperValve.java:177)
	at org.apache.catalina.core.StandardContextValve.invoke(StandardContextValve.java:97)
	at org.apache.catalina.authenticator.AuthenticatorBase.invoke(AuthenticatorBase.java:541)
	at org.apache.catalina.core.StandardHostValve.invoke(StandardHostValve.java:135)
	at org.apache.catalina.valves.ErrorReportValve.invoke(ErrorReportValve.java:92)
	at org.apache.catalina.core.StandardEngineValve.invoke(StandardEngineValve.java:78)
	at org.apache.catalina.connector.CoyoteAdapter.service(CoyoteAdapter.java:360)
	at org.apache.coyote.http11.Http11Processor.service(Http11Processor.java:399)
	at org.apache.coyote.AbstractProcessorLight.process(AbstractProcessorLight.java:65)
	at org.apache.coyote.AbstractProtocol$ConnectionHandler.process(AbstractProtocol.java:891)
	at org.apache.tomcat.util.net.NioEndpoint$SocketProcessor.doRun(NioEndpoint.java:1784)
	at org.apache.tomcat.util.net.SocketProcessorBase.run(SocketProcessorBase.java:49)
	at org.apache.tomcat.util.threads.ThreadPoolExecutor.runWorker(ThreadPoolExecutor.java:1191)
	at org.apache.tomcat.util.threads.ThreadPoolExecutor$Worker.run(ThreadPoolExecutor.java:659)
	at org.apache.tomcat.util.threads.TaskThread$WrappingRunnable.run(TaskThread.java:61)
	at java.lang.Thread.run(Thread.java:750)
2025-12-03 11:30:32.890 [SpringApplicationShutdownHook] INFO  o.s.o.j.LocalContainerEntityManagerFactoryBean - Closing JPA EntityManagerFactory for persistence unit 'default'
2025-12-03 11:30:33.024 [SpringApplicationShutdownHook] INFO  com.zaxxer.hikari.HikariDataSource - HikariPool-1 - Shutdown initiated...
2025-12-03 11:30:33.046 [SpringApplicationShutdownHook] INFO  com.zaxxer.hikari.HikariDataSource - HikariPool-1 - Shutdown completed.
2025-12-03 14:53:29.618 [background-preinit] INFO  o.h.validator.internal.util.Version - HV000001: Hibernate Validator 6.2.5.Final
2025-12-03 14:53:29.731 [restartedMain] INFO  c.v.m.MiniProjectJavaApplication - Starting MiniProjectJavaApplication using Java 1.8.0_462 on Admin-PC with PID 8168 (F:\BE-QLBH\target\classes started by Admin in F:\BE-QLBH)
2025-12-03 14:53:30.083 [restartedMain] INFO  c.v.m.MiniProjectJavaApplication - No active profile set, falling back to 1 default profile: "default"
2025-12-03 14:53:30.731 [restartedMain] INFO  o.s.b.d.e.DevToolsPropertyDefaultsPostProcessor - Devtools property defaults active! Set 'spring.devtools.add-properties' to 'false' to disable
2025-12-03 14:53:30.732 [restartedMain] INFO  o.s.b.d.e.DevToolsPropertyDefaultsPostProcessor - For additional web related logging consider setting the 'logging.level.web' property to 'DEBUG'
2025-12-03 14:53:38.029 [restartedMain] INFO  o.s.d.r.c.RepositoryConfigurationDelegate - Bootstrapping Spring Data JPA repositories in DEFAULT mode.
2025-12-03 14:53:38.428 [restartedMain] INFO  o.s.d.r.c.RepositoryConfigurationDelegate - Finished Spring Data repository scanning in 372 ms. Found 17 JPA repository interfaces.
2025-12-03 14:53:41.455 [restartedMain] INFO  o.s.b.w.e.tomcat.TomcatWebServer - Tomcat initialized with port(s): 8080 (http)
2025-12-03 14:53:41.472 [restartedMain] INFO  o.a.coyote.http11.Http11NioProtocol - Initializing ProtocolHandler ["http-nio-8080"]
2025-12-03 14:53:41.473 [restartedMain] INFO  o.a.catalina.core.StandardService - Starting service [Tomcat]
2025-12-03 14:53:41.473 [restartedMain] INFO  o.a.catalina.core.StandardEngine - Starting Servlet engine: [Apache Tomcat/9.0.71]
2025-12-03 14:53:41.715 [restartedMain] INFO  o.a.c.c.C.[Tomcat].[localhost].[/] - Initializing Spring embedded WebApplicationContext
2025-12-03 14:53:41.715 [restartedMain] INFO  o.s.b.w.s.c.ServletWebServerApplicationContext - Root WebApplicationContext: initialization completed in 10964 ms
2025-12-03 14:53:42.051 [restartedMain] INFO  com.zaxxer.hikari.HikariDataSource - HikariPool-1 - Starting...
2025-12-03 14:53:42.474 [restartedMain] INFO  com.zaxxer.hikari.HikariDataSource - HikariPool-1 - Start completed.
2025-12-03 14:53:42.496 [restartedMain] INFO  o.s.b.a.h.H2ConsoleAutoConfiguration - H2 console available at '/h2-console'. Database available at 'jdbc:mysql://localhost:3306/datn?useUnicode=yes&characterEncoding=UTF-8&allowPublicKeyRetrieval=true&useSSL=false'
2025-12-03 14:53:42.823 [restartedMain] INFO  o.h.jpa.internal.util.LogHelper - HHH000204: Processing PersistenceUnitInfo [name: default]
2025-12-03 14:53:42.974 [restartedMain] INFO  org.hibernate.Version - HHH000412: Hibernate ORM core version 5.6.15.Final
2025-12-03 14:53:43.348 [restartedMain] INFO  o.h.annotations.common.Version - HCANN000001: Hibernate Commons Annotations {5.1.2.Final}
2025-12-03 14:53:43.554 [restartedMain] INFO  org.hibernate.dialect.Dialect - HHH000400: Using dialect: org.hibernate.dialect.MySQL8Dialect
2025-12-03 14:53:45.558 [restartedMain] INFO  o.h.e.t.j.p.i.JtaPlatformInitiator - HHH000490: Using JtaPlatform implementation: [org.hibernate.engine.transaction.jta.platform.internal.NoJtaPlatform]
2025-12-03 14:53:45.574 [restartedMain] INFO  o.s.o.j.LocalContainerEntityManagerFactoryBean - Initialized JPA EntityManagerFactory for persistence unit 'default'
2025-12-03 14:53:46.018 [restartedMain] WARN  o.s.b.a.o.j.JpaBaseConfiguration$JpaWebConfiguration - spring.jpa.open-in-view is enabled by default. Therefore, database queries may be performed during view rendering. Explicitly configure spring.jpa.open-in-view to disable this warning
2025-12-03 14:53:48.580 [restartedMain] WARN  o.s.b.a.s.s.UserDetailsServiceAutoConfiguration - 

Using generated security password: fe8fe347-1e32-4747-ab9d-ec0d04449da8

This generated password is for development use only. Your security configuration must be updated before running your application in production.

2025-12-03 14:53:48.752 [restartedMain] INFO  o.s.s.web.DefaultSecurityFilterChain - Will secure any request with [org.springframework.security.web.session.DisableEncodeUrlFilter@293ede30, org.springframework.security.web.context.request.async.WebAsyncManagerIntegrationFilter@23f80a77, org.springframework.security.web.context.SecurityContextPersistenceFilter@6531bb85, org.springframework.security.web.header.HeaderWriterFilter@6065b737, org.springframework.security.web.authentication.logout.LogoutFilter@5b5963f5, org.springframework.security.web.savedrequest.RequestCacheAwareFilter@3c7b5251, org.springframework.security.web.servletapi.SecurityContextHolderAwareRequestFilter@2fd7ff8d, org.springframework.security.web.authentication.AnonymousAuthenticationFilter@246c24ee, org.springframework.security.web.session.SessionManagementFilter@1b978399, org.springframework.security.web.access.ExceptionTranslationFilter@78301f38, org.springframework.security.web.access.intercept.FilterSecurityInterceptor@1d3c23ce]
2025-12-03 14:53:52.988 [restartedMain] INFO  o.s.b.d.a.OptionalLiveReloadServer - LiveReload server is running on port 35729
2025-12-03 14:53:52.994 [restartedMain] INFO  o.s.b.a.e.web.EndpointLinksResolver - Exposing 1 endpoint(s) beneath base path '/actuator'
2025-12-03 14:53:53.025 [restartedMain] INFO  o.a.coyote.http11.Http11NioProtocol - Starting ProtocolHandler ["http-nio-8080"]
2025-12-03 14:53:53.047 [restartedMain] INFO  o.s.b.w.e.tomcat.TomcatWebServer - Tomcat started on port(s): 8080 (http) with context path ''
2025-12-03 14:53:53.075 [restartedMain] INFO  c.v.m.MiniProjectJavaApplication - Started MiniProjectJavaApplication in 25.809 seconds (JVM running for 28.144)
2025-12-03 14:54:16.780 [http-nio-8080-exec-3] INFO  o.a.c.c.C.[Tomcat].[localhost].[/] - Initializing Spring DispatcherServlet 'dispatcherServlet'
2025-12-03 14:54:16.780 [http-nio-8080-exec-3] INFO  o.s.web.servlet.DispatcherServlet - Initializing Servlet 'dispatcherServlet'
2025-12-03 14:54:16.782 [http-nio-8080-exec-3] INFO  o.s.web.servlet.DispatcherServlet - Completed initialization in 2 ms
2025-12-03 14:56:24.369 [http-nio-8080-exec-9] INFO  c.v.m.r.AccountController - Người dùng [demo_admin] đã đăng nhập thành công lúc 2025-12-03T14:56:24.369
2025-12-03 14:56:57.509 [http-nio-8080-exec-2] INFO  c.v.m.r.AccountController - Người dùng [demo_user] đã đăng nhập thành công lúc 2025-12-03T14:56:57.509
2025-12-03 14:57:02.732 [http-nio-8080-exec-10] INFO  c.v.m.restcontroller.OrderController - Người dùng 'demo_user' đã mua 1 Đơn Vị Sản Phẩm 'Samsung Galaxy A54 5G' Vào Gio Hang.
2025-12-03 14:57:02.732 [http-nio-8080-exec-10] INFO  c.v.m.restcontroller.OrderController - Người dùng 'demo_user' đã mua 1 Đơn Vị Sản Phẩm 'Samsung Galaxy A54 5G' Vào Gio Hang.
2025-12-03 14:57:56.051 [http-nio-8080-exec-1] INFO  c.v.m.r.integrationVnpayController - Found account from header: 6
2025-12-03 14:59:53.073 [http-nio-8080-exec-7] INFO  c.v.m.restcontroller.OrderController - 📧 Đã gửi email hủy đơn hàng đến lamnguyen4791@gmail.com
2025-12-03 14:59:58.105 [http-nio-8080-exec-5] INFO  c.v.m.restcontroller.OrderController - 📧 Đã gửi email hủy đơn hàng đến lamnguyen4791@gmail.com
2025-12-03 15:00:01.003 [http-nio-8080-exec-4] INFO  c.v.m.restcontroller.OrderController - Người dùng 'demo_user' đã mua 1 Đơn Vị Sản Phẩm 'Samsung Galaxy A54 5G' Vào Gio Hang.
2025-12-03 15:00:01.003 [http-nio-8080-exec-4] INFO  c.v.m.restcontroller.OrderController - Người dùng 'demo_user' đã mua 1 Đơn Vị Sản Phẩm 'Samsung Galaxy A54 5G' Vào Gio Hang.
2025-12-03 15:00:12.069 [http-nio-8080-exec-8] INFO  c.v.m.restcontroller.OrderController - ========== BẮT ĐẦU TẠO ĐƠN HÀNG MỚI ==========
2025-12-03 15:00:12.069 [http-nio-8080-exec-8] INFO  c.v.m.restcontroller.OrderController - Thời gian: 2025-12-03T15:00:12.069
2025-12-03 15:00:12.073 [http-nio-8080-exec-8] INFO  c.v.m.restcontroller.OrderController - Found account from header: 6
2025-12-03 15:00:12.073 [http-nio-8080-exec-8] INFO  c.v.m.restcontroller.OrderController - Người dùng: demo_user (ID: 6)
2025-12-03 15:00:12.073 [http-nio-8080-exec-8] INFO  c.v.m.restcontroller.OrderController - Thông tin đơn hàng:
2025-12-03 15:00:12.073 [http-nio-8080-exec-8] INFO  c.v.m.restcontroller.OrderController - -Người nhận: Nguyễn Trung Lam
2025-12-03 15:00:12.073 [http-nio-8080-exec-8] INFO  c.v.m.restcontroller.OrderController - -Phương thức thanh toán: COD
2025-12-03 15:00:12.083 [http-nio-8080-exec-8] INFO  c.v.m.restcontroller.OrderController - Lưu đơn hàng thành công (ID: 71, OrderNumber 6)
2025-12-03 15:00:12.083 [http-nio-8080-exec-8] INFO  c.v.m.restcontroller.OrderController - 📩 Đã gửi email xác nhận đơn hàng đến lamnguyen4791@gmail.com
2025-12-03 15:00:12.090 [http-nio-8080-exec-8] INFO  c.v.m.restcontroller.OrderController - Tạo {} chi tiết đơn hàng
2025-12-03 15:00:12.090 [http-nio-8080-exec-8] INFO  c.v.m.restcontroller.OrderController - TẠO ĐƠN HÀNG THÀNH CÔNG
2025-12-03 15:00:12.090 [http-nio-8080-exec-8] INFO  c.v.m.restcontroller.OrderController - Created Order ID 71 with txnRef 1764748812073
2025-12-03 15:00:12.090 [http-nio-8080-exec-8] INFO  c.v.m.restcontroller.OrderController -    - Người tạo: demo_user (ID: 6)
2025-12-03 15:00:12.090 [http-nio-8080-exec-8] INFO  c.v.m.restcontroller.OrderController - ========== KẾT THÚC TẠO ĐƠN HÀNG ==========

2025-12-03 15:00:22.470 [http-nio-8080-exec-6] INFO  c.v.m.restcontroller.OrderController - 📧 Đã gửi email hủy đơn hàng đến lamnguyen4791@gmail.com
2025-12-03 15:05:20.976 [SpringApplicationShutdownHook] INFO  o.s.o.j.LocalContainerEntityManagerFactoryBean - Closing JPA EntityManagerFactory for persistence unit 'default'
2025-12-03 15:05:20.988 [SpringApplicationShutdownHook] INFO  com.zaxxer.hikari.HikariDataSource - HikariPool-1 - Shutdown initiated...
2025-12-03 15:05:21.013 [SpringApplicationShutdownHook] INFO  com.zaxxer.hikari.HikariDataSource - HikariPool-1 - Shutdown completed.
2025-12-03 15:05:33.902 [background-preinit] INFO  o.h.validator.internal.util.Version - HV000001: Hibernate Validator 6.2.5.Final
2025-12-03 15:05:33.986 [restartedMain] INFO  c.v.m.MiniProjectJavaApplication - Starting MiniProjectJavaApplication using Java 1.8.0_462 on Admin-PC with PID 26544 (F:\BE-QLBH\target\classes started by Admin in F:\BE-QLBH)
2025-12-03 15:05:33.989 [restartedMain] INFO  c.v.m.MiniProjectJavaApplication - No active profile set, falling back to 1 default profile: "default"
2025-12-03 15:05:34.169 [restartedMain] INFO  o.s.b.d.e.DevToolsPropertyDefaultsPostProcessor - Devtools property defaults active! Set 'spring.devtools.add-properties' to 'false' to disable
2025-12-03 15:05:34.170 [restartedMain] INFO  o.s.b.d.e.DevToolsPropertyDefaultsPostProcessor - For additional web related logging consider setting the 'logging.level.web' property to 'DEBUG'
2025-12-03 15:05:36.222 [restartedMain] INFO  o.s.d.r.c.RepositoryConfigurationDelegate - Bootstrapping Spring Data JPA repositories in DEFAULT mode.
2025-12-03 15:05:36.385 [restartedMain] INFO  o.s.d.r.c.RepositoryConfigurationDelegate - Finished Spring Data repository scanning in 149 ms. Found 17 JPA repository interfaces.
2025-12-03 15:05:39.101 [restartedMain] INFO  o.s.b.w.e.tomcat.TomcatWebServer - Tomcat initialized with port(s): 8080 (http)
2025-12-03 15:05:39.127 [restartedMain] INFO  o.a.coyote.http11.Http11NioProtocol - Initializing ProtocolHandler ["http-nio-8080"]
2025-12-03 15:05:39.128 [restartedMain] INFO  o.a.catalina.core.StandardService - Starting service [Tomcat]
2025-12-03 15:05:39.128 [restartedMain] INFO  o.a.catalina.core.StandardEngine - Starting Servlet engine: [Apache Tomcat/9.0.71]
2025-12-03 15:05:39.339 [restartedMain] INFO  o.a.c.c.C.[Tomcat].[localhost].[/] - Initializing Spring embedded WebApplicationContext
2025-12-03 15:05:39.342 [restartedMain] INFO  o.s.b.w.s.c.ServletWebServerApplicationContext - Root WebApplicationContext: initialization completed in 5171 ms
2025-12-03 15:05:39.649 [restartedMain] INFO  com.zaxxer.hikari.HikariDataSource - HikariPool-1 - Starting...
2025-12-03 15:05:39.981 [restartedMain] INFO  com.zaxxer.hikari.HikariDataSource - HikariPool-1 - Start completed.
2025-12-03 15:05:39.996 [restartedMain] INFO  o.s.b.a.h.H2ConsoleAutoConfiguration - H2 console available at '/h2-console'. Database available at 'jdbc:mysql://localhost:3306/datn?useUnicode=yes&characterEncoding=UTF-8&allowPublicKeyRetrieval=true&useSSL=false'
2025-12-03 15:05:40.455 [restartedMain] INFO  o.h.jpa.internal.util.LogHelper - HHH000204: Processing PersistenceUnitInfo [name: default]
2025-12-03 15:05:40.617 [restartedMain] INFO  org.hibernate.Version - HHH000412: Hibernate ORM core version 5.6.15.Final
2025-12-03 15:05:41.011 [restartedMain] INFO  o.h.annotations.common.Version - HCANN000001: Hibernate Commons Annotations {5.1.2.Final}
2025-12-03 15:05:41.303 [restartedMain] INFO  org.hibernate.dialect.Dialect - HHH000400: Using dialect: org.hibernate.dialect.MySQL8Dialect
2025-12-03 15:05:43.521 [restartedMain] INFO  o.h.e.t.j.p.i.JtaPlatformInitiator - HHH000490: Using JtaPlatform implementation: [org.hibernate.engine.transaction.jta.platform.internal.NoJtaPlatform]
2025-12-03 15:05:43.554 [restartedMain] INFO  o.s.o.j.LocalContainerEntityManagerFactoryBean - Initialized JPA EntityManagerFactory for persistence unit 'default'
2025-12-03 15:05:44.165 [restartedMain] WARN  o.s.b.a.o.j.JpaBaseConfiguration$JpaWebConfiguration - spring.jpa.open-in-view is enabled by default. Therefore, database queries may be performed during view rendering. Explicitly configure spring.jpa.open-in-view to disable this warning
2025-12-03 15:05:46.238 [restartedMain] WARN  o.s.b.a.s.s.UserDetailsServiceAutoConfiguration - 

Using generated security password: 867cca42-d1db-40c0-b67c-bb2b24ce62ec

This generated password is for development use only. Your security configuration must be updated before running your application in production.

2025-12-03 15:05:46.482 [restartedMain] INFO  o.s.s.web.DefaultSecurityFilterChain - Will secure any request with [org.springframework.security.web.session.DisableEncodeUrlFilter@49fdb04e, org.springframework.security.web.context.request.async.WebAsyncManagerIntegrationFilter@4f17b139, org.springframework.security.web.context.SecurityContextPersistenceFilter@22ead195, org.springframework.security.web.header.HeaderWriterFilter@66020e41, org.springframework.security.web.authentication.logout.LogoutFilter@68c2e962, org.springframework.security.web.savedrequest.RequestCacheAwareFilter@717449d2, org.springframework.security.web.servletapi.SecurityContextHolderAwareRequestFilter@47903101, org.springframework.security.web.authentication.AnonymousAuthenticationFilter@2ca2baf3, org.springframework.security.web.session.SessionManagementFilter@1e6921d6, org.springframework.security.web.access.ExceptionTranslationFilter@1be94982, org.springframework.security.web.access.intercept.FilterSecurityInterceptor@249219c7]
2025-12-03 15:05:47.859 [restartedMain] INFO  o.s.b.d.a.OptionalLiveReloadServer - LiveReload server is running on port 35729
2025-12-03 15:05:47.867 [restartedMain] INFO  o.s.b.a.e.web.EndpointLinksResolver - Exposing 1 endpoint(s) beneath base path '/actuator'
2025-12-03 15:05:47.902 [restartedMain] INFO  o.a.coyote.http11.Http11NioProtocol - Starting ProtocolHandler ["http-nio-8080"]
2025-12-03 15:05:47.938 [restartedMain] INFO  o.s.b.w.e.tomcat.TomcatWebServer - Tomcat started on port(s): 8080 (http) with context path ''
2025-12-03 15:05:47.964 [restartedMain] INFO  c.v.m.MiniProjectJavaApplication - Started MiniProjectJavaApplication in 15.136 seconds (JVM running for 16.415)
2025-12-03 15:05:48.084 [http-nio-8080-exec-1] INFO  o.a.c.c.C.[Tomcat].[localhost].[/] - Initializing Spring DispatcherServlet 'dispatcherServlet'
2025-12-03 15:05:48.086 [http-nio-8080-exec-1] INFO  o.s.web.servlet.DispatcherServlet - Initializing Servlet 'dispatcherServlet'
2025-12-03 15:05:48.087 [http-nio-8080-exec-1] INFO  o.s.web.servlet.DispatcherServlet - Completed initialization in 1 ms
2025-12-03 15:06:14.015 [http-nio-8080-exec-2] INFO  c.v.m.restcontroller.OrderController - Người dùng 'demo_user' đã mua 1 Đơn Vị Sản Phẩm 'Samsung Galaxy A54 5G' Vào Gio Hang.
2025-12-03 15:06:14.015 [http-nio-8080-exec-2] INFO  c.v.m.restcontroller.OrderController - Người dùng 'demo_user' đã mua 1 Đơn Vị Sản Phẩm 'Samsung Galaxy A54 5G' Vào Gio Hang.
2025-12-03 15:06:44.952 [http-nio-8080-exec-2] INFO  c.v.m.r.integrationVnpayController - Found account from header: 6
2025-12-03 15:06:44.952 [http-nio-8080-exec-2] INFO  c.v.m.r.integrationVnpayController - Tổng tiền (sau giảm giá): 9671200.0
2025-12-03 15:07:36.127 [http-nio-8080-exec-4] INFO  c.v.m.restcontroller.OrderController - 📧 Đã gửi email hủy đơn hàng đến lamnguyen4791@gmail.com
2025-12-03 15:27:44.620 [SpringApplicationShutdownHook] INFO  o.s.o.j.LocalContainerEntityManagerFactoryBean - Closing JPA EntityManagerFactory for persistence unit 'default'
2025-12-03 15:27:44.684 [SpringApplicationShutdownHook] INFO  com.zaxxer.hikari.HikariDataSource - HikariPool-1 - Shutdown initiated...
2025-12-03 15:27:44.714 [SpringApplicationShutdownHook] INFO  com.zaxxer.hikari.HikariDataSource - HikariPool-1 - Shutdown completed.
2025-12-03 19:57:58.174 [background-preinit] INFO  o.h.validator.internal.util.Version - HV000001: Hibernate Validator 6.2.5.Final
2025-12-03 19:57:58.216 [restartedMain] INFO  c.v.m.MiniProjectJavaApplication - Starting MiniProjectJavaApplication using Java 1.8.0_462 on Admin-PC with PID 17828 (F:\BE-QLBH\target\classes started by Admin in F:\BE-QLBH)
2025-12-03 19:57:58.216 [restartedMain] INFO  c.v.m.MiniProjectJavaApplication - No active profile set, falling back to 1 default profile: "default"
2025-12-03 19:57:58.334 [restartedMain] INFO  o.s.b.d.e.DevToolsPropertyDefaultsPostProcessor - Devtools property defaults active! Set 'spring.devtools.add-properties' to 'false' to disable
2025-12-03 19:57:58.335 [restartedMain] INFO  o.s.b.d.e.DevToolsPropertyDefaultsPostProcessor - For additional web related logging consider setting the 'logging.level.web' property to 'DEBUG'
2025-12-03 19:58:02.076 [restartedMain] INFO  o.s.d.r.c.RepositoryConfigurationDelegate - Bootstrapping Spring Data JPA repositories in DEFAULT mode.
2025-12-03 19:58:02.280 [restartedMain] INFO  o.s.d.r.c.RepositoryConfigurationDelegate - Finished Spring Data repository scanning in 186 ms. Found 17 JPA repository interfaces.
2025-12-03 19:58:05.606 [restartedMain] INFO  o.s.b.w.e.tomcat.TomcatWebServer - Tomcat initialized with port(s): 8080 (http)
2025-12-03 19:58:05.636 [restartedMain] INFO  o.a.coyote.http11.Http11NioProtocol - Initializing ProtocolHandler ["http-nio-8080"]
2025-12-03 19:58:05.636 [restartedMain] INFO  o.a.catalina.core.StandardService - Starting service [Tomcat]
2025-12-03 19:58:05.636 [restartedMain] INFO  o.a.catalina.core.StandardEngine - Starting Servlet engine: [Apache Tomcat/9.0.71]
2025-12-03 19:58:05.796 [restartedMain] INFO  o.a.c.c.C.[Tomcat].[localhost].[/] - Initializing Spring embedded WebApplicationContext
2025-12-03 19:58:05.796 [restartedMain] INFO  o.s.b.w.s.c.ServletWebServerApplicationContext - Root WebApplicationContext: initialization completed in 7460 ms
2025-12-03 19:58:06.092 [restartedMain] INFO  com.zaxxer.hikari.HikariDataSource - HikariPool-1 - Starting...
2025-12-03 19:58:06.374 [restartedMain] INFO  com.zaxxer.hikari.HikariDataSource - HikariPool-1 - Start completed.
2025-12-03 19:58:06.392 [restartedMain] INFO  o.s.b.a.h.H2ConsoleAutoConfiguration - H2 console available at '/h2-console'. Database available at 'jdbc:mysql://localhost:3306/datn?useUnicode=yes&characterEncoding=UTF-8&allowPublicKeyRetrieval=true&useSSL=false'
2025-12-03 19:58:06.754 [restartedMain] INFO  o.h.jpa.internal.util.LogHelper - HHH000204: Processing PersistenceUnitInfo [name: default]
2025-12-03 19:58:06.844 [restartedMain] INFO  org.hibernate.Version - HHH000412: Hibernate ORM core version 5.6.15.Final
2025-12-03 19:58:07.202 [restartedMain] INFO  o.h.annotations.common.Version - HCANN000001: Hibernate Commons Annotations {5.1.2.Final}
2025-12-03 19:58:07.447 [restartedMain] INFO  org.hibernate.dialect.Dialect - HHH000400: Using dialect: org.hibernate.dialect.MySQL8Dialect
2025-12-03 19:58:09.115 [restartedMain] INFO  o.h.e.t.j.p.i.JtaPlatformInitiator - HHH000490: Using JtaPlatform implementation: [org.hibernate.engine.transaction.jta.platform.internal.NoJtaPlatform]
2025-12-03 19:58:09.131 [restartedMain] INFO  o.s.o.j.LocalContainerEntityManagerFactoryBean - Initialized JPA EntityManagerFactory for persistence unit 'default'
2025-12-03 19:58:09.569 [restartedMain] WARN  o.s.b.a.o.j.JpaBaseConfiguration$JpaWebConfiguration - spring.jpa.open-in-view is enabled by default. Therefore, database queries may be performed during view rendering. Explicitly configure spring.jpa.open-in-view to disable this warning
2025-12-03 19:58:11.084 [restartedMain] WARN  o.s.b.a.s.s.UserDetailsServiceAutoConfiguration - 

Using generated security password: 94a18564-0a4b-4b52-9155-12486ed3d971

This generated password is for development use only. Your security configuration must be updated before running your application in production.

2025-12-03 19:58:11.271 [restartedMain] INFO  o.s.s.web.DefaultSecurityFilterChain - Will secure any request with [org.springframework.security.web.session.DisableEncodeUrlFilter@4b337157, org.springframework.security.web.context.request.async.WebAsyncManagerIntegrationFilter@283c44b6, org.springframework.security.web.context.SecurityContextPersistenceFilter@4e964ace, org.springframework.security.web.header.HeaderWriterFilter@69951fe4, org.springframework.security.web.authentication.logout.LogoutFilter@625bda80, org.springframework.security.web.savedrequest.RequestCacheAwareFilter@7484cf2, org.springframework.security.web.servletapi.SecurityContextHolderAwareRequestFilter@3be4eb8a, org.springframework.security.web.authentication.AnonymousAuthenticationFilter@171a05d6, org.springframework.security.web.session.SessionManagementFilter@24f0583f, org.springframework.security.web.access.ExceptionTranslationFilter@200b6a44, org.springframework.security.web.access.intercept.FilterSecurityInterceptor@1cbfcb75]
2025-12-03 19:58:13.406 [restartedMain] INFO  o.s.b.d.a.OptionalLiveReloadServer - LiveReload server is running on port 35729
2025-12-03 19:58:13.414 [restartedMain] INFO  o.s.b.a.e.web.EndpointLinksResolver - Exposing 1 endpoint(s) beneath base path '/actuator'
2025-12-03 19:58:13.438 [restartedMain] INFO  o.a.coyote.http11.Http11NioProtocol - Starting ProtocolHandler ["http-nio-8080"]
2025-12-03 19:58:13.447 [restartedMain] INFO  o.s.b.w.e.tomcat.TomcatWebServer - Tomcat started on port(s): 8080 (http) with context path ''
2025-12-03 19:58:13.471 [restartedMain] INFO  c.v.m.MiniProjectJavaApplication - Started MiniProjectJavaApplication in 16.481 seconds (JVM running for 18.005)
2025-12-03 19:58:29.771 [http-nio-8080-exec-4] INFO  o.a.c.c.C.[Tomcat].[localhost].[/] - Initializing Spring DispatcherServlet 'dispatcherServlet'
2025-12-03 19:58:29.773 [http-nio-8080-exec-4] INFO  o.s.web.servlet.DispatcherServlet - Initializing Servlet 'dispatcherServlet'
2025-12-03 19:58:29.775 [http-nio-8080-exec-4] INFO  o.s.web.servlet.DispatcherServlet - Completed initialization in 2 ms
2025-12-03 20:29:38.999 [http-nio-8080-exec-8] INFO  c.v.m.restcontroller.OrderController - Người dùng 'demo_user' đã mua 1 Đơn Vị Sản Phẩm 'Samsung Galaxy Watch 6 Classic 47mm' Vào Gio Hang.
2025-12-03 20:29:39.306 [http-nio-8080-exec-8] INFO  c.v.m.restcontroller.OrderController - Người dùng 'demo_user' đã mua 1 Đơn Vị Sản Phẩm 'Samsung Galaxy Watch 6 Classic 47mm' Vào Gio Hang.
2025-12-03 20:33:57.428 [http-nio-8080-exec-6] INFO  c.v.m.r.integrationVnpayController - Found account from header: 6
2025-12-03 20:33:57.428 [http-nio-8080-exec-6] INFO  c.v.m.r.integrationVnpayController - Tổng tiền (sau giảm giá): 7911200.0
2025-12-03 20:43:09.050 [http-nio-8080-exec-2] INFO  c.v.m.restcontroller.OrderController - 📧 Đã gửi email hủy đơn hàng đến lamnguyen4791@gmail.com
2025-12-03 20:57:16.027 [http-nio-8080-exec-3] INFO  c.v.m.r.AccountController - Người dùng [demo_admin] đã đăng nhập thành công lúc 2025-12-03T20:57:16.027
2025-12-03 22:24:29.086 [SpringApplicationShutdownHook] INFO  o.s.o.j.LocalContainerEntityManagerFactoryBean - Closing JPA EntityManagerFactory for persistence unit 'default'
2025-12-03 22:24:29.142 [SpringApplicationShutdownHook] INFO  com.zaxxer.hikari.HikariDataSource - HikariPool-1 - Shutdown initiated...
2025-12-03 22:24:29.148 [SpringApplicationShutdownHook] INFO  com.zaxxer.hikari.HikariDataSource - HikariPool-1 - Shutdown completed.
