2025-12-02 09:09:38.441 [background-preinit] INFO  o.h.validator.internal.util.Version - HV000001: Hibernate Validator 6.2.5.Final
2025-12-02 09:09:38.492 [restartedMain] INFO  c.v.m.MiniProjectJavaApplication - Starting MiniProjectJavaApplication using Java 1.8.0_462 on Admin-PC with PID 13916 (F:\BE-QLBH\target\classes started by Admin in F:\BE-QLBH)
2025-12-02 09:09:38.498 [restartedMain] INFO  c.v.m.MiniProjectJavaApplication - No active profile set, falling back to 1 default profile: "default"
2025-12-02 09:09:38.665 [restartedMain] INFO  o.s.b.d.e.DevToolsPropertyDefaultsPostProcessor - Devtools property defaults active! Set 'spring.devtools.add-properties' to 'false' to disable
2025-12-02 09:09:38.669 [restartedMain] INFO  o.s.b.d.e.DevToolsPropertyDefaultsPostProcessor - For additional web related logging consider setting the 'logging.level.web' property to 'DEBUG'
2025-12-02 09:09:41.896 [restartedMain] INFO  o.s.d.r.c.RepositoryConfigurationDelegate - Bootstrapping Spring Data JPA repositories in DEFAULT mode.
2025-12-02 09:09:42.042 [restartedMain] INFO  o.s.d.r.c.RepositoryConfigurationDelegate - Finished Spring Data repository scanning in 135 ms. Found 17 JPA repository interfaces.
2025-12-02 09:09:44.479 [restartedMain] INFO  o.s.b.w.e.tomcat.TomcatWebServer - Tomcat initialized with port(s): 8080 (http)
2025-12-02 09:09:44.493 [restartedMain] INFO  o.a.coyote.http11.Http11NioProtocol - Initializing ProtocolHandler ["http-nio-8080"]
2025-12-02 09:09:44.495 [restartedMain] INFO  o.a.catalina.core.StandardService - Starting service [Tomcat]
2025-12-02 09:09:44.495 [restartedMain] INFO  o.a.catalina.core.StandardEngine - Starting Servlet engine: [Apache Tomcat/9.0.71]
2025-12-02 09:09:44.667 [restartedMain] INFO  o.a.c.c.C.[Tomcat].[localhost].[/] - Initializing Spring embedded WebApplicationContext
2025-12-02 09:09:44.670 [restartedMain] INFO  o.s.b.w.s.c.ServletWebServerApplicationContext - Root WebApplicationContext: initialization completed in 5992 ms
2025-12-02 09:09:44.967 [restartedMain] INFO  com.zaxxer.hikari.HikariDataSource - HikariPool-1 - Starting...
2025-12-02 09:09:45.414 [restartedMain] INFO  com.zaxxer.hikari.HikariDataSource - HikariPool-1 - Start completed.
2025-12-02 09:09:45.431 [restartedMain] INFO  o.s.b.a.h.H2ConsoleAutoConfiguration - H2 console available at '/h2-console'. Database available at 'jdbc:mysql://localhost:3306/datn?useUnicode=yes&characterEncoding=UTF-8&allowPublicKeyRetrieval=true&useSSL=false'
2025-12-02 09:09:46.112 [restartedMain] INFO  o.h.jpa.internal.util.LogHelper - HHH000204: Processing PersistenceUnitInfo [name: default]
2025-12-02 09:09:46.225 [restartedMain] INFO  org.hibernate.Version - HHH000412: Hibernate ORM core version 5.6.15.Final
2025-12-02 09:09:46.529 [restartedMain] INFO  o.h.annotations.common.Version - HCANN000001: Hibernate Commons Annotations {5.1.2.Final}
2025-12-02 09:09:46.718 [restartedMain] INFO  org.hibernate.dialect.Dialect - HHH000400: Using dialect: org.hibernate.dialect.MySQL8Dialect
2025-12-02 09:09:48.894 [restartedMain] INFO  o.h.e.t.j.p.i.JtaPlatformInitiator - HHH000490: Using JtaPlatform implementation: [org.hibernate.engine.transaction.jta.platform.internal.NoJtaPlatform]
2025-12-02 09:09:48.909 [restartedMain] INFO  o.s.o.j.LocalContainerEntityManagerFactoryBean - Initialized JPA EntityManagerFactory for persistence unit 'default'
2025-12-02 09:09:49.369 [restartedMain] WARN  o.s.b.a.o.j.JpaBaseConfiguration$JpaWebConfiguration - spring.jpa.open-in-view is enabled by default. Therefore, database queries may be performed during view rendering. Explicitly configure spring.jpa.open-in-view to disable this warning
2025-12-02 09:09:54.099 [restartedMain] WARN  o.s.b.a.s.s.UserDetailsServiceAutoConfiguration - 

Using generated security password: 351aba4e-1e61-4990-a68e-95d71783385a

This generated password is for development use only. Your security configuration must be updated before running your application in production.

2025-12-02 09:09:54.865 [restartedMain] INFO  o.s.s.web.DefaultSecurityFilterChain - Will secure any request with [org.springframework.security.web.session.DisableEncodeUrlFilter@5c9150b2, org.springframework.security.web.context.request.async.WebAsyncManagerIntegrationFilter@4aff1f4b, org.springframework.security.web.context.SecurityContextPersistenceFilter@5994881f, org.springframework.security.web.header.HeaderWriterFilter@56752c6e, org.springframework.security.web.authentication.logout.LogoutFilter@5124406e, org.springframework.security.web.savedrequest.RequestCacheAwareFilter@160fc9eb, org.springframework.security.web.servletapi.SecurityContextHolderAwareRequestFilter@4c92649b, org.springframework.security.web.authentication.AnonymousAuthenticationFilter@69732e31, org.springframework.security.web.session.SessionManagementFilter@54e88bc9, org.springframework.security.web.access.ExceptionTranslationFilter@ce6c9be, org.springframework.security.web.access.intercept.FilterSecurityInterceptor@6867c3f]
2025-12-02 09:10:00.544 [restartedMain] INFO  o.s.b.d.a.OptionalLiveReloadServer - LiveReload server is running on port 35729
2025-12-02 09:10:00.553 [restartedMain] INFO  o.s.b.a.e.web.EndpointLinksResolver - Exposing 1 endpoint(s) beneath base path '/actuator'
2025-12-02 09:10:00.585 [restartedMain] INFO  o.a.coyote.http11.Http11NioProtocol - Starting ProtocolHandler ["http-nio-8080"]
2025-12-02 09:10:00.604 [restartedMain] INFO  o.s.b.w.e.tomcat.TomcatWebServer - Tomcat started on port(s): 8080 (http) with context path ''
2025-12-02 09:10:00.636 [restartedMain] INFO  c.v.m.MiniProjectJavaApplication - Started MiniProjectJavaApplication in 23.235 seconds (JVM running for 24.676)
2025-12-02 09:10:13.486 [http-nio-8080-exec-1] INFO  o.a.c.c.C.[Tomcat].[localhost].[/] - Initializing Spring DispatcherServlet 'dispatcherServlet'
2025-12-02 09:10:13.487 [http-nio-8080-exec-1] INFO  o.s.web.servlet.DispatcherServlet - Initializing Servlet 'dispatcherServlet'
2025-12-02 09:10:13.488 [http-nio-8080-exec-1] INFO  o.s.web.servlet.DispatcherServlet - Completed initialization in 1 ms
2025-12-02 09:10:30.295 [http-nio-8080-exec-8] INFO  c.v.m.r.HomeRestController - Người dùng 'unknown' đã mua 1 Đơn Vị Sản Phẩm 'Samsung Galaxy Watch 6 Classic 47mm' Vào Gio Hang.
2025-12-02 09:10:30.296 [http-nio-8080-exec-8] INFO  c.v.m.r.HomeRestController - Người dùng 'unknown' đã mua 1 Đơn Vị Sản Phẩm 'Samsung Galaxy Watch 6 Classic 47mm' Vào Gio Hang.
2025-12-02 09:11:06.178 [http-nio-8080-exec-5] INFO  c.v.m.r.HomeRestController - Người dùng 'unknown' đã mua 1 Đơn Vị Sản Phẩm 'iPad Pro 12.9 inch M2 256GB' Vào Gio Hang.
2025-12-02 09:11:06.178 [http-nio-8080-exec-5] INFO  c.v.m.r.HomeRestController - Người dùng 'unknown' đã mua 1 Đơn Vị Sản Phẩm 'iPad Pro 12.9 inch M2 256GB' Vào Gio Hang.
2025-12-02 09:15:02.927 [http-nio-8080-exec-4] INFO  c.v.m.r.AccountRestController - Người dùng [demo_user] đã đăng nhập thành công lúc 2025-12-02T09:15:02.927
2025-12-02 09:15:10.273 [http-nio-8080-exec-4] INFO  c.v.m.r.integrationVnpayRestController - Found account from header: 6
2025-12-02 09:15:14.879 [http-nio-8080-exec-4] INFO  c.v.m.r.integrationVnpayRestController - Đã gửi email xác nhận đơn hàng đến lamnguyen4791@gmail.com
2025-12-02 09:16:48.489 [http-nio-8080-exec-10] INFO  c.v.m.r.HomeRestController - Người dùng 'demo_user' đã mua 1 Đơn Vị Sản Phẩm 'Samsung Galaxy A54 5G' Vào Gio Hang.
2025-12-02 09:16:48.490 [http-nio-8080-exec-10] INFO  c.v.m.r.HomeRestController - Người dùng 'demo_user' đã mua 1 Đơn Vị Sản Phẩm 'Samsung Galaxy A54 5G' Vào Gio Hang.
2025-12-02 09:16:53.032 [http-nio-8080-exec-2] INFO  c.v.m.r.integrationVnpayRestController - Found account from header: 6
2025-12-02 09:16:56.727 [http-nio-8080-exec-2] INFO  c.v.m.r.integrationVnpayRestController - Đã gửi email xác nhận đơn hàng đến lamnguyen4791@gmail.com
2025-12-02 09:19:35.410 [http-nio-8080-exec-4] INFO  c.v.m.r.HomeRestController - 📧 Đã gửi email hủy đơn hàng đến lamnguyen4791@gmail.com
2025-12-02 09:26:46.329 [http-nio-8080-exec-10] INFO  c.v.m.r.HomeRestController - Người dùng 'demo_user' đã mua 1 Đơn Vị Sản Phẩm 'Samsung Galaxy A54 5G' Vào Gio Hang.
2025-12-02 09:26:46.367 [http-nio-8080-exec-10] INFO  c.v.m.r.HomeRestController - Người dùng 'demo_user' đã mua 1 Đơn Vị Sản Phẩm 'Samsung Galaxy A54 5G' Vào Gio Hang.
2025-12-02 09:26:50.909 [http-nio-8080-exec-2] INFO  c.v.m.r.integrationVnpayRestController - Found account from header: 6
2025-12-02 09:26:54.276 [http-nio-8080-exec-2] INFO  c.v.m.r.integrationVnpayRestController - Đã gửi email xác nhận đơn hàng đến lamnguyen4791@gmail.com
2025-12-02 09:59:36.215 [SpringApplicationShutdownHook] INFO  o.s.o.j.LocalContainerEntityManagerFactoryBean - Closing JPA EntityManagerFactory for persistence unit 'default'
2025-12-02 09:59:36.523 [SpringApplicationShutdownHook] INFO  com.zaxxer.hikari.HikariDataSource - HikariPool-1 - Shutdown initiated...
2025-12-02 09:59:36.529 [SpringApplicationShutdownHook] INFO  com.zaxxer.hikari.HikariDataSource - HikariPool-1 - Shutdown completed.
2025-12-02 10:52:21.407 [background-preinit] INFO  o.h.validator.internal.util.Version - HV000001: Hibernate Validator 6.2.5.Final
2025-12-02 10:52:21.434 [restartedMain] INFO  c.v.m.MiniProjectJavaApplication - Starting MiniProjectJavaApplication using Java 1.8.0_462 on Admin-PC with PID 12880 (F:\BE-QLBH\target\classes started by Admin in F:\BE-QLBH)
2025-12-02 10:52:21.449 [restartedMain] INFO  c.v.m.MiniProjectJavaApplication - No active profile set, falling back to 1 default profile: "default"
2025-12-02 10:52:21.540 [restartedMain] INFO  o.s.b.d.e.DevToolsPropertyDefaultsPostProcessor - Devtools property defaults active! Set 'spring.devtools.add-properties' to 'false' to disable
2025-12-02 10:52:21.540 [restartedMain] INFO  o.s.b.d.e.DevToolsPropertyDefaultsPostProcessor - For additional web related logging consider setting the 'logging.level.web' property to 'DEBUG'
2025-12-02 10:52:24.096 [restartedMain] INFO  o.s.d.r.c.RepositoryConfigurationDelegate - Bootstrapping Spring Data JPA repositories in DEFAULT mode.
2025-12-02 10:52:24.235 [restartedMain] INFO  o.s.d.r.c.RepositoryConfigurationDelegate - Finished Spring Data repository scanning in 126 ms. Found 17 JPA repository interfaces.
2025-12-02 10:52:26.252 [restartedMain] INFO  o.s.b.w.e.tomcat.TomcatWebServer - Tomcat initialized with port(s): 8080 (http)
2025-12-02 10:52:26.273 [restartedMain] INFO  o.a.coyote.http11.Http11NioProtocol - Initializing ProtocolHandler ["http-nio-8080"]
2025-12-02 10:52:26.274 [restartedMain] INFO  o.a.catalina.core.StandardService - Starting service [Tomcat]
2025-12-02 10:52:26.274 [restartedMain] INFO  o.a.catalina.core.StandardEngine - Starting Servlet engine: [Apache Tomcat/9.0.71]
2025-12-02 10:52:26.467 [restartedMain] INFO  o.a.c.c.C.[Tomcat].[localhost].[/] - Initializing Spring embedded WebApplicationContext
2025-12-02 10:52:26.468 [restartedMain] INFO  o.s.b.w.s.c.ServletWebServerApplicationContext - Root WebApplicationContext: initialization completed in 4928 ms
2025-12-02 10:52:26.718 [restartedMain] INFO  com.zaxxer.hikari.HikariDataSource - HikariPool-1 - Starting...
2025-12-02 10:52:27.018 [restartedMain] INFO  com.zaxxer.hikari.HikariDataSource - HikariPool-1 - Start completed.
2025-12-02 10:52:27.030 [restartedMain] INFO  o.s.b.a.h.H2ConsoleAutoConfiguration - H2 console available at '/h2-console'. Database available at 'jdbc:mysql://localhost:3306/datn?useUnicode=yes&characterEncoding=UTF-8&allowPublicKeyRetrieval=true&useSSL=false'
2025-12-02 10:52:27.342 [restartedMain] INFO  o.h.jpa.internal.util.LogHelper - HHH000204: Processing PersistenceUnitInfo [name: default]
2025-12-02 10:52:27.462 [restartedMain] INFO  org.hibernate.Version - HHH000412: Hibernate ORM core version 5.6.15.Final
2025-12-02 10:52:27.762 [restartedMain] INFO  o.h.annotations.common.Version - HCANN000001: Hibernate Commons Annotations {5.1.2.Final}
2025-12-02 10:52:28.022 [restartedMain] INFO  org.hibernate.dialect.Dialect - HHH000400: Using dialect: org.hibernate.dialect.MySQL8Dialect
2025-12-02 10:52:30.197 [restartedMain] INFO  o.h.e.t.j.p.i.JtaPlatformInitiator - HHH000490: Using JtaPlatform implementation: [org.hibernate.engine.transaction.jta.platform.internal.NoJtaPlatform]
2025-12-02 10:52:30.217 [restartedMain] INFO  o.s.o.j.LocalContainerEntityManagerFactoryBean - Initialized JPA EntityManagerFactory for persistence unit 'default'
2025-12-02 10:52:30.787 [restartedMain] WARN  o.s.b.a.o.j.JpaBaseConfiguration$JpaWebConfiguration - spring.jpa.open-in-view is enabled by default. Therefore, database queries may be performed during view rendering. Explicitly configure spring.jpa.open-in-view to disable this warning
2025-12-02 10:52:32.649 [restartedMain] WARN  o.s.b.a.s.s.UserDetailsServiceAutoConfiguration - 

Using generated security password: 03d32c21-9633-4633-a63e-f7676afaf352

This generated password is for development use only. Your security configuration must be updated before running your application in production.

2025-12-02 10:52:32.904 [restartedMain] INFO  o.s.s.web.DefaultSecurityFilterChain - Will secure any request with [org.springframework.security.web.session.DisableEncodeUrlFilter@65edcd35, org.springframework.security.web.context.request.async.WebAsyncManagerIntegrationFilter@4bce3ec5, org.springframework.security.web.context.SecurityContextPersistenceFilter@5b803c8a, org.springframework.security.web.header.HeaderWriterFilter@3badbe45, org.springframework.security.web.authentication.logout.LogoutFilter@7a65764, org.springframework.security.web.savedrequest.RequestCacheAwareFilter@29c7e7b9, org.springframework.security.web.servletapi.SecurityContextHolderAwareRequestFilter@2355d744, org.springframework.security.web.authentication.AnonymousAuthenticationFilter@4716fbb6, org.springframework.security.web.session.SessionManagementFilter@7b8c3fea, org.springframework.security.web.access.ExceptionTranslationFilter@490becab, org.springframework.security.web.access.intercept.FilterSecurityInterceptor@4c2409cd]
2025-12-02 10:52:36.747 [restartedMain] INFO  o.s.b.d.a.OptionalLiveReloadServer - LiveReload server is running on port 35729
2025-12-02 10:52:36.769 [restartedMain] INFO  o.s.b.a.e.web.EndpointLinksResolver - Exposing 1 endpoint(s) beneath base path '/actuator'
2025-12-02 10:52:36.889 [restartedMain] INFO  o.a.coyote.http11.Http11NioProtocol - Starting ProtocolHandler ["http-nio-8080"]
2025-12-02 10:52:36.930 [restartedMain] INFO  o.s.b.w.e.tomcat.TomcatWebServer - Tomcat started on port(s): 8080 (http) with context path ''
2025-12-02 10:52:36.963 [restartedMain] INFO  c.v.m.MiniProjectJavaApplication - Started MiniProjectJavaApplication in 16.412 seconds (JVM running for 18.896)
2025-12-02 10:52:37.240 [http-nio-8080-exec-1] INFO  o.a.c.c.C.[Tomcat].[localhost].[/] - Initializing Spring DispatcherServlet 'dispatcherServlet'
2025-12-02 10:52:37.241 [http-nio-8080-exec-1] INFO  o.s.web.servlet.DispatcherServlet - Initializing Servlet 'dispatcherServlet'
2025-12-02 10:52:37.243 [http-nio-8080-exec-1] INFO  o.s.web.servlet.DispatcherServlet - Completed initialization in 1 ms
2025-12-02 10:53:03.123 [http-nio-8080-exec-9] INFO  c.v.m.r.AccountRestController - Người dùng [demo_admin] đã đăng nhập thành công lúc 2025-12-02T10:53:03.123
2025-12-02 10:58:42.631 [http-nio-8080-exec-3] INFO  c.v.m.r.AccountRestController - Người dùng [demo_user] đã đăng nhập thành công lúc 2025-12-02T10:58:42.630
2025-12-02 10:59:00.639 [http-nio-8080-exec-6] INFO  c.v.m.r.AccountRestController - Người dùng [demo_employee] đã đăng nhập thành công lúc 2025-12-02T10:59:00.639
2025-12-02 11:14:06.393 [SpringApplicationShutdownHook] INFO  o.s.o.j.LocalContainerEntityManagerFactoryBean - Closing JPA EntityManagerFactory for persistence unit 'default'
2025-12-02 11:14:06.481 [SpringApplicationShutdownHook] INFO  com.zaxxer.hikari.HikariDataSource - HikariPool-1 - Shutdown initiated...
2025-12-02 11:14:06.504 [SpringApplicationShutdownHook] INFO  com.zaxxer.hikari.HikariDataSource - HikariPool-1 - Shutdown completed.
2025-12-02 14:26:53.433 [background-preinit] INFO  o.h.validator.internal.util.Version - HV000001: Hibernate Validator 6.2.5.Final
2025-12-02 14:26:53.462 [restartedMain] INFO  c.v.m.MiniProjectJavaApplication - Starting MiniProjectJavaApplication using Java 1.8.0_462 on Admin-PC with PID 18104 (F:\BE-QLBH\target\classes started by Admin in F:\BE-QLBH)
2025-12-02 14:26:53.472 [restartedMain] INFO  c.v.m.MiniProjectJavaApplication - No active profile set, falling back to 1 default profile: "default"
2025-12-02 14:26:53.580 [restartedMain] INFO  o.s.b.d.e.DevToolsPropertyDefaultsPostProcessor - Devtools property defaults active! Set 'spring.devtools.add-properties' to 'false' to disable
2025-12-02 14:26:53.599 [restartedMain] INFO  o.s.b.d.e.DevToolsPropertyDefaultsPostProcessor - For additional web related logging consider setting the 'logging.level.web' property to 'DEBUG'
2025-12-02 14:26:56.015 [restartedMain] INFO  o.s.d.r.c.RepositoryConfigurationDelegate - Bootstrapping Spring Data JPA repositories in DEFAULT mode.
2025-12-02 14:26:56.173 [restartedMain] INFO  o.s.d.r.c.RepositoryConfigurationDelegate - Finished Spring Data repository scanning in 146 ms. Found 17 JPA repository interfaces.
2025-12-02 14:26:58.727 [restartedMain] INFO  o.s.b.w.e.tomcat.TomcatWebServer - Tomcat initialized with port(s): 8080 (http)
2025-12-02 14:26:58.748 [restartedMain] INFO  o.a.coyote.http11.Http11NioProtocol - Initializing ProtocolHandler ["http-nio-8080"]
2025-12-02 14:26:58.749 [restartedMain] INFO  o.a.catalina.core.StandardService - Starting service [Tomcat]
2025-12-02 14:26:58.749 [restartedMain] INFO  o.a.catalina.core.StandardEngine - Starting Servlet engine: [Apache Tomcat/9.0.71]
2025-12-02 14:26:58.926 [restartedMain] INFO  o.a.c.c.C.[Tomcat].[localhost].[/] - Initializing Spring embedded WebApplicationContext
2025-12-02 14:26:58.926 [restartedMain] INFO  o.s.b.w.s.c.ServletWebServerApplicationContext - Root WebApplicationContext: initialization completed in 5327 ms
2025-12-02 14:26:59.279 [restartedMain] INFO  com.zaxxer.hikari.HikariDataSource - HikariPool-1 - Starting...
2025-12-02 14:26:59.701 [restartedMain] INFO  com.zaxxer.hikari.HikariDataSource - HikariPool-1 - Start completed.
2025-12-02 14:26:59.715 [restartedMain] INFO  o.s.b.a.h.H2ConsoleAutoConfiguration - H2 console available at '/h2-console'. Database available at 'jdbc:mysql://localhost:3306/datn?useUnicode=yes&characterEncoding=UTF-8&allowPublicKeyRetrieval=true&useSSL=false'
2025-12-02 14:27:00.075 [restartedMain] INFO  o.h.jpa.internal.util.LogHelper - HHH000204: Processing PersistenceUnitInfo [name: default]
2025-12-02 14:27:00.194 [restartedMain] INFO  org.hibernate.Version - HHH000412: Hibernate ORM core version 5.6.15.Final
2025-12-02 14:27:00.557 [restartedMain] INFO  o.h.annotations.common.Version - HCANN000001: Hibernate Commons Annotations {5.1.2.Final}
2025-12-02 14:27:00.863 [restartedMain] INFO  org.hibernate.dialect.Dialect - HHH000400: Using dialect: org.hibernate.dialect.MySQL8Dialect
2025-12-02 14:27:03.239 [restartedMain] INFO  o.h.e.t.j.p.i.JtaPlatformInitiator - HHH000490: Using JtaPlatform implementation: [org.hibernate.engine.transaction.jta.platform.internal.NoJtaPlatform]
2025-12-02 14:27:03.256 [restartedMain] INFO  o.s.o.j.LocalContainerEntityManagerFactoryBean - Initialized JPA EntityManagerFactory for persistence unit 'default'
2025-12-02 14:27:04.058 [restartedMain] WARN  o.s.b.a.o.j.JpaBaseConfiguration$JpaWebConfiguration - spring.jpa.open-in-view is enabled by default. Therefore, database queries may be performed during view rendering. Explicitly configure spring.jpa.open-in-view to disable this warning
2025-12-02 14:27:06.127 [restartedMain] WARN  o.s.b.a.s.s.UserDetailsServiceAutoConfiguration - 

Using generated security password: d42520f5-3ead-4a11-96bc-9301ac82582e

This generated password is for development use only. Your security configuration must be updated before running your application in production.

2025-12-02 14:27:06.403 [restartedMain] INFO  o.s.s.web.DefaultSecurityFilterChain - Will secure any request with [org.springframework.security.web.session.DisableEncodeUrlFilter@a9713d6, org.springframework.security.web.context.request.async.WebAsyncManagerIntegrationFilter@169eacdc, org.springframework.security.web.context.SecurityContextPersistenceFilter@15dcb6f8, org.springframework.security.web.header.HeaderWriterFilter@1dae3c09, org.springframework.security.web.authentication.logout.LogoutFilter@5f1ecb08, org.springframework.security.web.savedrequest.RequestCacheAwareFilter@24bc6605, org.springframework.security.web.servletapi.SecurityContextHolderAwareRequestFilter@e849af7, org.springframework.security.web.authentication.AnonymousAuthenticationFilter@5c7f65ae, org.springframework.security.web.session.SessionManagementFilter@2cec0ec8, org.springframework.security.web.access.ExceptionTranslationFilter@5318566a, org.springframework.security.web.access.intercept.FilterSecurityInterceptor@5bc0f07e]
2025-12-02 14:27:09.490 [restartedMain] INFO  o.s.b.d.a.OptionalLiveReloadServer - LiveReload server is running on port 35729
2025-12-02 14:27:09.500 [restartedMain] INFO  o.s.b.a.e.web.EndpointLinksResolver - Exposing 1 endpoint(s) beneath base path '/actuator'
2025-12-02 14:27:09.530 [restartedMain] INFO  o.a.coyote.http11.Http11NioProtocol - Starting ProtocolHandler ["http-nio-8080"]
2025-12-02 14:27:09.545 [restartedMain] INFO  o.s.b.w.e.tomcat.TomcatWebServer - Tomcat started on port(s): 8080 (http) with context path ''
2025-12-02 14:27:09.570 [restartedMain] INFO  c.v.m.MiniProjectJavaApplication - Started MiniProjectJavaApplication in 16.973 seconds (JVM running for 32.587)
2025-12-02 14:27:09.654 [http-nio-8080-exec-1] INFO  o.a.c.c.C.[Tomcat].[localhost].[/] - Initializing Spring DispatcherServlet 'dispatcherServlet'
2025-12-02 14:27:09.655 [http-nio-8080-exec-1] INFO  o.s.web.servlet.DispatcherServlet - Initializing Servlet 'dispatcherServlet'
2025-12-02 14:27:09.656 [http-nio-8080-exec-1] INFO  o.s.web.servlet.DispatcherServlet - Completed initialization in 1 ms
2025-12-02 14:43:09.383 [File Watcher] INFO  o.s.b.d.a.LocalDevToolsAutoConfiguration$RestartingClassPathChangeChangedEventListener - Restarting due to 1 class path change (0 additions, 1 deletion, 0 modifications)
2025-12-02 14:43:09.784 [Thread-6] INFO  o.a.coyote.http11.Http11NioProtocol - Pausing ProtocolHandler ["http-nio-8080"]
2025-12-02 14:43:09.784 [Thread-6] INFO  o.a.catalina.core.StandardService - Stopping service [Tomcat]
2025-12-02 14:43:09.790 [Thread-6] INFO  o.a.c.c.C.[Tomcat].[localhost].[/] - Destroying Spring FrameworkServlet 'dispatcherServlet'
2025-12-02 14:43:09.802 [Thread-6] INFO  o.a.coyote.http11.Http11NioProtocol - Stopping ProtocolHandler ["http-nio-8080"]
2025-12-02 14:43:09.808 [Thread-6] INFO  o.a.coyote.http11.Http11NioProtocol - Destroying ProtocolHandler ["http-nio-8080"]
2025-12-02 14:43:09.826 [Thread-6] INFO  o.s.o.j.LocalContainerEntityManagerFactoryBean - Closing JPA EntityManagerFactory for persistence unit 'default'
2025-12-02 14:43:09.845 [Thread-6] INFO  com.zaxxer.hikari.HikariDataSource - HikariPool-1 - Shutdown initiated...
2025-12-02 14:43:09.868 [Thread-6] INFO  com.zaxxer.hikari.HikariDataSource - HikariPool-1 - Shutdown completed.
2025-12-02 14:43:10.425 [restartedMain] INFO  c.v.m.MiniProjectJavaApplication - Starting MiniProjectJavaApplication using Java 1.8.0_462 on Admin-PC with PID 18104 (F:\BE-QLBH\target\classes started by Admin in F:\BE-QLBH)
2025-12-02 14:43:10.425 [restartedMain] INFO  c.v.m.MiniProjectJavaApplication - No active profile set, falling back to 1 default profile: "default"
2025-12-02 14:43:11.256 [restartedMain] INFO  o.s.d.r.c.RepositoryConfigurationDelegate - Bootstrapping Spring Data JPA repositories in DEFAULT mode.
2025-12-02 14:43:11.397 [restartedMain] INFO  o.s.d.r.c.RepositoryConfigurationDelegate - Finished Spring Data repository scanning in 136 ms. Found 17 JPA repository interfaces.
2025-12-02 14:43:13.353 [restartedMain] INFO  o.s.b.w.e.tomcat.TomcatWebServer - Tomcat initialized with port(s): 8080 (http)
2025-12-02 14:43:13.353 [restartedMain] INFO  o.a.coyote.http11.Http11NioProtocol - Initializing ProtocolHandler ["http-nio-8080"]
2025-12-02 14:43:13.383 [restartedMain] INFO  o.a.catalina.core.StandardService - Starting service [Tomcat]
2025-12-02 14:43:13.383 [restartedMain] INFO  o.a.catalina.core.StandardEngine - Starting Servlet engine: [Apache Tomcat/9.0.71]
2025-12-02 14:43:13.442 [restartedMain] INFO  o.a.c.c.C.[Tomcat].[localhost].[/] - Initializing Spring embedded WebApplicationContext
2025-12-02 14:43:13.442 [restartedMain] INFO  o.s.b.w.s.c.ServletWebServerApplicationContext - Root WebApplicationContext: initialization completed in 3011 ms
2025-12-02 14:43:13.531 [restartedMain] INFO  com.zaxxer.hikari.HikariDataSource - HikariPool-2 - Starting...
2025-12-02 14:43:13.618 [restartedMain] INFO  com.zaxxer.hikari.HikariDataSource - HikariPool-2 - Start completed.
2025-12-02 14:43:13.619 [restartedMain] INFO  o.s.b.a.h.H2ConsoleAutoConfiguration - H2 console available at '/h2-console'. Database available at 'jdbc:mysql://localhost:3306/datn?useUnicode=yes&characterEncoding=UTF-8&allowPublicKeyRetrieval=true&useSSL=false'
2025-12-02 14:43:13.707 [restartedMain] INFO  o.h.jpa.internal.util.LogHelper - HHH000204: Processing PersistenceUnitInfo [name: default]
2025-12-02 14:43:13.730 [restartedMain] INFO  org.hibernate.dialect.Dialect - HHH000400: Using dialect: org.hibernate.dialect.MySQL8Dialect
2025-12-02 14:43:14.384 [restartedMain] INFO  o.h.e.t.j.p.i.JtaPlatformInitiator - HHH000490: Using JtaPlatform implementation: [org.hibernate.engine.transaction.jta.platform.internal.NoJtaPlatform]
2025-12-02 14:43:14.384 [restartedMain] INFO  o.s.o.j.LocalContainerEntityManagerFactoryBean - Initialized JPA EntityManagerFactory for persistence unit 'default'
2025-12-02 14:43:14.512 [restartedMain] WARN  o.s.b.a.o.j.JpaBaseConfiguration$JpaWebConfiguration - spring.jpa.open-in-view is enabled by default. Therefore, database queries may be performed during view rendering. Explicitly configure spring.jpa.open-in-view to disable this warning
2025-12-02 14:43:15.866 [restartedMain] WARN  o.s.b.a.s.s.UserDetailsServiceAutoConfiguration - 

Using generated security password: f44c2786-5f39-4b1e-9dea-7e10a2ccbd2d

This generated password is for development use only. Your security configuration must be updated before running your application in production.

2025-12-02 14:43:15.877 [restartedMain] INFO  o.s.s.web.DefaultSecurityFilterChain - Will secure any request with [org.springframework.security.web.session.DisableEncodeUrlFilter@1a19cae8, org.springframework.security.web.context.request.async.WebAsyncManagerIntegrationFilter@a20ca96, org.springframework.security.web.context.SecurityContextPersistenceFilter@309fae18, org.springframework.security.web.header.HeaderWriterFilter@5209579, org.springframework.security.web.authentication.logout.LogoutFilter@73ee41a2, org.springframework.security.web.savedrequest.RequestCacheAwareFilter@135a1501, org.springframework.security.web.servletapi.SecurityContextHolderAwareRequestFilter@12d0c14e, org.springframework.security.web.authentication.AnonymousAuthenticationFilter@e044c16, org.springframework.security.web.session.SessionManagementFilter@6555cbd, org.springframework.security.web.access.ExceptionTranslationFilter@6578c3c1, org.springframework.security.web.access.intercept.FilterSecurityInterceptor@30cb5133]
2025-12-02 14:43:16.247 [restartedMain] INFO  o.s.b.d.a.OptionalLiveReloadServer - LiveReload server is running on port 35729
2025-12-02 14:43:16.252 [restartedMain] INFO  o.s.b.a.e.web.EndpointLinksResolver - Exposing 1 endpoint(s) beneath base path '/actuator'
2025-12-02 14:43:16.271 [restartedMain] INFO  o.a.coyote.http11.Http11NioProtocol - Starting ProtocolHandler ["http-nio-8080"]
2025-12-02 14:43:16.275 [restartedMain] INFO  o.s.b.w.e.tomcat.TomcatWebServer - Tomcat started on port(s): 8080 (http) with context path ''
2025-12-02 14:43:16.285 [restartedMain] INFO  c.v.m.MiniProjectJavaApplication - Started MiniProjectJavaApplication in 5.989 seconds (JVM running for 999.302)
2025-12-02 14:43:16.331 [restartedMain] INFO  o.s.b.d.a.ConditionEvaluationDeltaLoggingListener - Condition evaluation unchanged
2025-12-02 14:43:20.469 [File Watcher] INFO  o.s.b.d.a.LocalDevToolsAutoConfiguration$RestartingClassPathChangeChangedEventListener - Restarting due to 1 class path change (1 addition, 0 deletions, 0 modifications)
2025-12-02 14:43:21.120 [Thread-8] INFO  o.a.coyote.http11.Http11NioProtocol - Pausing ProtocolHandler ["http-nio-8080"]
2025-12-02 14:43:21.120 [Thread-8] INFO  o.a.catalina.core.StandardService - Stopping service [Tomcat]
2025-12-02 14:43:21.142 [Thread-8] INFO  o.a.coyote.http11.Http11NioProtocol - Stopping ProtocolHandler ["http-nio-8080"]
2025-12-02 14:43:21.144 [Thread-8] INFO  o.a.coyote.http11.Http11NioProtocol - Destroying ProtocolHandler ["http-nio-8080"]
2025-12-02 14:43:21.150 [Thread-8] INFO  o.s.o.j.LocalContainerEntityManagerFactoryBean - Closing JPA EntityManagerFactory for persistence unit 'default'
2025-12-02 14:43:21.151 [Thread-8] INFO  com.zaxxer.hikari.HikariDataSource - HikariPool-2 - Shutdown initiated...
2025-12-02 14:43:21.159 [Thread-8] INFO  com.zaxxer.hikari.HikariDataSource - HikariPool-2 - Shutdown completed.
2025-12-02 14:43:21.543 [restartedMain] INFO  c.v.m.MiniProjectJavaApplication - Starting MiniProjectJavaApplication using Java 1.8.0_462 on Admin-PC with PID 18104 (F:\BE-QLBH\target\classes started by Admin in F:\BE-QLBH)
2025-12-02 14:43:21.544 [restartedMain] INFO  c.v.m.MiniProjectJavaApplication - No active profile set, falling back to 1 default profile: "default"
2025-12-02 14:43:22.782 [background-preinit] INFO  o.h.validator.internal.util.Version - HV000001: Hibernate Validator 6.2.5.Final
2025-12-02 14:43:23.008 [restartedMain] INFO  c.v.m.MiniProjectJavaApplication - Starting MiniProjectJavaApplication using Java 1.8.0_462 on Admin-PC with PID 24680 (F:\BE-QLBH\target\classes started by Admin in F:\BE-QLBH)
2025-12-02 14:43:23.010 [restartedMain] INFO  c.v.m.MiniProjectJavaApplication - No active profile set, falling back to 1 default profile: "default"
2025-12-02 14:43:23.089 [restartedMain] INFO  o.s.d.r.c.RepositoryConfigurationDelegate - Bootstrapping Spring Data JPA repositories in DEFAULT mode.
2025-12-02 14:43:23.228 [restartedMain] INFO  o.s.b.d.e.DevToolsPropertyDefaultsPostProcessor - Devtools property defaults active! Set 'spring.devtools.add-properties' to 'false' to disable
2025-12-02 14:43:23.228 [restartedMain] INFO  o.s.b.d.e.DevToolsPropertyDefaultsPostProcessor - For additional web related logging consider setting the 'logging.level.web' property to 'DEBUG'
2025-12-02 14:43:23.239 [restartedMain] INFO  o.s.d.r.c.RepositoryConfigurationDelegate - Finished Spring Data repository scanning in 149 ms. Found 17 JPA repository interfaces.
2025-12-02 14:43:24.294 [restartedMain] INFO  o.s.b.w.e.tomcat.TomcatWebServer - Tomcat initialized with port(s): 8080 (http)
2025-12-02 14:43:24.295 [restartedMain] INFO  o.a.coyote.http11.Http11NioProtocol - Initializing ProtocolHandler ["http-nio-8080"]
2025-12-02 14:43:24.296 [restartedMain] INFO  o.a.catalina.core.StandardService - Starting service [Tomcat]
2025-12-02 14:43:24.297 [restartedMain] INFO  o.a.catalina.core.StandardEngine - Starting Servlet engine: [Apache Tomcat/9.0.71]
2025-12-02 14:43:24.375 [restartedMain] INFO  o.a.c.c.C.[Tomcat].[localhost].[/] - Initializing Spring embedded WebApplicationContext
2025-12-02 14:43:24.376 [restartedMain] INFO  o.s.b.w.s.c.ServletWebServerApplicationContext - Root WebApplicationContext: initialization completed in 2827 ms
2025-12-02 14:43:24.434 [restartedMain] INFO  com.zaxxer.hikari.HikariDataSource - HikariPool-3 - Starting...
2025-12-02 14:43:24.460 [restartedMain] INFO  com.zaxxer.hikari.HikariDataSource - HikariPool-3 - Start completed.
2025-12-02 14:43:24.460 [restartedMain] INFO  o.s.b.a.h.H2ConsoleAutoConfiguration - H2 console available at '/h2-console'. Database available at 'jdbc:mysql://localhost:3306/datn?useUnicode=yes&characterEncoding=UTF-8&allowPublicKeyRetrieval=true&useSSL=false'
2025-12-02 14:43:24.531 [restartedMain] INFO  o.h.jpa.internal.util.LogHelper - HHH000204: Processing PersistenceUnitInfo [name: default]
2025-12-02 14:43:24.612 [restartedMain] INFO  org.hibernate.dialect.Dialect - HHH000400: Using dialect: org.hibernate.dialect.MySQL8Dialect
2025-12-02 14:43:25.273 [restartedMain] INFO  o.h.e.t.j.p.i.JtaPlatformInitiator - HHH000490: Using JtaPlatform implementation: [org.hibernate.engine.transaction.jta.platform.internal.NoJtaPlatform]
2025-12-02 14:43:25.273 [restartedMain] INFO  o.s.o.j.LocalContainerEntityManagerFactoryBean - Initialized JPA EntityManagerFactory for persistence unit 'default'
2025-12-02 14:43:25.359 [restartedMain] WARN  o.s.b.a.o.j.JpaBaseConfiguration$JpaWebConfiguration - spring.jpa.open-in-view is enabled by default. Therefore, database queries may be performed during view rendering. Explicitly configure spring.jpa.open-in-view to disable this warning
2025-12-02 14:43:25.817 [restartedMain] INFO  o.s.d.r.c.RepositoryConfigurationDelegate - Bootstrapping Spring Data JPA repositories in DEFAULT mode.
2025-12-02 14:43:26.215 [restartedMain] INFO  o.s.d.r.c.RepositoryConfigurationDelegate - Finished Spring Data repository scanning in 377 ms. Found 17 JPA repository interfaces.
2025-12-02 14:43:26.348 [restartedMain] WARN  o.s.b.a.s.s.UserDetailsServiceAutoConfiguration - 

Using generated security password: c724644f-4ce4-4f6d-b885-ca0ae865ed51

This generated password is for development use only. Your security configuration must be updated before running your application in production.

2025-12-02 14:43:26.364 [restartedMain] INFO  o.s.s.web.DefaultSecurityFilterChain - Will secure any request with [org.springframework.security.web.session.DisableEncodeUrlFilter@1bf29660, org.springframework.security.web.context.request.async.WebAsyncManagerIntegrationFilter@1f56fc5c, org.springframework.security.web.context.SecurityContextPersistenceFilter@57393506, org.springframework.security.web.header.HeaderWriterFilter@43c2046c, org.springframework.security.web.authentication.logout.LogoutFilter@35ec28de, org.springframework.security.web.savedrequest.RequestCacheAwareFilter@1ee28a7, org.springframework.security.web.servletapi.SecurityContextHolderAwareRequestFilter@525cbd92, org.springframework.security.web.authentication.AnonymousAuthenticationFilter@3cff5e95, org.springframework.security.web.session.SessionManagementFilter@43074820, org.springframework.security.web.access.ExceptionTranslationFilter@6ab786c0, org.springframework.security.web.access.intercept.FilterSecurityInterceptor@69b6c573]
2025-12-02 14:43:26.781 [restartedMain] INFO  o.s.b.d.a.OptionalLiveReloadServer - LiveReload server is running on port 35729
2025-12-02 14:43:26.812 [restartedMain] INFO  o.s.b.a.e.web.EndpointLinksResolver - Exposing 1 endpoint(s) beneath base path '/actuator'
2025-12-02 14:43:26.853 [restartedMain] INFO  o.a.coyote.http11.Http11NioProtocol - Starting ProtocolHandler ["http-nio-8080"]
2025-12-02 14:43:26.858 [restartedMain] INFO  o.s.b.w.e.tomcat.TomcatWebServer - Tomcat started on port(s): 8080 (http) with context path ''
2025-12-02 14:43:26.868 [restartedMain] INFO  c.v.m.MiniProjectJavaApplication - Started MiniProjectJavaApplication in 5.4 seconds (JVM running for 1009.885)
2025-12-02 14:43:26.871 [restartedMain] INFO  o.s.b.d.a.ConditionEvaluationDeltaLoggingListener - Condition evaluation unchanged
2025-12-02 14:43:29.245 [restartedMain] INFO  o.s.b.w.e.tomcat.TomcatWebServer - Tomcat initialized with port(s): 8080 (http)
2025-12-02 14:43:29.260 [restartedMain] INFO  o.a.coyote.http11.Http11NioProtocol - Initializing ProtocolHandler ["http-nio-8080"]
2025-12-02 14:43:29.261 [restartedMain] INFO  o.a.catalina.core.StandardService - Starting service [Tomcat]
2025-12-02 14:43:29.261 [restartedMain] INFO  o.a.catalina.core.StandardEngine - Starting Servlet engine: [Apache Tomcat/9.0.71]
2025-12-02 14:43:29.421 [restartedMain] INFO  o.a.c.c.C.[Tomcat].[localhost].[/] - Initializing Spring embedded WebApplicationContext
2025-12-02 14:43:29.421 [restartedMain] INFO  o.s.b.w.s.c.ServletWebServerApplicationContext - Root WebApplicationContext: initialization completed in 6192 ms
2025-12-02 14:43:30.032 [restartedMain] INFO  com.zaxxer.hikari.HikariDataSource - HikariPool-1 - Starting...
2025-12-02 14:43:30.703 [restartedMain] INFO  com.zaxxer.hikari.HikariDataSource - HikariPool-1 - Start completed.
2025-12-02 14:43:30.715 [restartedMain] INFO  o.s.b.a.h.H2ConsoleAutoConfiguration - H2 console available at '/h2-console'. Database available at 'jdbc:mysql://localhost:3306/datn?useUnicode=yes&characterEncoding=UTF-8&allowPublicKeyRetrieval=true&useSSL=false'
2025-12-02 14:43:31.136 [restartedMain] INFO  o.h.jpa.internal.util.LogHelper - HHH000204: Processing PersistenceUnitInfo [name: default]
2025-12-02 14:43:31.324 [restartedMain] INFO  org.hibernate.Version - HHH000412: Hibernate ORM core version 5.6.15.Final
2025-12-02 14:43:31.828 [restartedMain] INFO  o.h.annotations.common.Version - HCANN000001: Hibernate Commons Annotations {5.1.2.Final}
2025-12-02 14:43:32.109 [restartedMain] INFO  org.hibernate.dialect.Dialect - HHH000400: Using dialect: org.hibernate.dialect.MySQL8Dialect
2025-12-02 14:43:34.247 [restartedMain] INFO  o.h.e.t.j.p.i.JtaPlatformInitiator - HHH000490: Using JtaPlatform implementation: [org.hibernate.engine.transaction.jta.platform.internal.NoJtaPlatform]
2025-12-02 14:43:34.264 [restartedMain] INFO  o.s.o.j.LocalContainerEntityManagerFactoryBean - Initialized JPA EntityManagerFactory for persistence unit 'default'
2025-12-02 14:43:34.667 [restartedMain] WARN  o.s.b.a.o.j.JpaBaseConfiguration$JpaWebConfiguration - spring.jpa.open-in-view is enabled by default. Therefore, database queries may be performed during view rendering. Explicitly configure spring.jpa.open-in-view to disable this warning
2025-12-02 14:43:37.744 [restartedMain] WARN  o.s.b.a.s.s.UserDetailsServiceAutoConfiguration - 

Using generated security password: fc11a38f-c0c0-493a-8db3-08bf79ca10fa

This generated password is for development use only. Your security configuration must be updated before running your application in production.

2025-12-02 14:43:38.123 [restartedMain] INFO  o.s.s.web.DefaultSecurityFilterChain - Will secure any request with [org.springframework.security.web.session.DisableEncodeUrlFilter@6e918b13, org.springframework.security.web.context.request.async.WebAsyncManagerIntegrationFilter@61b801c9, org.springframework.security.web.context.SecurityContextPersistenceFilter@1d4135d6, org.springframework.security.web.header.HeaderWriterFilter@5b84558d, org.springframework.security.web.authentication.logout.LogoutFilter@422a1fba, org.springframework.security.web.savedrequest.RequestCacheAwareFilter@3121bd3b, org.springframework.security.web.servletapi.SecurityContextHolderAwareRequestFilter@16c976f0, org.springframework.security.web.authentication.AnonymousAuthenticationFilter@62a7fd0b, org.springframework.security.web.session.SessionManagementFilter@2023bb6b, org.springframework.security.web.access.ExceptionTranslationFilter@60263514, org.springframework.security.web.access.intercept.FilterSecurityInterceptor@ea5b702]
2025-12-02 14:43:40.222 [restartedMain] WARN  o.s.b.d.a.OptionalLiveReloadServer - Unable to start LiveReload server
2025-12-02 14:43:40.233 [restartedMain] INFO  o.s.b.a.e.web.EndpointLinksResolver - Exposing 1 endpoint(s) beneath base path '/actuator'
2025-12-02 14:43:40.284 [restartedMain] INFO  o.a.coyote.http11.Http11NioProtocol - Starting ProtocolHandler ["http-nio-8080"]
2025-12-02 14:43:40.288 [restartedMain] WARN  o.s.b.w.s.c.AnnotationConfigServletWebServerApplicationContext - Exception encountered during context initialization - cancelling refresh attempt: org.springframework.context.ApplicationContextException: Failed to start bean 'webServerStartStop'; nested exception is org.springframework.boot.web.server.PortInUseException: Port 8080 is already in use
2025-12-02 14:43:40.301 [restartedMain] INFO  o.s.o.j.LocalContainerEntityManagerFactoryBean - Closing JPA EntityManagerFactory for persistence unit 'default'
2025-12-02 14:43:40.307 [restartedMain] INFO  com.zaxxer.hikari.HikariDataSource - HikariPool-1 - Shutdown initiated...
2025-12-02 14:43:40.362 [restartedMain] INFO  com.zaxxer.hikari.HikariDataSource - HikariPool-1 - Shutdown completed.
2025-12-02 14:43:40.365 [restartedMain] INFO  o.a.coyote.http11.Http11NioProtocol - Pausing ProtocolHandler ["http-nio-8080"]
2025-12-02 14:43:40.367 [restartedMain] INFO  o.a.catalina.core.StandardService - Stopping service [Tomcat]
2025-12-02 14:43:40.374 [restartedMain] INFO  o.a.coyote.http11.Http11NioProtocol - Stopping ProtocolHandler ["http-nio-8080"]
2025-12-02 14:43:40.375 [restartedMain] INFO  o.a.coyote.http11.Http11NioProtocol - Destroying ProtocolHandler ["http-nio-8080"]
2025-12-02 14:43:40.393 [restartedMain] INFO  o.s.b.a.l.ConditionEvaluationReportLoggingListener - 

Error starting ApplicationContext. To display the conditions report re-run your application with 'debug' enabled.
2025-12-02 14:43:40.445 [restartedMain] ERROR o.s.b.d.LoggingFailureAnalysisReporter - 

***************************
APPLICATION FAILED TO START
***************************

Description:

Web server failed to start. Port 8080 was already in use.

Action:

Identify and stop the process that's listening on port 8080 or configure this application to listen on another port.

2025-12-02 14:44:09.931 [http-nio-8080-exec-9] INFO  o.a.c.c.C.[Tomcat].[localhost].[/] - Initializing Spring DispatcherServlet 'dispatcherServlet'
2025-12-02 14:44:09.934 [http-nio-8080-exec-9] INFO  o.s.web.servlet.DispatcherServlet - Initializing Servlet 'dispatcherServlet'
2025-12-02 14:44:09.936 [http-nio-8080-exec-9] INFO  o.s.web.servlet.DispatcherServlet - Completed initialization in 2 ms
2025-12-02 14:44:46.594 [http-nio-8080-exec-8] WARN  o.s.web.servlet.PageNotFound - No mapping for GET /dossier-statistic/list--Product/dossier-statistic/list--ProductById--Category--Filter/1
2025-12-02 14:47:25.228 [http-nio-8080-exec-1] WARN  o.s.web.servlet.PageNotFound - No mapping for POST /dossier-statistic/list--Product/dossier-statistic/list--ProductById--Category--Filter/1
2025-12-02 14:48:12.952 [http-nio-8080-exec-6] WARN  o.s.web.servlet.PageNotFound - No mapping for GET /list
2025-12-02 14:52:06.257 [http-nio-8080-exec-4] WARN  o.s.w.s.m.s.DefaultHandlerExceptionResolver - Resolved [org.springframework.web.bind.MissingServletRequestParameterException: Required request parameter 'productID' for method parameter type long is not present]
2025-12-02 14:52:10.910 [http-nio-8080-exec-10] WARN  o.s.w.s.m.s.DefaultHandlerExceptionResolver - Resolved [org.springframework.web.bind.MissingServletRequestParameterException: Required request parameter 'productID' for method parameter type long is not present]
2025-12-02 14:52:41.931 [http-nio-8080-exec-3] WARN  o.s.w.s.m.s.DefaultHandlerExceptionResolver - Resolved [org.springframework.web.bind.MissingServletRequestParameterException: Required request parameter 'productID' for method parameter type long is not present]
2025-12-02 14:52:56.543 [SpringApplicationShutdownHook] INFO  o.s.o.j.LocalContainerEntityManagerFactoryBean - Closing JPA EntityManagerFactory for persistence unit 'default'
2025-12-02 14:52:56.545 [SpringApplicationShutdownHook] INFO  com.zaxxer.hikari.HikariDataSource - HikariPool-3 - Shutdown initiated...
2025-12-02 14:52:56.549 [SpringApplicationShutdownHook] INFO  com.zaxxer.hikari.HikariDataSource - HikariPool-3 - Shutdown completed.
2025-12-02 14:53:04.393 [background-preinit] INFO  o.h.validator.internal.util.Version - HV000001: Hibernate Validator 6.2.5.Final
2025-12-02 14:53:04.478 [restartedMain] INFO  c.v.m.MiniProjectJavaApplication - Starting MiniProjectJavaApplication using Java 1.8.0_462 on Admin-PC with PID 11972 (F:\BE-QLBH\target\classes started by Admin in F:\BE-QLBH)
2025-12-02 14:53:04.479 [restartedMain] INFO  c.v.m.MiniProjectJavaApplication - No active profile set, falling back to 1 default profile: "default"
2025-12-02 14:53:04.602 [restartedMain] INFO  o.s.b.d.e.DevToolsPropertyDefaultsPostProcessor - Devtools property defaults active! Set 'spring.devtools.add-properties' to 'false' to disable
2025-12-02 14:53:04.603 [restartedMain] INFO  o.s.b.d.e.DevToolsPropertyDefaultsPostProcessor - For additional web related logging consider setting the 'logging.level.web' property to 'DEBUG'
2025-12-02 14:53:05.927 [restartedMain] INFO  o.s.d.r.c.RepositoryConfigurationDelegate - Bootstrapping Spring Data JPA repositories in DEFAULT mode.
2025-12-02 14:53:06.093 [restartedMain] INFO  o.s.d.r.c.RepositoryConfigurationDelegate - Finished Spring Data repository scanning in 156 ms. Found 17 JPA repository interfaces.
2025-12-02 14:53:08.256 [restartedMain] INFO  o.s.b.w.e.tomcat.TomcatWebServer - Tomcat initialized with port(s): 8080 (http)
2025-12-02 14:53:08.277 [restartedMain] INFO  o.a.coyote.http11.Http11NioProtocol - Initializing ProtocolHandler ["http-nio-8080"]
2025-12-02 14:53:08.277 [restartedMain] INFO  o.a.catalina.core.StandardService - Starting service [Tomcat]
2025-12-02 14:53:08.277 [restartedMain] INFO  o.a.catalina.core.StandardEngine - Starting Servlet engine: [Apache Tomcat/9.0.71]
2025-12-02 14:53:08.405 [restartedMain] INFO  o.a.c.c.C.[Tomcat].[localhost].[/] - Initializing Spring embedded WebApplicationContext
2025-12-02 14:53:08.405 [restartedMain] INFO  o.s.b.w.s.c.ServletWebServerApplicationContext - Root WebApplicationContext: initialization completed in 3801 ms
2025-12-02 14:53:08.662 [restartedMain] INFO  com.zaxxer.hikari.HikariDataSource - HikariPool-1 - Starting...
2025-12-02 14:53:08.911 [restartedMain] INFO  com.zaxxer.hikari.HikariDataSource - HikariPool-1 - Start completed.
2025-12-02 14:53:08.929 [restartedMain] INFO  o.s.b.a.h.H2ConsoleAutoConfiguration - H2 console available at '/h2-console'. Database available at 'jdbc:mysql://localhost:3306/datn?useUnicode=yes&characterEncoding=UTF-8&allowPublicKeyRetrieval=true&useSSL=false'
2025-12-02 14:53:09.440 [restartedMain] INFO  o.h.jpa.internal.util.LogHelper - HHH000204: Processing PersistenceUnitInfo [name: default]
2025-12-02 14:53:09.615 [restartedMain] INFO  org.hibernate.Version - HHH000412: Hibernate ORM core version 5.6.15.Final
2025-12-02 14:53:10.162 [restartedMain] INFO  o.h.annotations.common.Version - HCANN000001: Hibernate Commons Annotations {5.1.2.Final}
2025-12-02 14:53:10.920 [restartedMain] INFO  org.hibernate.dialect.Dialect - HHH000400: Using dialect: org.hibernate.dialect.MySQL8Dialect
2025-12-02 14:53:13.049 [restartedMain] INFO  o.h.e.t.j.p.i.JtaPlatformInitiator - HHH000490: Using JtaPlatform implementation: [org.hibernate.engine.transaction.jta.platform.internal.NoJtaPlatform]
2025-12-02 14:53:13.067 [restartedMain] INFO  o.s.o.j.LocalContainerEntityManagerFactoryBean - Initialized JPA EntityManagerFactory for persistence unit 'default'
2025-12-02 14:53:13.496 [restartedMain] WARN  o.s.b.a.o.j.JpaBaseConfiguration$JpaWebConfiguration - spring.jpa.open-in-view is enabled by default. Therefore, database queries may be performed during view rendering. Explicitly configure spring.jpa.open-in-view to disable this warning
2025-12-02 14:53:15.239 [restartedMain] WARN  o.s.b.a.s.s.UserDetailsServiceAutoConfiguration - 

Using generated security password: 8ca8f395-a01a-402f-98c2-0b17679da55a

This generated password is for development use only. Your security configuration must be updated before running your application in production.

2025-12-02 14:53:15.490 [restartedMain] INFO  o.s.s.web.DefaultSecurityFilterChain - Will secure any request with [org.springframework.security.web.session.DisableEncodeUrlFilter@73e4b6f2, org.springframework.security.web.context.request.async.WebAsyncManagerIntegrationFilter@7b40d5a7, org.springframework.security.web.context.SecurityContextPersistenceFilter@2c467123, org.springframework.security.web.header.HeaderWriterFilter@311d9fb2, org.springframework.security.web.authentication.logout.LogoutFilter@76cabbc0, org.springframework.security.web.savedrequest.RequestCacheAwareFilter@2471b4b1, org.springframework.security.web.servletapi.SecurityContextHolderAwareRequestFilter@1bb7f80c, org.springframework.security.web.authentication.AnonymousAuthenticationFilter@6aa86417, org.springframework.security.web.session.SessionManagementFilter@35e40be1, org.springframework.security.web.access.ExceptionTranslationFilter@6c34f1d1, org.springframework.security.web.access.intercept.FilterSecurityInterceptor@f53f170]
2025-12-02 14:53:17.679 [restartedMain] INFO  o.s.b.d.a.OptionalLiveReloadServer - LiveReload server is running on port 35729
2025-12-02 14:53:17.687 [restartedMain] INFO  o.s.b.a.e.web.EndpointLinksResolver - Exposing 1 endpoint(s) beneath base path '/actuator'
2025-12-02 14:53:17.725 [restartedMain] INFO  o.a.coyote.http11.Http11NioProtocol - Starting ProtocolHandler ["http-nio-8080"]
2025-12-02 14:53:17.746 [restartedMain] INFO  o.s.b.w.e.tomcat.TomcatWebServer - Tomcat started on port(s): 8080 (http) with context path ''
2025-12-02 14:53:17.772 [restartedMain] INFO  c.v.m.MiniProjectJavaApplication - Started MiniProjectJavaApplication in 14.539 seconds (JVM running for 16.37)
2025-12-02 14:53:22.865 [http-nio-8080-exec-2] INFO  o.a.c.c.C.[Tomcat].[localhost].[/] - Initializing Spring DispatcherServlet 'dispatcherServlet'
2025-12-02 14:53:22.865 [http-nio-8080-exec-2] INFO  o.s.web.servlet.DispatcherServlet - Initializing Servlet 'dispatcherServlet'
2025-12-02 14:53:22.871 [http-nio-8080-exec-2] INFO  o.s.web.servlet.DispatcherServlet - Completed initialization in 4 ms
2025-12-02 14:53:22.965 [http-nio-8080-exec-2] WARN  o.s.w.s.m.s.DefaultHandlerExceptionResolver - Resolved [org.springframework.web.bind.MissingServletRequestParameterException: Required request parameter 'productID' for method parameter type long is not present]
2025-12-02 14:54:03.045 [http-nio-8080-exec-4] INFO  c.v.m.r.HomeRestController - Người dùng 'unknown' đã mua 3 Đơn Vị Sản Phẩm 'AirPods Pro 2 USB-C' Vào Gio Hang.
2025-12-02 14:54:03.045 [http-nio-8080-exec-4] INFO  c.v.m.r.HomeRestController - Người dùng 'unknown' đã mua 3 Đơn Vị Sản Phẩm 'AirPods Pro 2 USB-C' Vào Gio Hang.
2025-12-02 14:55:03.991 [http-nio-8080-exec-6] WARN  o.s.w.s.m.s.DefaultHandlerExceptionResolver - Resolved [org.springframework.web.HttpRequestMethodNotSupportedException: Request method 'GET' not supported]
2025-12-02 14:55:21.188 [http-nio-8080-exec-8] WARN  o.s.w.s.m.s.DefaultHandlerExceptionResolver - Resolved [org.springframework.web.HttpRequestMethodNotSupportedException: Request method 'GET' not supported]
2025-12-02 15:17:31.232 [http-nio-8080-exec-4] INFO  c.v.m.r.HomeRestController - ========== BẮT ĐẦU TẠO ĐƠN HÀNG MỚI ==========
2025-12-02 15:17:31.535 [http-nio-8080-exec-4] INFO  c.v.m.r.HomeRestController - Thời gian: 2025-12-02T15:17:31.534
2025-12-02 15:17:31.539 [http-nio-8080-exec-4] ERROR c.v.m.r.HomeRestController - Account not found or invalid.
2025-12-02 15:17:53.321 [http-nio-8080-exec-5] INFO  c.v.m.r.HomeRestController - ========== BẮT ĐẦU TẠO ĐƠN HÀNG MỚI ==========
2025-12-02 15:17:53.321 [http-nio-8080-exec-5] INFO  c.v.m.r.HomeRestController - Thời gian: 2025-12-02T15:17:53.321
2025-12-02 15:17:53.635 [http-nio-8080-exec-5] INFO  c.v.m.r.HomeRestController - Found account from header: 1
2025-12-02 15:17:53.635 [http-nio-8080-exec-5] INFO  c.v.m.r.HomeRestController - Người dùng: demo_admin (ID: 1)
2025-12-02 15:17:53.637 [http-nio-8080-exec-5] INFO  c.v.m.r.HomeRestController - Thông tin đơn hàng:
2025-12-02 15:17:53.637 [http-nio-8080-exec-5] INFO  c.v.m.r.HomeRestController - -Người nhận: Nguyen Van A
2025-12-02 15:17:53.637 [http-nio-8080-exec-5] INFO  c.v.m.r.HomeRestController - -Phương thức thanh toán: COD
2025-12-02 15:17:54.094 [http-nio-8080-exec-5] INFO  c.v.m.r.HomeRestController - ✅ Lưu đơn hàng thành công (ID: 58)
2025-12-02 15:17:58.933 [http-nio-8080-exec-5] INFO  c.v.m.r.HomeRestController - 📩 Đã gửi email xác nhận đơn hàng đến demoadmin@gmail.com
2025-12-02 15:17:58.964 [http-nio-8080-exec-5] INFO  c.v.m.r.HomeRestController - Tạo {} chi tiết đơn hàng
2025-12-02 15:17:58.965 [http-nio-8080-exec-5] INFO  c.v.m.r.HomeRestController - TẠO ĐƠN HÀNG THÀNH CÔNG
2025-12-02 15:17:58.965 [http-nio-8080-exec-5] INFO  c.v.m.r.HomeRestController - Created Order ID 58 with txnRef 1764663473637
2025-12-02 15:17:58.965 [http-nio-8080-exec-5] INFO  c.v.m.r.HomeRestController -    - Người tạo: demo_admin (ID: 1)
2025-12-02 15:17:58.965 [http-nio-8080-exec-5] INFO  c.v.m.r.HomeRestController - ========== KẾT THÚC TẠO ĐƠN HÀNG ==========

2025-12-02 15:18:21.130 [http-nio-8080-exec-7] INFO  c.v.m.r.HomeRestController - ========== BẮT ĐẦU TẠO ĐƠN HÀNG MỚI ==========
2025-12-02 15:18:21.131 [http-nio-8080-exec-7] INFO  c.v.m.r.HomeRestController - Thời gian: 2025-12-02T15:18:21.131
2025-12-02 15:18:21.137 [http-nio-8080-exec-7] INFO  c.v.m.r.HomeRestController - Found account from header: 1
2025-12-02 15:18:21.137 [http-nio-8080-exec-7] INFO  c.v.m.r.HomeRestController - Người dùng: demo_admin (ID: 1)
2025-12-02 15:18:21.137 [http-nio-8080-exec-7] ERROR c.v.m.r.HomeRestController - Cart is empty or null.
2025-12-02 15:20:53.417 [http-nio-8080-exec-10] WARN  o.s.web.servlet.PageNotFound - No mapping for POST /search
2025-12-02 15:23:28.384 [http-nio-8080-exec-5] WARN  o.s.w.s.m.s.DefaultHandlerExceptionResolver - Resolved [org.springframework.web.bind.MissingServletRequestParameterException: Required request parameter 'productID' for method parameter type long is not present]
2025-12-02 15:24:18.768 [http-nio-8080-exec-6] WARN  o.s.w.s.m.s.DefaultHandlerExceptionResolver - Resolved [org.springframework.web.HttpRequestMethodNotSupportedException: Request method 'POST' not supported]
2025-12-02 15:24:33.233 [http-nio-8080-exec-8] WARN  o.s.w.s.m.s.DefaultHandlerExceptionResolver - Resolved [org.springframework.web.HttpRequestMethodNotSupportedException: Request method 'POST' not supported]
2025-12-02 15:25:23.860 [SpringApplicationShutdownHook] INFO  o.s.o.j.LocalContainerEntityManagerFactoryBean - Closing JPA EntityManagerFactory for persistence unit 'default'
2025-12-02 15:25:23.872 [SpringApplicationShutdownHook] INFO  com.zaxxer.hikari.HikariDataSource - HikariPool-1 - Shutdown initiated...
2025-12-02 15:25:23.878 [SpringApplicationShutdownHook] INFO  com.zaxxer.hikari.HikariDataSource - HikariPool-1 - Shutdown completed.
2025-12-02 19:50:27.633 [restartedMain] INFO  c.v.m.MiniProjectJavaApplication - Starting MiniProjectJavaApplication using Java 1.8.0_462 on Admin-PC with PID 20708 (F:\BE-QLBH\target\classes started by Admin in F:\BE-QLBH)
2025-12-02 19:50:27.595 [background-preinit] INFO  o.h.validator.internal.util.Version - HV000001: Hibernate Validator 6.2.5.Final
2025-12-02 19:50:27.677 [restartedMain] INFO  c.v.m.MiniProjectJavaApplication - No active profile set, falling back to 1 default profile: "default"
2025-12-02 19:50:27.823 [restartedMain] INFO  o.s.b.d.e.DevToolsPropertyDefaultsPostProcessor - Devtools property defaults active! Set 'spring.devtools.add-properties' to 'false' to disable
2025-12-02 19:50:27.825 [restartedMain] INFO  o.s.b.d.e.DevToolsPropertyDefaultsPostProcessor - For additional web related logging consider setting the 'logging.level.web' property to 'DEBUG'
2025-12-02 19:50:31.506 [restartedMain] INFO  o.s.d.r.c.RepositoryConfigurationDelegate - Bootstrapping Spring Data JPA repositories in DEFAULT mode.
2025-12-02 19:50:31.667 [restartedMain] INFO  o.s.d.r.c.RepositoryConfigurationDelegate - Finished Spring Data repository scanning in 149 ms. Found 17 JPA repository interfaces.
2025-12-02 19:50:36.095 [restartedMain] INFO  o.s.b.w.e.tomcat.TomcatWebServer - Tomcat initialized with port(s): 8080 (http)
2025-12-02 19:50:36.121 [restartedMain] INFO  o.a.coyote.http11.Http11NioProtocol - Initializing ProtocolHandler ["http-nio-8080"]
2025-12-02 19:50:36.123 [restartedMain] INFO  o.a.catalina.core.StandardService - Starting service [Tomcat]
2025-12-02 19:50:36.123 [restartedMain] INFO  o.a.catalina.core.StandardEngine - Starting Servlet engine: [Apache Tomcat/9.0.71]
2025-12-02 19:50:49.630 [restartedMain] INFO  o.a.c.c.C.[Tomcat].[localhost].[/] - Initializing Spring embedded WebApplicationContext
2025-12-02 19:50:49.630 [restartedMain] INFO  o.s.b.w.s.c.ServletWebServerApplicationContext - Root WebApplicationContext: initialization completed in 21805 ms
2025-12-02 19:50:49.874 [restartedMain] INFO  com.zaxxer.hikari.HikariDataSource - HikariPool-1 - Starting...
2025-12-02 19:50:50.165 [restartedMain] INFO  com.zaxxer.hikari.HikariDataSource - HikariPool-1 - Start completed.
2025-12-02 19:50:50.175 [restartedMain] INFO  o.s.b.a.h.H2ConsoleAutoConfiguration - H2 console available at '/h2-console'. Database available at 'jdbc:mysql://localhost:3306/datn?useUnicode=yes&characterEncoding=UTF-8&allowPublicKeyRetrieval=true&useSSL=false'
2025-12-02 19:50:50.778 [restartedMain] INFO  o.h.jpa.internal.util.LogHelper - HHH000204: Processing PersistenceUnitInfo [name: default]
2025-12-02 19:50:50.899 [restartedMain] INFO  org.hibernate.Version - HHH000412: Hibernate ORM core version 5.6.15.Final
2025-12-02 19:50:51.229 [restartedMain] INFO  o.h.annotations.common.Version - HCANN000001: Hibernate Commons Annotations {5.1.2.Final}
2025-12-02 19:50:51.480 [restartedMain] INFO  org.hibernate.dialect.Dialect - HHH000400: Using dialect: org.hibernate.dialect.MySQL8Dialect
2025-12-02 19:50:53.129 [restartedMain] INFO  o.h.e.t.j.p.i.JtaPlatformInitiator - HHH000490: Using JtaPlatform implementation: [org.hibernate.engine.transaction.jta.platform.internal.NoJtaPlatform]
2025-12-02 19:50:53.158 [restartedMain] INFO  o.s.o.j.LocalContainerEntityManagerFactoryBean - Initialized JPA EntityManagerFactory for persistence unit 'default'
2025-12-02 19:50:53.756 [restartedMain] WARN  o.s.b.a.o.j.JpaBaseConfiguration$JpaWebConfiguration - spring.jpa.open-in-view is enabled by default. Therefore, database queries may be performed during view rendering. Explicitly configure spring.jpa.open-in-view to disable this warning
2025-12-02 19:50:56.045 [restartedMain] WARN  o.s.b.a.s.s.UserDetailsServiceAutoConfiguration - 

Using generated security password: f527026b-e8d3-4ce3-b019-04c80f197f67

This generated password is for development use only. Your security configuration must be updated before running your application in production.

2025-12-02 19:50:56.338 [restartedMain] INFO  o.s.s.web.DefaultSecurityFilterChain - Will secure any request with [org.springframework.security.web.session.DisableEncodeUrlFilter@223aa61d, org.springframework.security.web.context.request.async.WebAsyncManagerIntegrationFilter@4493c9e7, org.springframework.security.web.context.SecurityContextPersistenceFilter@477028c7, org.springframework.security.web.header.HeaderWriterFilter@41e71006, org.springframework.security.web.authentication.logout.LogoutFilter@3c79154e, org.springframework.security.web.savedrequest.RequestCacheAwareFilter@cb444d7, org.springframework.security.web.servletapi.SecurityContextHolderAwareRequestFilter@5137420a, org.springframework.security.web.authentication.AnonymousAuthenticationFilter@1e13496e, org.springframework.security.web.session.SessionManagementFilter@4d3fe389, org.springframework.security.web.access.ExceptionTranslationFilter@cf0c6b0, org.springframework.security.web.access.intercept.FilterSecurityInterceptor@3b21dc68]
2025-12-02 19:50:59.626 [restartedMain] INFO  o.s.b.d.a.OptionalLiveReloadServer - LiveReload server is running on port 35729
2025-12-02 19:50:59.648 [restartedMain] INFO  o.s.b.a.e.web.EndpointLinksResolver - Exposing 1 endpoint(s) beneath base path '/actuator'
2025-12-02 19:50:59.694 [restartedMain] INFO  o.a.coyote.http11.Http11NioProtocol - Starting ProtocolHandler ["http-nio-8080"]
2025-12-02 19:50:59.723 [restartedMain] INFO  o.s.b.w.e.tomcat.TomcatWebServer - Tomcat started on port(s): 8080 (http) with context path ''
2025-12-02 19:50:59.743 [restartedMain] INFO  c.v.m.MiniProjectJavaApplication - Started MiniProjectJavaApplication in 33.065 seconds (JVM running for 35.701)
2025-12-02 19:51:01.100 [http-nio-8080-exec-1] INFO  o.a.c.c.C.[Tomcat].[localhost].[/] - Initializing Spring DispatcherServlet 'dispatcherServlet'
2025-12-02 19:51:01.100 [http-nio-8080-exec-1] INFO  o.s.web.servlet.DispatcherServlet - Initializing Servlet 'dispatcherServlet'
2025-12-02 19:51:01.100 [http-nio-8080-exec-1] INFO  o.s.web.servlet.DispatcherServlet - Completed initialization in 0 ms
2025-12-02 19:54:40.370 [http-nio-8080-exec-1] INFO  c.v.m.r.HomeRestController - Người dùng 'unknown' đã mua 1 Đơn Vị Sản Phẩm 'Samsung Galaxy A54 5G' Vào Gio Hang.
2025-12-02 19:54:40.371 [http-nio-8080-exec-1] INFO  c.v.m.r.HomeRestController - Người dùng 'unknown' đã mua 1 Đơn Vị Sản Phẩm 'Samsung Galaxy A54 5G' Vào Gio Hang.
2025-12-02 19:58:13.966 [http-nio-8080-exec-7] INFO  c.v.m.r.HomeRestController - Người dùng 'unknown' đã mua 1 Đơn Vị Sản Phẩm 'Dell Inspiron 15 3520' Vào Gio Hang.
2025-12-02 19:58:13.966 [http-nio-8080-exec-7] INFO  c.v.m.r.HomeRestController - Người dùng 'unknown' đã mua 1 Đơn Vị Sản Phẩm 'Dell Inspiron 15 3520' Vào Gio Hang.
2025-12-02 19:58:53.619 [http-nio-8080-exec-2] INFO  c.v.m.r.AccountRestController - Người dùng [demo_user] đã đăng nhập thành công lúc 2025-12-02T19:58:53.619
2025-12-02 19:59:07.667 [http-nio-8080-exec-2] INFO  c.v.m.r.integrationVnpayRestController - Found account from header: 6
2025-12-02 20:00:58.359 [http-nio-8080-exec-9] INFO  c.v.m.r.HomeRestController - 📧 Đã gửi email hủy đơn hàng đến lamnguyen4791@gmail.com
2025-12-02 20:01:33.483 [http-nio-8080-exec-3] INFO  c.v.m.r.HomeRestController - Người dùng 'demo_user' đã mua 1 Đơn Vị Sản Phẩm 'Samsung Galaxy A54 5G' Vào Gio Hang.
2025-12-02 20:01:33.484 [http-nio-8080-exec-3] INFO  c.v.m.r.HomeRestController - Người dùng 'demo_user' đã mua 1 Đơn Vị Sản Phẩm 'Samsung Galaxy A54 5G' Vào Gio Hang.
2025-12-02 20:01:43.667 [http-nio-8080-exec-10] INFO  c.v.m.r.integrationVnpayRestController - Found account from header: 6
2025-12-02 20:04:35.216 [SpringApplicationShutdownHook] INFO  o.s.o.j.LocalContainerEntityManagerFactoryBean - Closing JPA EntityManagerFactory for persistence unit 'default'
2025-12-02 20:04:35.221 [SpringApplicationShutdownHook] INFO  com.zaxxer.hikari.HikariDataSource - HikariPool-1 - Shutdown initiated...
2025-12-02 20:04:35.232 [SpringApplicationShutdownHook] INFO  com.zaxxer.hikari.HikariDataSource - HikariPool-1 - Shutdown completed.
2025-12-02 20:04:43.452 [background-preinit] INFO  o.h.validator.internal.util.Version - HV000001: Hibernate Validator 6.2.5.Final
2025-12-02 20:04:43.496 [restartedMain] INFO  c.v.m.MiniProjectJavaApplication - Starting MiniProjectJavaApplication using Java 1.8.0_462 on Admin-PC with PID 20116 (F:\BE-QLBH\target\classes started by Admin in F:\BE-QLBH)
2025-12-02 20:04:43.498 [restartedMain] INFO  c.v.m.MiniProjectJavaApplication - No active profile set, falling back to 1 default profile: "default"
2025-12-02 20:04:43.592 [restartedMain] INFO  o.s.b.d.e.DevToolsPropertyDefaultsPostProcessor - Devtools property defaults active! Set 'spring.devtools.add-properties' to 'false' to disable
2025-12-02 20:04:43.592 [restartedMain] INFO  o.s.b.d.e.DevToolsPropertyDefaultsPostProcessor - For additional web related logging consider setting the 'logging.level.web' property to 'DEBUG'
2025-12-02 20:04:45.231 [restartedMain] INFO  o.s.d.r.c.RepositoryConfigurationDelegate - Bootstrapping Spring Data JPA repositories in DEFAULT mode.
2025-12-02 20:04:45.352 [restartedMain] INFO  o.s.d.r.c.RepositoryConfigurationDelegate - Finished Spring Data repository scanning in 113 ms. Found 17 JPA repository interfaces.
2025-12-02 20:04:47.074 [restartedMain] INFO  o.s.b.w.e.tomcat.TomcatWebServer - Tomcat initialized with port(s): 8080 (http)
2025-12-02 20:04:47.085 [restartedMain] INFO  o.a.coyote.http11.Http11NioProtocol - Initializing ProtocolHandler ["http-nio-8080"]
2025-12-02 20:04:47.085 [restartedMain] INFO  o.a.catalina.core.StandardService - Starting service [Tomcat]
2025-12-02 20:04:47.085 [restartedMain] INFO  o.a.catalina.core.StandardEngine - Starting Servlet engine: [Apache Tomcat/9.0.71]
2025-12-02 20:04:47.204 [restartedMain] INFO  o.a.c.c.C.[Tomcat].[localhost].[/] - Initializing Spring embedded WebApplicationContext
2025-12-02 20:04:47.204 [restartedMain] INFO  o.s.b.w.s.c.ServletWebServerApplicationContext - Root WebApplicationContext: initialization completed in 3612 ms
2025-12-02 20:04:47.483 [restartedMain] INFO  com.zaxxer.hikari.HikariDataSource - HikariPool-1 - Starting...
2025-12-02 20:04:47.737 [restartedMain] INFO  com.zaxxer.hikari.HikariDataSource - HikariPool-1 - Start completed.
2025-12-02 20:04:47.747 [restartedMain] INFO  o.s.b.a.h.H2ConsoleAutoConfiguration - H2 console available at '/h2-console'. Database available at 'jdbc:mysql://localhost:3306/datn?useUnicode=yes&characterEncoding=UTF-8&allowPublicKeyRetrieval=true&useSSL=false'
2025-12-02 20:04:48.065 [restartedMain] INFO  o.h.jpa.internal.util.LogHelper - HHH000204: Processing PersistenceUnitInfo [name: default]
2025-12-02 20:04:48.172 [restartedMain] INFO  org.hibernate.Version - HHH000412: Hibernate ORM core version 5.6.15.Final
2025-12-02 20:04:48.440 [restartedMain] INFO  o.h.annotations.common.Version - HCANN000001: Hibernate Commons Annotations {5.1.2.Final}
2025-12-02 20:04:48.633 [restartedMain] INFO  org.hibernate.dialect.Dialect - HHH000400: Using dialect: org.hibernate.dialect.MySQL8Dialect
2025-12-02 20:04:50.091 [restartedMain] INFO  o.h.e.t.j.p.i.JtaPlatformInitiator - HHH000490: Using JtaPlatform implementation: [org.hibernate.engine.transaction.jta.platform.internal.NoJtaPlatform]
2025-12-02 20:04:50.106 [restartedMain] INFO  o.s.o.j.LocalContainerEntityManagerFactoryBean - Initialized JPA EntityManagerFactory for persistence unit 'default'
2025-12-02 20:04:50.406 [restartedMain] WARN  o.s.b.a.o.j.JpaBaseConfiguration$JpaWebConfiguration - spring.jpa.open-in-view is enabled by default. Therefore, database queries may be performed during view rendering. Explicitly configure spring.jpa.open-in-view to disable this warning
2025-12-02 20:04:51.783 [restartedMain] WARN  o.s.b.a.s.s.UserDetailsServiceAutoConfiguration - 

Using generated security password: 7576b326-14a4-4164-8604-8d2f522c87f0

This generated password is for development use only. Your security configuration must be updated before running your application in production.

2025-12-02 20:04:51.990 [restartedMain] INFO  o.s.s.web.DefaultSecurityFilterChain - Will secure any request with [org.springframework.security.web.session.DisableEncodeUrlFilter@3e9d6ec4, org.springframework.security.web.context.request.async.WebAsyncManagerIntegrationFilter@619821b0, org.springframework.security.web.context.SecurityContextPersistenceFilter@3da39cfc, org.springframework.security.web.header.HeaderWriterFilter@5ffdee1f, org.springframework.security.web.authentication.logout.LogoutFilter@4244b65a, org.springframework.security.web.savedrequest.RequestCacheAwareFilter@7e635cdf, org.springframework.security.web.servletapi.SecurityContextHolderAwareRequestFilter@1741b8fe, org.springframework.security.web.authentication.AnonymousAuthenticationFilter@951a08, org.springframework.security.web.session.SessionManagementFilter@d103e7d, org.springframework.security.web.access.ExceptionTranslationFilter@7219c814, org.springframework.security.web.access.intercept.FilterSecurityInterceptor@7f7c9491]
2025-12-02 20:04:53.129 [restartedMain] INFO  o.s.b.d.a.OptionalLiveReloadServer - LiveReload server is running on port 35729
2025-12-02 20:04:53.143 [restartedMain] INFO  o.s.b.a.e.web.EndpointLinksResolver - Exposing 1 endpoint(s) beneath base path '/actuator'
2025-12-02 20:04:53.176 [restartedMain] INFO  o.a.coyote.http11.Http11NioProtocol - Starting ProtocolHandler ["http-nio-8080"]
2025-12-02 20:04:53.190 [restartedMain] INFO  o.s.b.w.e.tomcat.TomcatWebServer - Tomcat started on port(s): 8080 (http) with context path ''
2025-12-02 20:04:53.246 [restartedMain] INFO  c.v.m.MiniProjectJavaApplication - Started MiniProjectJavaApplication in 10.451 seconds (JVM running for 11.394)
2025-12-02 20:05:20.326 [http-nio-8080-exec-1] INFO  o.a.c.c.C.[Tomcat].[localhost].[/] - Initializing Spring DispatcherServlet 'dispatcherServlet'
2025-12-02 20:05:20.326 [http-nio-8080-exec-1] INFO  o.s.web.servlet.DispatcherServlet - Initializing Servlet 'dispatcherServlet'
2025-12-02 20:05:20.326 [http-nio-8080-exec-1] INFO  o.s.web.servlet.DispatcherServlet - Completed initialization in 0 ms
2025-12-02 20:08:56.142 [http-nio-8080-exec-3] INFO  c.v.m.r.HomeRestController - Người dùng 'demo_user' đã mua 1 Đơn Vị Sản Phẩm 'Samsung Galaxy A54 5G' Vào Gio Hang.
2025-12-02 20:08:56.145 [http-nio-8080-exec-3] INFO  c.v.m.r.HomeRestController - Người dùng 'demo_user' đã mua 1 Đơn Vị Sản Phẩm 'Samsung Galaxy A54 5G' Vào Gio Hang.
2025-12-02 20:09:01.755 [http-nio-8080-exec-9] INFO  c.v.m.r.integrationVnpayRestController - Found account from header: 6
2025-12-02 20:10:54.694 [http-nio-8080-exec-8] INFO  c.v.m.r.HomeRestController - 📧 Đã gửi email hủy đơn hàng đến lamnguyen4791@gmail.com
2025-12-02 20:39:20.502 [SpringApplicationShutdownHook] INFO  o.s.o.j.LocalContainerEntityManagerFactoryBean - Closing JPA EntityManagerFactory for persistence unit 'default'
2025-12-02 20:39:20.511 [SpringApplicationShutdownHook] INFO  com.zaxxer.hikari.HikariDataSource - HikariPool-1 - Shutdown initiated...
2025-12-02 20:39:20.511 [SpringApplicationShutdownHook] INFO  com.zaxxer.hikari.HikariDataSource - HikariPool-1 - Shutdown completed.
2025-12-02 20:39:27.551 [background-preinit] INFO  o.h.validator.internal.util.Version - HV000001: Hibernate Validator 6.2.5.Final
2025-12-02 20:39:27.579 [restartedMain] INFO  c.v.m.MiniProjectJavaApplication - Starting MiniProjectJavaApplication using Java 1.8.0_462 on Admin-PC with PID 12216 (F:\BE-QLBH\target\classes started by Admin in F:\BE-QLBH)
2025-12-02 20:39:27.579 [restartedMain] INFO  c.v.m.MiniProjectJavaApplication - No active profile set, falling back to 1 default profile: "default"
2025-12-02 20:39:27.654 [restartedMain] INFO  o.s.b.d.e.DevToolsPropertyDefaultsPostProcessor - Devtools property defaults active! Set 'spring.devtools.add-properties' to 'false' to disable
2025-12-02 20:39:27.654 [restartedMain] INFO  o.s.b.d.e.DevToolsPropertyDefaultsPostProcessor - For additional web related logging consider setting the 'logging.level.web' property to 'DEBUG'
2025-12-02 20:39:28.570 [restartedMain] INFO  o.s.d.r.c.RepositoryConfigurationDelegate - Bootstrapping Spring Data JPA repositories in DEFAULT mode.
2025-12-02 20:39:28.686 [restartedMain] INFO  o.s.d.r.c.RepositoryConfigurationDelegate - Finished Spring Data repository scanning in 98 ms. Found 17 JPA repository interfaces.
2025-12-02 20:39:30.443 [restartedMain] INFO  o.s.b.w.e.tomcat.TomcatWebServer - Tomcat initialized with port(s): 8080 (http)
2025-12-02 20:39:30.458 [restartedMain] INFO  o.a.coyote.http11.Http11NioProtocol - Initializing ProtocolHandler ["http-nio-8080"]
2025-12-02 20:39:30.458 [restartedMain] INFO  o.a.catalina.core.StandardService - Starting service [Tomcat]
2025-12-02 20:39:30.458 [restartedMain] INFO  o.a.catalina.core.StandardEngine - Starting Servlet engine: [Apache Tomcat/9.0.71]
2025-12-02 20:39:30.557 [restartedMain] INFO  o.a.c.c.C.[Tomcat].[localhost].[/] - Initializing Spring embedded WebApplicationContext
2025-12-02 20:39:30.557 [restartedMain] INFO  o.s.b.w.s.c.ServletWebServerApplicationContext - Root WebApplicationContext: initialization completed in 2903 ms
2025-12-02 20:39:30.747 [restartedMain] INFO  com.zaxxer.hikari.HikariDataSource - HikariPool-1 - Starting...
2025-12-02 20:39:31.018 [restartedMain] INFO  com.zaxxer.hikari.HikariDataSource - HikariPool-1 - Start completed.
2025-12-02 20:39:31.036 [restartedMain] INFO  o.s.b.a.h.H2ConsoleAutoConfiguration - H2 console available at '/h2-console'. Database available at 'jdbc:mysql://localhost:3306/datn?useUnicode=yes&characterEncoding=UTF-8&allowPublicKeyRetrieval=true&useSSL=false'
2025-12-02 20:39:31.350 [restartedMain] INFO  o.h.jpa.internal.util.LogHelper - HHH000204: Processing PersistenceUnitInfo [name: default]
2025-12-02 20:39:31.415 [restartedMain] INFO  org.hibernate.Version - HHH000412: Hibernate ORM core version 5.6.15.Final
2025-12-02 20:39:31.692 [restartedMain] INFO  o.h.annotations.common.Version - HCANN000001: Hibernate Commons Annotations {5.1.2.Final}
2025-12-02 20:39:31.877 [restartedMain] INFO  org.hibernate.dialect.Dialect - HHH000400: Using dialect: org.hibernate.dialect.MySQL8Dialect
2025-12-02 20:39:33.317 [restartedMain] INFO  o.h.e.t.j.p.i.JtaPlatformInitiator - HHH000490: Using JtaPlatform implementation: [org.hibernate.engine.transaction.jta.platform.internal.NoJtaPlatform]
2025-12-02 20:39:33.328 [restartedMain] INFO  o.s.o.j.LocalContainerEntityManagerFactoryBean - Initialized JPA EntityManagerFactory for persistence unit 'default'
2025-12-02 20:39:33.653 [restartedMain] WARN  o.s.b.a.o.j.JpaBaseConfiguration$JpaWebConfiguration - spring.jpa.open-in-view is enabled by default. Therefore, database queries may be performed during view rendering. Explicitly configure spring.jpa.open-in-view to disable this warning
2025-12-02 20:39:34.980 [restartedMain] WARN  o.s.b.a.s.s.UserDetailsServiceAutoConfiguration - 

Using generated security password: 04cf0b5c-4d04-4207-8063-52ed5b13db81

This generated password is for development use only. Your security configuration must be updated before running your application in production.

2025-12-02 20:39:35.145 [restartedMain] INFO  o.s.s.web.DefaultSecurityFilterChain - Will secure any request with [org.springframework.security.web.session.DisableEncodeUrlFilter@1e21282, org.springframework.security.web.context.request.async.WebAsyncManagerIntegrationFilter@71716549, org.springframework.security.web.context.SecurityContextPersistenceFilter@14b6ed41, org.springframework.security.web.header.HeaderWriterFilter@6c5e949d, org.springframework.security.web.authentication.logout.LogoutFilter@2d3eb458, org.springframework.security.web.savedrequest.RequestCacheAwareFilter@9faf079, org.springframework.security.web.servletapi.SecurityContextHolderAwareRequestFilter@7499cddb, org.springframework.security.web.authentication.AnonymousAuthenticationFilter@263ca4c2, org.springframework.security.web.session.SessionManagementFilter@62b8645b, org.springframework.security.web.access.ExceptionTranslationFilter@1271915b, org.springframework.security.web.access.intercept.FilterSecurityInterceptor@564d1e9f]
2025-12-02 20:39:36.569 [restartedMain] INFO  o.s.b.d.a.OptionalLiveReloadServer - LiveReload server is running on port 35729
2025-12-02 20:39:36.586 [restartedMain] INFO  o.s.b.a.e.web.EndpointLinksResolver - Exposing 1 endpoint(s) beneath base path '/actuator'
2025-12-02 20:39:36.617 [restartedMain] INFO  o.a.coyote.http11.Http11NioProtocol - Starting ProtocolHandler ["http-nio-8080"]
2025-12-02 20:39:36.634 [restartedMain] INFO  o.s.b.w.e.tomcat.TomcatWebServer - Tomcat started on port(s): 8080 (http) with context path ''
2025-12-02 20:39:36.650 [restartedMain] INFO  c.v.m.MiniProjectJavaApplication - Started MiniProjectJavaApplication in 9.664 seconds (JVM running for 10.559)
2025-12-02 20:39:50.185 [http-nio-8080-exec-1] INFO  o.a.c.c.C.[Tomcat].[localhost].[/] - Initializing Spring DispatcherServlet 'dispatcherServlet'
2025-12-02 20:39:50.185 [http-nio-8080-exec-1] INFO  o.s.web.servlet.DispatcherServlet - Initializing Servlet 'dispatcherServlet'
2025-12-02 20:39:50.185 [http-nio-8080-exec-1] INFO  o.s.web.servlet.DispatcherServlet - Completed initialization in 0 ms
2025-12-02 20:40:00.368 [http-nio-8080-exec-3] INFO  c.v.m.r.HomeRestController - 📧 Đã gửi email hủy đơn hàng đến lamnguyen4791@gmail.com
2025-12-02 20:40:12.410 [http-nio-8080-exec-9] INFO  c.v.m.r.HomeRestController - Người dùng 'demo_user' đã mua 1 Đơn Vị Sản Phẩm 'Samsung Galaxy A54 5G' Vào Gio Hang.
2025-12-02 20:40:12.410 [http-nio-8080-exec-9] INFO  c.v.m.r.HomeRestController - Người dùng 'demo_user' đã mua 1 Đơn Vị Sản Phẩm 'Samsung Galaxy A54 5G' Vào Gio Hang.
2025-12-02 20:40:21.523 [http-nio-8080-exec-6] INFO  c.v.m.r.integrationVnpayRestController - Found account from header: 6
2025-12-02 21:10:48.916 [SpringApplicationShutdownHook] INFO  o.s.o.j.LocalContainerEntityManagerFactoryBean - Closing JPA EntityManagerFactory for persistence unit 'default'
2025-12-02 21:10:48.916 [SpringApplicationShutdownHook] INFO  com.zaxxer.hikari.HikariDataSource - HikariPool-1 - Shutdown initiated...
2025-12-02 21:10:48.916 [SpringApplicationShutdownHook] INFO  com.zaxxer.hikari.HikariDataSource - HikariPool-1 - Shutdown completed.
